Warning: Permanently added '10.0.0.2' (ECDSA) to the list of known hosts.
seegrid@10.0.0.2's password: fuzzyrobotcroaksdownhill

Subscribing to lift feedback...
SeegridLog <seegrid.logger.SeegridLog.SeegridLog object at 0x7f66b9982b00> initializing at level debug, localOnly = True, prefix = True.
[1767120048 294546 24453 Seegrid ERROR] Subscribe attempt failed: 
[1767120048 294624 24453 Seegrid ERROR] Reconnect appears to already be underway. (None, None, None)
[1767120048 294546 24453 Seegrid ERROR] Subscribe attempt failed: 
[1767120048 294624 24453 Seegrid ERROR] Reconnect appears to already be underway. (None, None, None)
[1767120048 298811 24453 Seegrid INFO ] Building protocol: <class 'seegrid.messaging.Amqp.AmqpProtocol'>
[1767120048 300714 24453 Seegrid INFO ] Connection made; beginning authentication.
[1767120048 304621 24453 Seegrid INFO ] connection ready
[1767120048 304722 24453 Seegrid INFO ] Authentication complete.
[1767120048 304759 24453 Seegrid DEBUG] Creating channel.
[1767120048 307087 24453 Seegrid DEBUG] Channel added successfully.
[1767120048 307195 24453 Seegrid DEBUG] channel opened
[1767120048 312154 24453 Seegrid INFO ] Starting to consume from reply queue amq.gen-fs8z7UbRISdPJe0hKexvnA.
[1767120048 312906 24453 Seegrid DEBUG] The channel is open, and the reply queue is established.
[1767120048 312979 24453 Seegrid DEBUG] The current connection ID of established connection is 765037fc-51e1-4e4d-8fd9-5fe2451f6221
[1767120048 313125 24453 Seegrid DEBUG] Running delayed ops: [<seegrid.messaging.Amqp.DelayedOp object at 0x7f66b99161d0>]
[1767120048 313273 24453 Seegrid INFO ] Subscribing callback <bound method AxisPublisher._printData of <__main__.AxisPublisher object at 0x7f66b9982be0>> to seegrid/vsmExchange->servo_axis.feedback.lift.
[1767120048 313300 24453 Seegrid INFO ] Declaring queue servo.AxisFeedbackMsgQueue_83d6cfed-9fe7-42ec-82ed-f9e3abccc9ae_servo_axis.feedback.lift_0000000000000000.
[1767120048 316964 24453 Seegrid INFO ] Declaring exchange seegrid/vsmExchange.
[1767120048 318700 24453 Seegrid INFO ] Binding servo.AxisFeedbackMsgQueue_83d6cfed-9fe7-42ec-82ed-f9e3abccc9ae_servo_axis.feedback.lift_0000000000000000 queue to seegrid/vsmExchange exchange with routing key servo_axis.feedback.lift.
[1767120048 322188 24453 Seegrid DEBUG] Subscribed using tag servo.AxisFeedbackMsgQueue_83d6cfed-9fe7-42ec-82ed-f9e3abccc9ae_servo_axis.feedback.lift_0000000000000000.
[1767120048 322261 24453 Seegrid DEBUG] Delayed call of <bound method AmqpFactory._subscribe of <seegrid.messaging.Amqp.AmqpFactory object at 0x7f66b9982a58>> succeeded with value None - firing callback!
Subscription successful!
[1767120048 322448 24453 Seegrid DEBUG] Skipping the cached subscription for [()_<bound method AxisPublisher._printData of <__main__.AxisPublisher object at 0x7f66b9982be0>>_<class 'seegrid.messaging.msgs.ServoAxisMsgs_pb2.AxisFeedbackMsg'>_Exchange_False_False_None_None_None_None_application/x-protobuf_seegrid/vsmExchange_servo_axis.feedback.lift_{}] as its connection ID 765037fc-51e1-4e4d-8fd9-5fe2451f6221 matches with the current connection ID 765037fc-51e1-4e4d-8fd9-5fe2451f6221.
[1767120048 322539 24453 Seegrid DEBUG] Connection status changed to True.
[1767120048 340408 24453 Seegrid DEBUG] CALLBACK: <bound method AxisPublisher._printData of <__main__.AxisPublisher object at 0x7f66b9982be0>>
lift: 1957.81104
[1767120048 360673 24453 Seegrid DEBUG] CALLBACK: <bound method AxisPublisher._printData of <__main__.AxisPublisher object at 0x7f66b9982be0>>
lift: 1957.81083
[1767120048 380313 24453 Seegrid DEBUG] CALLBACK: <bound method AxisPublisher._printData of <__main__.AxisPublisher object at 0x7f66b9982be0>>
lift: 1957.81067
[1767120048 400400 24453 Seegrid DEBUG] CALLBACK: <bound method AxisPublisher._printData of <__main__.AxisPublisher object at 0x7f66b9982be0>>
lift: 1957.81117
[1767120048 420924 24453 Seegrid DEBUG] CALLBACK: <bound method AxisPublisher._printData of <__main__.AxisPublisher object at 0x7f66b9982be0>>
lift: 1957.81102
[1767120048 440739 24453 Seegrid DEBUG] CALLBACK: <bound method AxisPublisher._printData of <__main__.AxisPublisher object at 0x7f66b9982be0>>
lift: 1957.81106
[1767120048 462316 24453 Seegrid DEBUG] CALLBACK: <bound method AxisPublisher._printData of <__main__.AxisPublisher object at 0x7f66b9982be0>>
lift: 1957.77260
[1767120048 482271 24453 Seegrid DEBUG] CALLBACK: <bound method AxisPublisher._printData of <__main__.AxisPublisher object at 0x7f66b9982be0>>
lift: 1957.84625
[1767120048 502195 24453 Seegrid DEBUG] CALLBACK: <bound method AxisPublisher._printData of <__main__.AxisPublisher object at 0x7f66b9982be0>>
lift: 1957.81130
[1767120048 522621 24453 Seegrid DEBUG] CALLBACK: <bound method AxisPublisher._printData of <__main__.AxisPublisher object at 0x7f66b9982be0>>
lift: 1957.81129
[1767120048 542848 24453 Seegrid DEBUG] CALLBACK: <bound method AxisPublisher._printData of <__main__.AxisPublisher object at 0x7f66b9982be0>>
lift: 1957.81130
[1767120048 565661 24453 Seegrid DEBUG] CALLBACK: <bound method AxisPublisher._printData of <__main__.AxisPublisher object at 0x7f66b9982be0>>
lift: 1957.84636
[1767120048 582217 24453 Seegrid DEBUG] CALLBACK: <bound method AxisPublisher._printData of <__main__.AxisPublisher object at 0x7f66b9982be0>>
lift: 1957.81114
[1767120048 602842 24453 Seegrid DEBUG] CALLBACK: <bound method AxisPublisher._printData of <__main__.AxisPublisher object at 0x7f66b9982be0>>
lift: 1957.81104
[1767120048 622549 24453 Seegrid DEBUG] CALLBACK: <bound method AxisPublisher._printData of <__main__.AxisPublisher object at 0x7f66b9982be0>>
lift: 1957.81128
[1767120048 643029 24453 Seegrid DEBUG] CALLBACK: <bound method AxisPublisher._printData of <__main__.AxisPublisher object at 0x7f66b9982be0>>
lift: 1957.81121
[1767120048 663339 24453 Seegrid DEBUG] CALLBACK: <bound method AxisPublisher._printData of <__main__.AxisPublisher object at 0x7f66b9982be0>>
lift: 1957.84738
[1767120048 682804 24453 Seegrid DEBUG] CALLBACK: <bound method AxisPublisher._printData of <__main__.AxisPublisher object at 0x7f66b9982be0>>
lift: 1957.81077
[1767120048 702702 24453 Seegrid DEBUG] CALLBACK: <bound method AxisPublisher._printData of <__main__.AxisPublisher object at 0x7f66b9982be0>>
lift: 1957.81122
[1767120048 724437 24453 Seegrid DEBUG] CALLBACK: <bound method AxisPublisher._printData of <__main__.AxisPublisher object at 0x7f66b9982be0>>
lift: 1957.84619
[1767120048 744043 24453 Seegrid DEBUG] CALLBACK: <bound method AxisPublisher._printData of <__main__.AxisPublisher object at 0x7f66b9982be0>>
lift: 1957.84698
[1767120048 765679 24453 Seegrid DEBUG] CALLBACK: <bound method AxisPublisher._printData of <__main__.AxisPublisher object at 0x7f66b9982be0>>
lift: 1957.80994
[1767120048 783579 24453 Seegrid DEBUG] CALLBACK: <bound method AxisPublisher._printData of <__main__.AxisPublisher object at 0x7f66b9982be0>>
lift: 1957.81116
[1767120048 803514 24453 Seegrid DEBUG] CALLBACK: <bound method AxisPublisher._printData of <__main__.AxisPublisher object at 0x7f66b9982be0>>
lift: 1957.81080
[1767120048 829448 24453 Seegrid DEBUG] CALLBACK: <bound method AxisPublisher._printData of <__main__.AxisPublisher object at 0x7f66b9982be0>>
lift: 1957.81061
[1767120048 843827 24453 Seegrid DEBUG] CALLBACK: <bound method AxisPublisher._printData of <__main__.AxisPublisher object at 0x7f66b9982be0>>
lift: 1957.81018
[1767120048 864369 24453 Seegrid DEBUG] CALLBACK: <bound method AxisPublisher._printData of <__main__.AxisPublisher object at 0x7f66b9982be0>>
lift: 1957.81115
[1767120048 886620 24453 Seegrid DEBUG] CALLBACK: <bound method AxisPublisher._printData of <__main__.AxisPublisher object at 0x7f66b9982be0>>
lift: 1957.81086
[1767120048 907677 24453 Seegrid DEBUG] CALLBACK: <bound method AxisPublisher._printData of <__main__.AxisPublisher object at 0x7f66b9982be0>>
lift: 1957.77394
[1767120048 924939 24453 Seegrid DEBUG] CALLBACK: <bound method AxisPublisher._printData of <__main__.AxisPublisher object at 0x7f66b9982be0>>
lift: 1957.81072
[1767120048 944573 24453 Seegrid DEBUG] CALLBACK: <bound method AxisPublisher._printData of <__main__.AxisPublisher object at 0x7f66b9982be0>>
lift: 1957.81125
[1767120048 965604 24453 Seegrid DEBUG] CALLBACK: <bound method AxisPublisher._printData of <__main__.AxisPublisher object at 0x7f66b9982be0>>
lift: 1957.81118
[1767120048 984293 24453 Seegrid DEBUG] CALLBACK: <bound method AxisPublisher._printData of <__main__.AxisPublisher object at 0x7f66b9982be0>>
lift: 1957.81151
[1767120049 005360 24453 Seegrid DEBUG] CALLBACK: <bound method AxisPublisher._printData of <__main__.AxisPublisher object at 0x7f66b9982be0>>
lift: 1957.81159
[1767120049 025202 24453 Seegrid DEBUG] CALLBACK: <bound method AxisPublisher._printData of <__main__.AxisPublisher object at 0x7f66b9982be0>>
lift: 1957.84594
[1767120049 044571 24453 Seegrid DEBUG] CALLBACK: <bound method AxisPublisher._printData of <__main__.AxisPublisher object at 0x7f66b9982be0>>
lift: 1957.81130
[1767120049 065545 24453 Seegrid DEBUG] CALLBACK: <bound method AxisPublisher._printData of <__main__.AxisPublisher object at 0x7f66b9982be0>>
lift: 1957.81130
[1767120049 085417 24453 Seegrid DEBUG] CALLBACK: <bound method AxisPublisher._printData of <__main__.AxisPublisher object at 0x7f66b9982be0>>
lift: 1957.81130
[1767120049 105291 24453 Seegrid DEBUG] CALLBACK: <bound method AxisPublisher._printData of <__main__.AxisPublisher object at 0x7f66b9982be0>>
lift: 1957.81124
[1767120049 125306 24453 Seegrid DEBUG] CALLBACK: <bound method AxisPublisher._printData of <__main__.AxisPublisher object at 0x7f66b9982be0>>
lift: 1957.81117
[1767120049 145002 24453 Seegrid DEBUG] CALLBACK: <bound method AxisPublisher._printData of <__main__.AxisPublisher object at 0x7f66b9982be0>>
lift: 1957.81084
[1767120049 167731 24453 Seegrid DEBUG] CALLBACK: <bound method AxisPublisher._printData of <__main__.AxisPublisher object at 0x7f66b9982be0>>
lift: 1957.81067
[1767120049 185305 24453 Seegrid DEBUG] CALLBACK: <bound method AxisPublisher._printData of <__main__.AxisPublisher object at 0x7f66b9982be0>>
lift: 1957.81117
[1767120049 208875 24453 Seegrid DEBUG] CALLBACK: <bound method AxisPublisher._printData of <__main__.AxisPublisher object at 0x7f66b9982be0>>
lift: 1957.81103
[1767120049 226454 24453 Seegrid DEBUG] CALLBACK: <bound method AxisPublisher._printData of <__main__.AxisPublisher object at 0x7f66b9982be0>>
lift: 1957.81082
[1767120049 245865 24453 Seegrid DEBUG] CALLBACK: <bound method AxisPublisher._printData of <__main__.AxisPublisher object at 0x7f66b9982be0>>
lift: 1957.81129
[1767120049 267153 24453 Seegrid DEBUG] CALLBACK: <bound method AxisPublisher._printData of <__main__.AxisPublisher object at 0x7f66b9982be0>>
lift: 1957.81115
[1767120049 286450 24453 Seegrid DEBUG] CALLBACK: <bound method AxisPublisher._printData of <__main__.AxisPublisher object at 0x7f66b9982be0>>
lift: 1957.81115
[1767120049 305927 24453 Seegrid DEBUG] CALLBACK: <bound method AxisPublisher._printData of <__main__.AxisPublisher object at 0x7f66b9982be0>>
lift: 1957.81105
[1767120049 326642 24453 Seegrid DEBUG] CALLBACK: <bound method AxisPublisher._printData of <__main__.AxisPublisher object at 0x7f66b9982be0>>
lift: 1957.77730
[1767120049 346684 24453 Seegrid DEBUG] CALLBACK: <bound method AxisPublisher._printData of <__main__.AxisPublisher object at 0x7f66b9982be0>>
lift: 1957.81138
[1767120049 367039 24453 Seegrid DEBUG] CALLBACK: <bound method AxisPublisher._printData of <__main__.AxisPublisher object at 0x7f66b9982be0>>
lift: 1957.81145
[1767120049 386046 24453 Seegrid DEBUG] CALLBACK: <bound method AxisPublisher._printData of <__main__.AxisPublisher object at 0x7f66b9982be0>>
lift: 1957.84903
[1767120049 406452 24453 Seegrid DEBUG] CALLBACK: <bound method AxisPublisher._printData of <__main__.AxisPublisher object at 0x7f66b9982be0>>
lift: 1957.81130
[1767120049 426323 24453 Seegrid DEBUG] CALLBACK: <bound method AxisPublisher._printData of <__main__.AxisPublisher object at 0x7f66b9982be0>>
lift: 1957.81130
[1767120049 446332 24453 Seegrid DEBUG] CALLBACK: <bound method AxisPublisher._printData of <__main__.AxisPublisher object at 0x7f66b9982be0>>
lift: 1957.84756
[1767120049 468975 24453 Seegrid DEBUG] CALLBACK: <bound method AxisPublisher._printData of <__main__.AxisPublisher object at 0x7f66b9982be0>>
lift: 1957.81103
[1767120049 486813 24453 Seegrid DEBUG] CALLBACK: <bound method AxisPublisher._printData of <__main__.AxisPublisher object at 0x7f66b9982be0>>
lift: 1957.81127
[1767120049 506963 24453 Seegrid DEBUG] CALLBACK: <bound method AxisPublisher._printData of <__main__.AxisPublisher object at 0x7f66b9982be0>>
lift: 1957.84649
[1767120049 527959 24453 Seegrid DEBUG] CALLBACK: <bound method AxisPublisher._printData of <__main__.AxisPublisher object at 0x7f66b9982be0>>
lift: 1957.81096
[1767120049 547025 24453 Seegrid DEBUG] CALLBACK: <bound method AxisPublisher._printData of <__main__.AxisPublisher object at 0x7f66b9982be0>>
lift: 1957.81075
[1767120049 567182 24453 Seegrid DEBUG] CALLBACK: <bound method AxisPublisher._printData of <__main__.AxisPublisher object at 0x7f66b9982be0>>
lift: 1957.81124
[1767120049 587787 24453 Seegrid DEBUG] CALLBACK: <bound method AxisPublisher._printData of <__main__.AxisPublisher object at 0x7f66b9982be0>>
lift: 1957.81098
[1767120049 607419 24453 Seegrid DEBUG] CALLBACK: <bound method AxisPublisher._printData of <__main__.AxisPublisher object at 0x7f66b9982be0>>
lift: 1957.81077
[1767120049 627294 24453 Seegrid DEBUG] CALLBACK: <bound method AxisPublisher._printData of <__main__.AxisPublisher object at 0x7f66b9982be0>>
lift: 1957.84855
[1767120049 647328 24453 Seegrid DEBUG] CALLBACK: <bound method AxisPublisher._printData of <__main__.AxisPublisher object at 0x7f66b9982be0>>
lift: 1957.81119
[1767120049 668315 24453 Seegrid DEBUG] CALLBACK: <bound method AxisPublisher._printData of <__main__.AxisPublisher object at 0x7f66b9982be0>>
lift: 1957.84646
[1767120049 687755 24453 Seegrid DEBUG] CALLBACK: <bound method AxisPublisher._printData of <__main__.AxisPublisher object at 0x7f66b9982be0>>
lift: 1957.81068
[1767120049 708703 24453 Seegrid DEBUG] CALLBACK: <bound method AxisPublisher._printData of <__main__.AxisPublisher object at 0x7f66b9982be0>>
lift: 1957.81043
[1767120049 727836 24453 Seegrid DEBUG] CALLBACK: <bound method AxisPublisher._printData of <__main__.AxisPublisher object at 0x7f66b9982be0>>
lift: 1957.81113
[1767120049 748877 24453 Seegrid DEBUG] CALLBACK: <bound method AxisPublisher._printData of <__main__.AxisPublisher object at 0x7f66b9982be0>>
lift: 1957.81084
[1767120049 769031 24453 Seegrid DEBUG] CALLBACK: <bound method AxisPublisher._printData of <__main__.AxisPublisher object at 0x7f66b9982be0>>
lift: 1957.81067
[1767120049 788610 24453 Seegrid DEBUG] CALLBACK: <bound method AxisPublisher._printData of <__main__.AxisPublisher object at 0x7f66b9982be0>>
Unhandled error in Deferred:

Traceback (most recent call last):
Failure: twisted.internet.error.ConnectionLost: Connection to the other side was lost in a non-clean fashion: Connection lost.

lift: 1957.81041
[1767120049 806097 24453 Seegrid WARN ] Error reported: b'AMQP_RECEIVE_FAILED's Failed to receive a servo_axis.feedback.lift message:
[Failure instance: Traceback (failure with no frames): <class 'twisted.internet.error.ConnectionLost'>: Connection to the other side was lost in a non-clean fashion: Connection lost.
]
[1767120049 808912 24453 Seegrid WARN ] AMQP connection was lost.
[1767120049 809016 24453 Seegrid DEBUG] Connection status changed to False.
[1767120049 806097 24453 Seegrid WARN ] Error reported: b'AMQP_RECEIVE_FAILED's Failed to receive a servo_axis.feedback.lift message:
[Failure instance: Traceback (failure with no frames): <class 'twisted.internet.error.ConnectionLost'>: Connection to the other side was lost in a non-clean fashion: Connection lost.
]
[1767120049 808912 24453 Seegrid WARN ] AMQP connection was lost.
END
