Warning: Permanently added '10.0.0.2' (ECDSA) to the list of known hosts.
seegrid@10.0.0.2's password: fuzzyrobotcroaksdownhill

Subscribing to lift feedback...
SeegridLog <seegrid.logger.SeegridLog.SeegridLog object at 0x7fe86332cb00> initializing at level debug, localOnly = True, prefix = True.
[1767120139 168334 25155 Seegrid ERROR] Subscribe attempt failed: 
[1767120139 168390 25155 Seegrid ERROR] Reconnect appears to already be underway. (None, None, None)
[1767120139 168334 25155 Seegrid ERROR] Subscribe attempt failed: 
[1767120139 168390 25155 Seegrid ERROR] Reconnect appears to already be underway. (None, None, None)
[1767120139 171933 25155 Seegrid INFO ] Building protocol: <class 'seegrid.messaging.Amqp.AmqpProtocol'>
[1767120139 173730 25155 Seegrid INFO ] Connection made; beginning authentication.
[1767120139 176663 25155 Seegrid INFO ] connection ready
[1767120139 176753 25155 Seegrid INFO ] Authentication complete.
[1767120139 176779 25155 Seegrid DEBUG] Creating channel.
[1767120139 178284 25155 Seegrid DEBUG] Channel added successfully.
[1767120139 178330 25155 Seegrid DEBUG] channel opened
[1767120139 186070 25155 Seegrid INFO ] Starting to consume from reply queue amq.gen-onKNXCmjlGwo3Dy8eD2rkA.
[1767120139 187113 25155 Seegrid DEBUG] The channel is open, and the reply queue is established.
[1767120139 187200 25155 Seegrid DEBUG] The current connection ID of established connection is 9a3f613c-e2f1-49bf-a48a-68dc9f41d193
[1767120139 187287 25155 Seegrid DEBUG] Running delayed ops: [<seegrid.messaging.Amqp.DelayedOp object at 0x7fe8632c01d0>]
[1767120139 187457 25155 Seegrid INFO ] Subscribing callback <bound method AxisPublisher._printData of <__main__.AxisPublisher object at 0x7fe86332cbe0>> to seegrid/vsmExchange->servo_axis.feedback.lift.
[1767120139 187498 25155 Seegrid INFO ] Declaring queue servo.AxisFeedbackMsgQueue_eec869e9-d744-4a27-b1e6-a51e2ccc000a_servo_axis.feedback.lift_0000000000000000.
[1767120139 191920 25155 Seegrid INFO ] Declaring exchange seegrid/vsmExchange.
[1767120139 192740 25155 Seegrid INFO ] Binding servo.AxisFeedbackMsgQueue_eec869e9-d744-4a27-b1e6-a51e2ccc000a_servo_axis.feedback.lift_0000000000000000 queue to seegrid/vsmExchange exchange with routing key servo_axis.feedback.lift.
[1767120139 195068 25155 Seegrid DEBUG] Subscribed using tag servo.AxisFeedbackMsgQueue_eec869e9-d744-4a27-b1e6-a51e2ccc000a_servo_axis.feedback.lift_0000000000000000.
[1767120139 195158 25155 Seegrid DEBUG] Delayed call of <bound method AmqpFactory._subscribe of <seegrid.messaging.Amqp.AmqpFactory object at 0x7fe86332ca58>> succeeded with value None - firing callback!
Subscription successful!
[1767120139 195252 25155 Seegrid DEBUG] Skipping the cached subscription for [()_<bound method AxisPublisher._printData of <__main__.AxisPublisher object at 0x7fe86332cbe0>>_<class 'seegrid.messaging.msgs.ServoAxisMsgs_pb2.AxisFeedbackMsg'>_Exchange_False_False_None_None_None_None_application/x-protobuf_seegrid/vsmExchange_servo_axis.feedback.lift_{}] as its connection ID 9a3f613c-e2f1-49bf-a48a-68dc9f41d193 matches with the current connection ID 9a3f613c-e2f1-49bf-a48a-68dc9f41d193.
[1767120139 195304 25155 Seegrid DEBUG] Connection status changed to True.
[1767120139 201502 25155 Seegrid DEBUG] CALLBACK: <bound method AxisPublisher._printData of <__main__.AxisPublisher object at 0x7fe86332cbe0>>
lift: 534.61869
[1767120139 223533 25155 Seegrid DEBUG] CALLBACK: <bound method AxisPublisher._printData of <__main__.AxisPublisher object at 0x7fe86332cbe0>>
lift: 533.81192
[1767120139 244238 25155 Seegrid DEBUG] CALLBACK: <bound method AxisPublisher._printData of <__main__.AxisPublisher object at 0x7fe86332cbe0>>
lift: 532.87466
[1767120139 263620 25155 Seegrid DEBUG] CALLBACK: <bound method AxisPublisher._printData of <__main__.AxisPublisher object at 0x7fe86332cbe0>>
lift: 532.02246
[1767120139 283760 25155 Seegrid DEBUG] CALLBACK: <bound method AxisPublisher._printData of <__main__.AxisPublisher object at 0x7fe86332cbe0>>
lift: 531.14976
[1767120139 304306 25155 Seegrid DEBUG] CALLBACK: <bound method AxisPublisher._printData of <__main__.AxisPublisher object at 0x7fe86332cbe0>>
lift: 530.25573
[1767120139 325483 25155 Seegrid DEBUG] CALLBACK: <bound method AxisPublisher._printData of <__main__.AxisPublisher object at 0x7fe86332cbe0>>
lift: 529.36198
[1767120139 343966 25155 Seegrid DEBUG] CALLBACK: <bound method AxisPublisher._printData of <__main__.AxisPublisher object at 0x7fe86332cbe0>>
lift: 528.52446
[1767120139 364255 25155 Seegrid DEBUG] CALLBACK: <bound method AxisPublisher._printData of <__main__.AxisPublisher object at 0x7fe86332cbe0>>
lift: 527.67318
[1767120139 386984 25155 Seegrid DEBUG] CALLBACK: <bound method AxisPublisher._printData of <__main__.AxisPublisher object at 0x7fe86332cbe0>>
lift: 526.74589
[1767120139 405118 25155 Seegrid DEBUG] CALLBACK: <bound method AxisPublisher._printData of <__main__.AxisPublisher object at 0x7fe86332cbe0>>
lift: 526.00446
[1767120139 424203 25155 Seegrid DEBUG] CALLBACK: <bound method AxisPublisher._printData of <__main__.AxisPublisher object at 0x7fe86332cbe0>>
lift: 525.08994
[1767120139 445108 25155 Seegrid DEBUG] CALLBACK: <bound method AxisPublisher._printData of <__main__.AxisPublisher object at 0x7fe86332cbe0>>
lift: 524.20131
[1767120139 464032 25155 Seegrid DEBUG] CALLBACK: <bound method AxisPublisher._printData of <__main__.AxisPublisher object at 0x7fe86332cbe0>>
lift: 523.27272
[1767120139 483999 25155 Seegrid DEBUG] CALLBACK: <bound method AxisPublisher._printData of <__main__.AxisPublisher object at 0x7fe86332cbe0>>
lift: 522.41971
[1767120139 506000 25155 Seegrid DEBUG] CALLBACK: <bound method AxisPublisher._printData of <__main__.AxisPublisher object at 0x7fe86332cbe0>>
lift: 521.57969
[1767120139 524431 25155 Seegrid DEBUG] CALLBACK: <bound method AxisPublisher._printData of <__main__.AxisPublisher object at 0x7fe86332cbe0>>
lift: 520.69345
[1767120139 544983 25155 Seegrid DEBUG] CALLBACK: <bound method AxisPublisher._printData of <__main__.AxisPublisher object at 0x7fe86332cbe0>>
lift: 519.83755
[1767120139 564756 25155 Seegrid DEBUG] CALLBACK: <bound method AxisPublisher._printData of <__main__.AxisPublisher object at 0x7fe86332cbe0>>
lift: 518.90713
[1767120139 585104 25155 Seegrid DEBUG] CALLBACK: <bound method AxisPublisher._printData of <__main__.AxisPublisher object at 0x7fe86332cbe0>>
lift: 518.07630
[1767120139 607790 25155 Seegrid DEBUG] CALLBACK: <bound method AxisPublisher._printData of <__main__.AxisPublisher object at 0x7fe86332cbe0>>
lift: 517.32740
[1767120139 624696 25155 Seegrid DEBUG] CALLBACK: <bound method AxisPublisher._printData of <__main__.AxisPublisher object at 0x7fe86332cbe0>>
lift: 516.62274
[1767120139 645187 25155 Seegrid DEBUG] CALLBACK: <bound method AxisPublisher._printData of <__main__.AxisPublisher object at 0x7fe86332cbe0>>
lift: 516.34286
[1767120139 667216 25155 Seegrid DEBUG] CALLBACK: <bound method AxisPublisher._printData of <__main__.AxisPublisher object at 0x7fe86332cbe0>>
lift: 517.17975
[1767120139 685494 25155 Seegrid DEBUG] CALLBACK: <bound method AxisPublisher._printData of <__main__.AxisPublisher object at 0x7fe86332cbe0>>
lift: 517.49513
[1767120139 705978 25155 Seegrid DEBUG] CALLBACK: <bound method AxisPublisher._printData of <__main__.AxisPublisher object at 0x7fe86332cbe0>>
lift: 517.67799
[1767120139 725725 25155 Seegrid DEBUG] CALLBACK: <bound method AxisPublisher._printData of <__main__.AxisPublisher object at 0x7fe86332cbe0>>
lift: 517.65573
[1767120139 745279 25155 Seegrid DEBUG] CALLBACK: <bound method AxisPublisher._printData of <__main__.AxisPublisher object at 0x7fe86332cbe0>>
lift: 517.27819
[1767120139 766377 25155 Seegrid DEBUG] CALLBACK: <bound method AxisPublisher._printData of <__main__.AxisPublisher object at 0x7fe86332cbe0>>
lift: 517.08046
[1767120139 786551 25155 Seegrid DEBUG] CALLBACK: <bound method AxisPublisher._printData of <__main__.AxisPublisher object at 0x7fe86332cbe0>>
lift: 517.08170
[1767120139 806125 25155 Seegrid DEBUG] CALLBACK: <bound method AxisPublisher._printData of <__main__.AxisPublisher object at 0x7fe86332cbe0>>
lift: 517.23629
[1767120139 825513 25155 Seegrid DEBUG] CALLBACK: <bound method AxisPublisher._printData of <__main__.AxisPublisher object at 0x7fe86332cbe0>>
lift: 517.60712
[1767120139 845925 25155 Seegrid DEBUG] CALLBACK: <bound method AxisPublisher._printData of <__main__.AxisPublisher object at 0x7fe86332cbe0>>
lift: 517.58057
[1767120139 867650 25155 Seegrid DEBUG] CALLBACK: <bound method AxisPublisher._printData of <__main__.AxisPublisher object at 0x7fe86332cbe0>>
lift: 517.51295
[1767120139 886337 25155 Seegrid DEBUG] CALLBACK: <bound method AxisPublisher._printData of <__main__.AxisPublisher object at 0x7fe86332cbe0>>
lift: 517.35952
[1767120139 905773 25155 Seegrid DEBUG] CALLBACK: <bound method AxisPublisher._printData of <__main__.AxisPublisher object at 0x7fe86332cbe0>>
lift: 517.32935
[1767120139 924792 25155 Seegrid DEBUG] CALLBACK: <bound method AxisPublisher._printData of <__main__.AxisPublisher object at 0x7fe86332cbe0>>
lift: 517.36133
[1767120139 944622 25155 Seegrid DEBUG] CALLBACK: <bound method AxisPublisher._printData of <__main__.AxisPublisher object at 0x7fe86332cbe0>>
lift: 517.36251
[1767120139 965298 25155 Seegrid DEBUG] CALLBACK: <bound method AxisPublisher._printData of <__main__.AxisPublisher object at 0x7fe86332cbe0>>
lift: 517.47972
[1767120139 988478 25155 Seegrid DEBUG] CALLBACK: <bound method AxisPublisher._printData of <__main__.AxisPublisher object at 0x7fe86332cbe0>>
lift: 517.40020
[1767120140 005115 25155 Seegrid DEBUG] CALLBACK: <bound method AxisPublisher._printData of <__main__.AxisPublisher object at 0x7fe86332cbe0>>
lift: 517.32900
[1767120140 026957 25155 Seegrid DEBUG] CALLBACK: <bound method AxisPublisher._printData of <__main__.AxisPublisher object at 0x7fe86332cbe0>>
lift: 517.36140
[1767120140 045336 25155 Seegrid DEBUG] CALLBACK: <bound method AxisPublisher._printData of <__main__.AxisPublisher object at 0x7fe86332cbe0>>
lift: 517.35905
[1767120140 065724 25155 Seegrid DEBUG] CALLBACK: <bound method AxisPublisher._printData of <__main__.AxisPublisher object at 0x7fe86332cbe0>>
lift: 517.39903
[1767120140 085589 25155 Seegrid DEBUG] CALLBACK: <bound method AxisPublisher._printData of <__main__.AxisPublisher object at 0x7fe86332cbe0>>
lift: 517.39957
[1767120140 106976 25155 Seegrid DEBUG] CALLBACK: <bound method AxisPublisher._printData of <__main__.AxisPublisher object at 0x7fe86332cbe0>>
lift: 517.40173
[1767120140 126011 25155 Seegrid DEBUG] CALLBACK: <bound method AxisPublisher._printData of <__main__.AxisPublisher object at 0x7fe86332cbe0>>
lift: 517.36381
[1767120140 146969 25155 Seegrid DEBUG] CALLBACK: <bound method AxisPublisher._printData of <__main__.AxisPublisher object at 0x7fe86332cbe0>>
lift: 517.36482
[1767120140 165909 25155 Seegrid DEBUG] CALLBACK: <bound method AxisPublisher._printData of <__main__.AxisPublisher object at 0x7fe86332cbe0>>
lift: 517.40017
[1767120140 185964 25155 Seegrid DEBUG] CALLBACK: <bound method AxisPublisher._printData of <__main__.AxisPublisher object at 0x7fe86332cbe0>>
lift: 517.36292
[1767120140 206032 25155 Seegrid DEBUG] CALLBACK: <bound method AxisPublisher._printData of <__main__.AxisPublisher object at 0x7fe86332cbe0>>
lift: 517.39937
[1767120140 225842 25155 Seegrid DEBUG] CALLBACK: <bound method AxisPublisher._printData of <__main__.AxisPublisher object at 0x7fe86332cbe0>>
lift: 517.36502
[1767120140 246053 25155 Seegrid DEBUG] CALLBACK: <bound method AxisPublisher._printData of <__main__.AxisPublisher object at 0x7fe86332cbe0>>
lift: 517.36481
[1767120140 266434 25155 Seegrid DEBUG] CALLBACK: <bound method AxisPublisher._printData of <__main__.AxisPublisher object at 0x7fe86332cbe0>>
lift: 517.36414
[1767120140 285901 25155 Seegrid DEBUG] CALLBACK: <bound method AxisPublisher._printData of <__main__.AxisPublisher object at 0x7fe86332cbe0>>
lift: 517.39946
[1767120140 306599 25155 Seegrid DEBUG] CALLBACK: <bound method AxisPublisher._printData of <__main__.AxisPublisher object at 0x7fe86332cbe0>>
lift: 517.36489
[1767120140 326317 25155 Seegrid DEBUG] CALLBACK: <bound method AxisPublisher._printData of <__main__.AxisPublisher object at 0x7fe86332cbe0>>
lift: 517.36462
[1767120140 346844 25155 Seegrid DEBUG] CALLBACK: <bound method AxisPublisher._printData of <__main__.AxisPublisher object at 0x7fe86332cbe0>>
lift: 517.36462
[1767120140 367372 25155 Seegrid DEBUG] CALLBACK: <bound method AxisPublisher._printData of <__main__.AxisPublisher object at 0x7fe86332cbe0>>
lift: 517.36535
[1767120140 386805 25155 Seegrid DEBUG] CALLBACK: <bound method AxisPublisher._printData of <__main__.AxisPublisher object at 0x7fe86332cbe0>>
lift: 517.36513
[1767120140 408415 25155 Seegrid DEBUG] CALLBACK: <bound method AxisPublisher._printData of <__main__.AxisPublisher object at 0x7fe86332cbe0>>
lift: 517.36492
[1767120140 426718 25155 Seegrid DEBUG] CALLBACK: <bound method AxisPublisher._printData of <__main__.AxisPublisher object at 0x7fe86332cbe0>>
lift: 517.36487
[1767120140 446979 25155 Seegrid DEBUG] CALLBACK: <bound method AxisPublisher._printData of <__main__.AxisPublisher object at 0x7fe86332cbe0>>
lift: 517.36536
[1767120140 467715 25155 Seegrid DEBUG] CALLBACK: <bound method AxisPublisher._printData of <__main__.AxisPublisher object at 0x7fe86332cbe0>>
lift: 517.36532
[1767120140 486850 25155 Seegrid DEBUG] CALLBACK: <bound method AxisPublisher._printData of <__main__.AxisPublisher object at 0x7fe86332cbe0>>
lift: 517.36525
[1767120140 509052 25155 Seegrid DEBUG] CALLBACK: <bound method AxisPublisher._printData of <__main__.AxisPublisher object at 0x7fe86332cbe0>>
lift: 517.36514
[1767120140 527714 25155 Seegrid DEBUG] CALLBACK: <bound method AxisPublisher._printData of <__main__.AxisPublisher object at 0x7fe86332cbe0>>
lift: 517.36538
[1767120140 549646 25155 Seegrid DEBUG] CALLBACK: <bound method AxisPublisher._printData of <__main__.AxisPublisher object at 0x7fe86332cbe0>>
lift: 517.36542
[1767120140 570896 25155 Seegrid DEBUG] CALLBACK: <bound method AxisPublisher._printData of <__main__.AxisPublisher object at 0x7fe86332cbe0>>
lift: 517.36542
[1767120140 590033 25155 Seegrid DEBUG] CALLBACK: <bound method AxisPublisher._printData of <__main__.AxisPublisher object at 0x7fe86332cbe0>>
lift: 517.36542
[1767120140 611381 25155 Seegrid DEBUG] CALLBACK: <bound method AxisPublisher._printData of <__main__.AxisPublisher object at 0x7fe86332cbe0>>
lift: 517.36542
[1767120140 630298 25155 Seegrid DEBUG] CALLBACK: <bound method AxisPublisher._printData of <__main__.AxisPublisher object at 0x7fe86332cbe0>>
lift: 517.36542
[1767120140 649356 25155 Seegrid DEBUG] CALLBACK: <bound method AxisPublisher._printData of <__main__.AxisPublisher object at 0x7fe86332cbe0>>
lift: 517.36542
[1767120140 676741 25155 Seegrid WARN ] Error reported: b'AMQP_RECEIVE_FAILED's Failed to receive a servo_axis.feedback.lift message:
[Failure instance: Traceback (failure with no frames): <class 'twisted.internet.error.ConnectionLost'>: Connection to the other side was lost in a non-clean fashion: Connection lost.
]
Unhandled error in Deferred:

Traceback (most recent call last):
Failure: twisted.internet.error.ConnectionLost: Connection to the other side was lost in a non-clean fashion: Connection lost.

[1767120140 676741 25155 Seegrid WARN ] Error reported: b'AMQP_RECEIVE_FAILED's Failed to receive a servo_axis.feedback.lift message:
[Failure instance: Traceback (failure with no frames): <class 'twisted.internet.error.ConnectionLost'>: Connection to the other side was lost in a non-clean fashion: Connection lost.
]
[1767120140 678480 25155 Seegrid WARN ] AMQP connection was lost.
[1767120140 678480 25155 Seegrid WARN ] AMQP connection was lost.
[1767120140 678664 25155 Seegrid DEBUG] Connection status changed to False.
END
