Warning: Permanently added '10.0.0.2' (ECDSA) to the list of known hosts.
seegrid@10.0.0.2's password: fuzzyrobotcroaksdownhill

*************************************************
Starting log...
*************************************************
Software version number: 4.6.0.3359.gitd42372b
Vehicle name: 9332000109-cab-reach-1-200in
Vehicle ID: A1-003181
Machine ID: A1-003181
[1767120550 547764 1540 INFO] 1767120550.547708,-5.480000,0.068556,0.068556,0.000000,0.068556,-0.040000,0.000000,-0.040000,motion control,
[1767120550 660017 1540 INFO] 1767120550.659961,-5.480000,0.068556,0.068555,-0.000153,0.068555,-0.040000,0.000000,-0.039847,motion control,
[1767120550 772303 1540 INFO] 1767120550.772252,-5.480000,0.068556,0.068556,0.000000,0.068556,-0.040000,0.000000,-0.040000,motion control,
[1767120550 884560 1540 INFO] 1767120550.884507,-5.480000,0.068592,0.068596,0.000611,0.068556,-0.040000,-0.000041,-0.040611,motion control,
[1767120550 996836 1540 INFO] 1767120550.996770,-5.480000,0.068519,0.068516,-0.000460,0.068516,-0.040000,0.000000,-0.039540,motion control,
[1767120551 109315 1540 INFO] 1767120551.109252,-5.480000,0.068079,0.068027,-0.006871,0.068029,-0.040000,0.000001,-0.033129,motion control,
[1767120551 221481 1540 INFO] 1767120551.221432,-5.480000,0.066065,0.065898,-0.021231,0.065901,-0.040000,0.000003,-0.018769,motion control,
[1767120551 333695 1540 INFO] 1767120551.333644,-5.480000,0.063355,0.063144,-0.025961,0.063148,-0.040000,0.000004,-0.014039,motion control,
[1767120551 445889 1540 INFO] 1767120551.445839,-5.480000,0.060023,0.059769,-0.030367,0.059773,-0.040000,0.000004,-0.009633,motion control,
[1767120551 558113 1540 INFO] 1767120551.558047,-5.481700,0.056470,0.056207,-0.031516,0.056212,-0.040010,0.000005,-0.008494,motion control,
[1767120551 670781 1540 INFO] 1767120551.670724,-5.481700,0.052589,0.052258,-0.035130,0.052264,-0.040010,0.000005,-0.004880,motion control,
[1767120551 782966 1540 INFO] 1767120551.782915,-5.481700,0.048560,0.048211,-0.036191,0.048216,-0.040010,0.000005,-0.003819,motion control,
[1767120551 895186 1540 INFO] 1767120551.895134,-5.481700,0.044459,0.044102,-0.035884,0.044108,-0.040010,0.000006,-0.004126,motion control,
[1767120552   7374 1540 INFO] 1767120552.007325,-5.481700,0.040247,0.039857,-0.038315,0.039863,-0.040010,0.000006,-0.001695,motion control,
[1767120552 119661 1540 INFO] 1767120552.119607,-5.481700,0.036072,0.035675,-0.037860,0.035681,-0.040010,0.000006,-0.002150,motion control,
[1767120552 231960 1540 INFO] 1767120552.231908,-5.481700,0.031714,0.031294,-0.038615,0.031300,-0.040010,0.000006,-0.001395,motion control,
[1767120552 344358 1540 INFO] 1767120552.344308,-5.483224,0.027320,0.026869,-0.039694,0.026875,-0.040010,0.000006,-0.000316,motion control,
[1767120552 456680 1540 INFO] 1767120552.456635,-5.501472,0.022925,0.022454,-0.040016,0.022460,-0.040010,0.000006,0.000006,motion control,
[1767120552 569174 1540 INFO] 1767120552.569082,-5.486602,0.018384,0.017890,-0.040307,0.017898,-0.040000,0.000008,0.000307,motion control,
[1767120552 681429 1540 INFO] 1767120552.681366,-5.484034,0.013843,0.013319,-0.041524,0.013326,-0.040000,0.000007,0.001524,motion control,
[1767120552 793654 1540 INFO] 1767120552.793595,-5.476065,0.009412,0.008902,-0.039555,0.008908,-0.040000,0.000006,-0.000445,motion control,
[1767120552 905743 1540 INFO] 1767120552.905681,0.000000,0.004907,0.004402,-0.038762,0.004404,-0.038762,0.000002,0.000000,motion control,
[1767120553  17936 1540 INFO] 1767120553.017879,0.000000,0.002124,0.001906,-0.016461,0.001907,-0.016461,0.000001,0.000000,motion control,
[1767120553 130304 1540 INFO] 1767120553.130241,0.000000,0.001538,0.001481,-0.004124,0.001482,-0.004124,0.000001,0.000000,monitor,
[1767120553 242388 1540 INFO] 1767120553.242325,0.000000,0.001355,0.001334,-0.001526,0.001334,-0.001526,0.000000,0.000000,ready,
[1767120553 354569 1540 INFO] 1767120553.354499,0.000000,0.001282,0.001276,-0.000457,0.001276,-0.000457,0.000000,0.000000,ready,
[1767120553 466794 1540 INFO] 1767120553.466720,0.000000,0.001172,0.001165,-0.000463,0.001165,-0.000463,0.000000,0.000000,ready,
[1767120553 579119 1540 INFO] 1767120553.579006,0.000000,0.001135,0.001124,-0.000763,0.001124,-0.000763,0.000000,0.000000,ready,
[1767120553 691421 1540 INFO] 1767120553.691355,0.000000,0.001135,0.001131,-0.000306,0.001131,-0.000306,0.000000,0.000000,ready,
[1767120553 803752 1540 INFO] 1767120553.803677,0.000000,0.001135,0.001138,0.000152,0.001138,0.000152,-0.000000,0.000000,ready,
[1767120553 916114 1540 INFO] 1767120553.916022,0.000000,0.001099,0.001087,-0.000764,0.001087,-0.000764,0.000000,0.000000,ready,
[1767120554  28287 1540 INFO] 1767120554.028220,0.000000,0.001135,0.001135,0.000218,0.001135,0.000218,-0.000000,0.000000,ready,
[1767120554 140529 1540 INFO] 1767120554.140468,0.000000,0.001099,0.001099,-0.000111,0.001099,-0.000111,0.000000,0.000000,ready,
END
