Warning: Permanently added '10.0.0.2' (ECDSA) to the list of known hosts.
seegrid@10.0.0.2's password: fuzzyrobotcroaksdownhill

/home/seegrid/Logs/2025/12/30/13_42_52-idle/servo-axis-reach.csv
/home/seegrid/Logs/2025/12/30/13_34_22-hydraulic-control-tuner/servo-axis-reach.csv
/home/seegrid/Logs/2025/12/30/13_39_54-hydraulic-control-tuner/servo-axis-reach.csv
/home/seegrid/Logs/2025/12/30/13_41_22-hydraulic-control-tuner/servo-axis-reach.csv
/home/seegrid/Logs/2025/12/30/13_38_15-idle/servo-axis-reach.csv
/home/seegrid/Logs/2025/12/30/13_38_25-hydraulic-control-tuner/servo-axis-reach.csv
/home/seegrid/Logs/2025/12/30/13_34_28-idle/servo-axis-reach.csv
/home/seegrid/Logs/2025/12/30/13_37_58-hydraulic-control-tuner/servo-axis-reach.csv
/home/seegrid/Logs/2025/12/30/13_40_42-idle/servo-axis-reach.csv
/home/seegrid/Logs/2025/12/30/13_34_37-hydraulic-control-tuner/servo-axis-reach.csv
/home/seegrid/Logs/2025/12/30/13_44_25-idle/servo-axis-reach.csv
/home/seegrid/Logs/2025/12/30/13_40_59-hydraulic-control-tuner/servo-axis-reach.csv
/home/seegrid/Logs/2025/12/30/13_34_51-hydraulic-control-tuner/servo-axis-reach.csv
/home/seegrid/Logs/2025/12/30/13_38_11-hydraulic-control-tuner/servo-axis-reach.csv
/home/seegrid/Logs/2025/12/30/13_42_30-hydraulic-control-tuner/servo-axis-reach.csv
/home/seegrid/Logs/2025/12/30/13_45_10-idle/servo-axis-reach.csv
/home/seegrid/Logs/2025/12/30/13_44_21-hydraulic-control-tuner/servo-axis-reach.csv
/home/seegrid/Logs/2025/12/30/13_45_24-hydraulic-control-tuner/servo-axis-reach.csv
/home/seegrid/Logs/2025/12/30/13_35_06-idle/servo-axis-reach.csv
/home/seegrid/Logs/2025/12/30/13_44_42-hydraulic-control-tuner/servo-axis-reach.csv
/home/seegrid/Logs/2025/12/30/13_44_03-idle/servo-axis-reach.csv
/home/seegrid/Logs/2025/12/30/13_39_47-idle/servo-axis-reach.csv
/home/seegrid/Logs/2025/12/30/13_39_31-hydraulic-control-tuner/servo-axis-reach.csv
/home/seegrid/Logs/2025/12/30/13_38_02-idle/servo-axis-reach.csv
/home/seegrid/Logs/2025/12/30/13_34_42-idle/servo-axis-reach.csv
/home/seegrid/Logs/2025/12/30/13_41_56-hydraulic-control-tuner/servo-axis-reach.csv
/home/seegrid/Logs/2025/12/30/13_43_09-hydraulic-control-tuner/servo-axis-reach.csv
/home/seegrid/Logs/2025/12/30/13_17_50-startup/servo-axis-reach.csv
/home/seegrid/Logs/2025/12/30/13_40_28-hydraulic-control-tuner/servo-axis-reach.csv
/home/seegrid/Logs/2025/12/30/13_42_36-idle/servo-axis-reach.csv
/home/seegrid/Logs/2025/12/30/13_35_24-hydraulic-control-tuner/servo-axis-reach.csv
/home/seegrid/Logs/2025/12/30/13_18_47-idle/servo-axis-reach.csv
/home/seegrid/Logs/2025/12/30/13_45_36-idle/servo-axis-reach.csv
/home/seegrid/Logs/2025/12/30/13_42_48-hydraulic-control-tuner/servo-axis-reach.csv
/home/seegrid/Logs/2025/12/30/13_38_40-idle/servo-axis-reach.csv
/home/seegrid/Logs/2025/12/30/13_43_14-idle/servo-axis-reach.csv
/home/seegrid/Logs/2025/12/30/13_38_57-hydraulic-control-tuner/servo-axis-reach.csv
/home/seegrid/Logs/2025/12/30/13_43_59-hydraulic-control-tuner/servo-axis-reach.csv
/home/seegrid/Logs/2025/12/30/13_45_06-hydraulic-control-tuner/servo-axis-reach.csv
/home/seegrid/Logs/2025/12/30/13_43_31-hydraulic-control-tuner/servo-axis-reach.csv
END
