Warning: Permanently added '10.0.0.2' (ECDSA) to the list of known hosts.
seegrid@10.0.0.2's password: fuzzyrobotcroaksdownhill

Subscribing to lift feedback...
SeegridLog <seegrid.logger.SeegridLog.SeegridLog object at 0x7f9d959f6b00> initializing at level debug, localOnly = True, prefix = True.
[1767119960 074204 23736 Seegrid ERROR] Subscribe attempt failed: 
[1767119960 074266 23736 Seegrid ERROR] Reconnect appears to already be underway. (None, None, None)
[1767119960 074204 23736 Seegrid ERROR] Subscribe attempt failed: 
[1767119960 074266 23736 Seegrid ERROR] Reconnect appears to already be underway. (None, None, None)
[1767119960 078383 23736 Seegrid INFO ] Building protocol: <class 'seegrid.messaging.Amqp.AmqpProtocol'>
[1767119960 079734 23736 Seegrid INFO ] Connection made; beginning authentication.
[1767119960 082535 23736 Seegrid INFO ] connection ready
[1767119960 082615 23736 Seegrid INFO ] Authentication complete.
[1767119960 082651 23736 Seegrid DEBUG] Creating channel.
[1767119960 084037 23736 Seegrid DEBUG] Channel added successfully.
[1767119960 084103 23736 Seegrid DEBUG] channel opened
[1767119960 091011 23736 Seegrid INFO ] Starting to consume from reply queue amq.gen-q7BoLUa8aucFnNqNOluRNA.
[1767119960 092021 23736 Seegrid DEBUG] The channel is open, and the reply queue is established.
[1767119960 092086 23736 Seegrid DEBUG] The current connection ID of established connection is 0c95cc8b-eb70-4950-bc77-b4e9bc039e9c
[1767119960 092270 23736 Seegrid DEBUG] Running delayed ops: [<seegrid.messaging.Amqp.DelayedOp object at 0x7f9d9598a1d0>]
[1767119960 092464 23736 Seegrid INFO ] Subscribing callback <bound method AxisPublisher._printData of <__main__.AxisPublisher object at 0x7f9d959f6be0>> to seegrid/vsmExchange->servo_axis.feedback.lift.
[1767119960 092516 23736 Seegrid INFO ] Declaring queue servo.AxisFeedbackMsgQueue_16015ee9-bb2a-4519-9c3d-0e7d51c1fb00_servo_axis.feedback.lift_0000000000000000.
[1767119960 095703 23736 Seegrid INFO ] Declaring exchange seegrid/vsmExchange.
[1767119960 096314 23736 Seegrid INFO ] Binding servo.AxisFeedbackMsgQueue_16015ee9-bb2a-4519-9c3d-0e7d51c1fb00_servo_axis.feedback.lift_0000000000000000 queue to seegrid/vsmExchange exchange with routing key servo_axis.feedback.lift.
[1767119960 098641 23736 Seegrid DEBUG] Subscribed using tag servo.AxisFeedbackMsgQueue_16015ee9-bb2a-4519-9c3d-0e7d51c1fb00_servo_axis.feedback.lift_0000000000000000.
[1767119960 098713 23736 Seegrid DEBUG] Delayed call of <bound method AmqpFactory._subscribe of <seegrid.messaging.Amqp.AmqpFactory object at 0x7f9d959f6a58>> succeeded with value None - firing callback!
Subscription successful!
[1767119960 098888 23736 Seegrid DEBUG] Skipping the cached subscription for [()_<bound method AxisPublisher._printData of <__main__.AxisPublisher object at 0x7f9d959f6be0>>_<class 'seegrid.messaging.msgs.ServoAxisMsgs_pb2.AxisFeedbackMsg'>_Exchange_False_False_None_None_None_None_application/x-protobuf_seegrid/vsmExchange_servo_axis.feedback.lift_{}] as its connection ID 0c95cc8b-eb70-4950-bc77-b4e9bc039e9c matches with the current connection ID 0c95cc8b-eb70-4950-bc77-b4e9bc039e9c.
[1767119960 098994 23736 Seegrid DEBUG] Connection status changed to True.
[1767119960 109931 23736 Seegrid DEBUG] CALLBACK: <bound method AxisPublisher._printData of <__main__.AxisPublisher object at 0x7f9d959f6be0>>
lift: 516.62018
[1767119960 129528 23736 Seegrid DEBUG] CALLBACK: <bound method AxisPublisher._printData of <__main__.AxisPublisher object at 0x7f9d959f6be0>>
lift: 516.62018
[1767119960 152956 23736 Seegrid DEBUG] CALLBACK: <bound method AxisPublisher._printData of <__main__.AxisPublisher object at 0x7f9d959f6be0>>
lift: 516.62018
[1767119960 171842 23736 Seegrid DEBUG] CALLBACK: <bound method AxisPublisher._printData of <__main__.AxisPublisher object at 0x7f9d959f6be0>>
lift: 516.62018
[1767119960 195059 23736 Seegrid DEBUG] CALLBACK: <bound method AxisPublisher._printData of <__main__.AxisPublisher object at 0x7f9d959f6be0>>
lift: 516.62018
[1767119960 213493 23736 Seegrid DEBUG] CALLBACK: <bound method AxisPublisher._printData of <__main__.AxisPublisher object at 0x7f9d959f6be0>>
lift: 516.62018
[1767119960 234555 23736 Seegrid DEBUG] CALLBACK: <bound method AxisPublisher._printData of <__main__.AxisPublisher object at 0x7f9d959f6be0>>
lift: 516.62018
[1767119960 255967 23736 Seegrid DEBUG] CALLBACK: <bound method AxisPublisher._printData of <__main__.AxisPublisher object at 0x7f9d959f6be0>>
lift: 516.62018
[1767119960 275246 23736 Seegrid DEBUG] CALLBACK: <bound method AxisPublisher._printData of <__main__.AxisPublisher object at 0x7f9d959f6be0>>
lift: 516.62018
[1767119960 295443 23736 Seegrid DEBUG] CALLBACK: <bound method AxisPublisher._printData of <__main__.AxisPublisher object at 0x7f9d959f6be0>>
lift: 516.62018
[1767119960 315998 23736 Seegrid DEBUG] CALLBACK: <bound method AxisPublisher._printData of <__main__.AxisPublisher object at 0x7f9d959f6be0>>
lift: 516.62018
[1767119960 334877 23736 Seegrid DEBUG] CALLBACK: <bound method AxisPublisher._printData of <__main__.AxisPublisher object at 0x7f9d959f6be0>>
lift: 516.62018
[1767119960 354818 23736 Seegrid DEBUG] CALLBACK: <bound method AxisPublisher._printData of <__main__.AxisPublisher object at 0x7f9d959f6be0>>
lift: 516.62018
[1767119960 375891 23736 Seegrid DEBUG] CALLBACK: <bound method AxisPublisher._printData of <__main__.AxisPublisher object at 0x7f9d959f6be0>>
lift: 516.62018
[1767119960 395641 23736 Seegrid DEBUG] CALLBACK: <bound method AxisPublisher._printData of <__main__.AxisPublisher object at 0x7f9d959f6be0>>
lift: 516.62018
[1767119960 415342 23736 Seegrid DEBUG] CALLBACK: <bound method AxisPublisher._printData of <__main__.AxisPublisher object at 0x7f9d959f6be0>>
lift: 516.62018
[1767119960 435060 23736 Seegrid DEBUG] CALLBACK: <bound method AxisPublisher._printData of <__main__.AxisPublisher object at 0x7f9d959f6be0>>
lift: 516.62018
[1767119960 455072 23736 Seegrid DEBUG] CALLBACK: <bound method AxisPublisher._printData of <__main__.AxisPublisher object at 0x7f9d959f6be0>>
lift: 516.62018
[1767119960 479671 23736 Seegrid DEBUG] CALLBACK: <bound method AxisPublisher._printData of <__main__.AxisPublisher object at 0x7f9d959f6be0>>
lift: 516.62018
[1767119960 495778 23736 Seegrid DEBUG] CALLBACK: <bound method AxisPublisher._printData of <__main__.AxisPublisher object at 0x7f9d959f6be0>>
lift: 516.62018
[1767119960 518951 23736 Seegrid DEBUG] CALLBACK: <bound method AxisPublisher._printData of <__main__.AxisPublisher object at 0x7f9d959f6be0>>
lift: 516.62018
[1767119960 535064 23736 Seegrid DEBUG] CALLBACK: <bound method AxisPublisher._printData of <__main__.AxisPublisher object at 0x7f9d959f6be0>>
lift: 516.62018
[1767119960 556100 23736 Seegrid DEBUG] CALLBACK: <bound method AxisPublisher._printData of <__main__.AxisPublisher object at 0x7f9d959f6be0>>
lift: 516.62018
[1767119960 576305 23736 Seegrid DEBUG] CALLBACK: <bound method AxisPublisher._printData of <__main__.AxisPublisher object at 0x7f9d959f6be0>>
lift: 516.62018
[1767119960 598925 23736 Seegrid DEBUG] CALLBACK: <bound method AxisPublisher._printData of <__main__.AxisPublisher object at 0x7f9d959f6be0>>
lift: 516.62018
[1767119960 614912 23736 Seegrid DEBUG] CALLBACK: <bound method AxisPublisher._printData of <__main__.AxisPublisher object at 0x7f9d959f6be0>>
lift: 516.62018
[1767119960 635462 23736 Seegrid DEBUG] CALLBACK: <bound method AxisPublisher._printData of <__main__.AxisPublisher object at 0x7f9d959f6be0>>
lift: 516.62018
[1767119960 656453 23736 Seegrid DEBUG] CALLBACK: <bound method AxisPublisher._printData of <__main__.AxisPublisher object at 0x7f9d959f6be0>>
lift: 516.62018
[1767119960 675799 23736 Seegrid DEBUG] CALLBACK: <bound method AxisPublisher._printData of <__main__.AxisPublisher object at 0x7f9d959f6be0>>
lift: 516.62018
[1767119960 696947 23736 Seegrid DEBUG] CALLBACK: <bound method AxisPublisher._printData of <__main__.AxisPublisher object at 0x7f9d959f6be0>>
lift: 516.62018
[1767119960 715887 23736 Seegrid DEBUG] CALLBACK: <bound method AxisPublisher._printData of <__main__.AxisPublisher object at 0x7f9d959f6be0>>
lift: 516.62018
[1767119960 736177 23736 Seegrid DEBUG] CALLBACK: <bound method AxisPublisher._printData of <__main__.AxisPublisher object at 0x7f9d959f6be0>>
lift: 516.62018
[1767119960 756389 23736 Seegrid DEBUG] CALLBACK: <bound method AxisPublisher._printData of <__main__.AxisPublisher object at 0x7f9d959f6be0>>
lift: 516.62018
[1767119960 775962 23736 Seegrid DEBUG] CALLBACK: <bound method AxisPublisher._printData of <__main__.AxisPublisher object at 0x7f9d959f6be0>>
lift: 516.62018
[1767119960 796442 23736 Seegrid DEBUG] CALLBACK: <bound method AxisPublisher._printData of <__main__.AxisPublisher object at 0x7f9d959f6be0>>
lift: 516.62018
[1767119960 816243 23736 Seegrid DEBUG] CALLBACK: <bound method AxisPublisher._printData of <__main__.AxisPublisher object at 0x7f9d959f6be0>>
lift: 516.62018
[1767119960 836335 23736 Seegrid DEBUG] CALLBACK: <bound method AxisPublisher._printData of <__main__.AxisPublisher object at 0x7f9d959f6be0>>
lift: 516.62018
[1767119960 856939 23736 Seegrid DEBUG] CALLBACK: <bound method AxisPublisher._printData of <__main__.AxisPublisher object at 0x7f9d959f6be0>>
lift: 516.62018
[1767119960 877197 23736 Seegrid DEBUG] CALLBACK: <bound method AxisPublisher._printData of <__main__.AxisPublisher object at 0x7f9d959f6be0>>
lift: 516.62018
[1767119960 897314 23736 Seegrid DEBUG] CALLBACK: <bound method AxisPublisher._printData of <__main__.AxisPublisher object at 0x7f9d959f6be0>>
lift: 516.62018
[1767119960 916550 23736 Seegrid DEBUG] CALLBACK: <bound method AxisPublisher._printData of <__main__.AxisPublisher object at 0x7f9d959f6be0>>
lift: 516.62018
[1767119960 937092 23736 Seegrid DEBUG] CALLBACK: <bound method AxisPublisher._printData of <__main__.AxisPublisher object at 0x7f9d959f6be0>>
lift: 516.62018
[1767119960 957501 23736 Seegrid DEBUG] CALLBACK: <bound method AxisPublisher._printData of <__main__.AxisPublisher object at 0x7f9d959f6be0>>
lift: 516.62018
[1767119960 976871 23736 Seegrid DEBUG] CALLBACK: <bound method AxisPublisher._printData of <__main__.AxisPublisher object at 0x7f9d959f6be0>>
lift: 516.62018
[1767119960 997310 23736 Seegrid DEBUG] CALLBACK: <bound method AxisPublisher._printData of <__main__.AxisPublisher object at 0x7f9d959f6be0>>
lift: 516.62018
[1767119961 018976 23736 Seegrid DEBUG] CALLBACK: <bound method AxisPublisher._printData of <__main__.AxisPublisher object at 0x7f9d959f6be0>>
lift: 516.62018
[1767119961 037520 23736 Seegrid DEBUG] CALLBACK: <bound method AxisPublisher._printData of <__main__.AxisPublisher object at 0x7f9d959f6be0>>
lift: 516.62018
[1767119961 058080 23736 Seegrid DEBUG] CALLBACK: <bound method AxisPublisher._printData of <__main__.AxisPublisher object at 0x7f9d959f6be0>>
lift: 516.62018
[1767119961 077739 23736 Seegrid DEBUG] CALLBACK: <bound method AxisPublisher._printData of <__main__.AxisPublisher object at 0x7f9d959f6be0>>
lift: 516.62018
[1767119961 097508 23736 Seegrid DEBUG] CALLBACK: <bound method AxisPublisher._printData of <__main__.AxisPublisher object at 0x7f9d959f6be0>>
lift: 516.62018
[1767119961 118348 23736 Seegrid DEBUG] CALLBACK: <bound method AxisPublisher._printData of <__main__.AxisPublisher object at 0x7f9d959f6be0>>
lift: 516.62018
[1767119961 137748 23736 Seegrid DEBUG] CALLBACK: <bound method AxisPublisher._printData of <__main__.AxisPublisher object at 0x7f9d959f6be0>>
lift: 516.62018
[1767119961 158230 23736 Seegrid DEBUG] CALLBACK: <bound method AxisPublisher._printData of <__main__.AxisPublisher object at 0x7f9d959f6be0>>
lift: 516.62018
[1767119961 177882 23736 Seegrid DEBUG] CALLBACK: <bound method AxisPublisher._printData of <__main__.AxisPublisher object at 0x7f9d959f6be0>>
lift: 516.65806
[1767119961 198557 23736 Seegrid DEBUG] CALLBACK: <bound method AxisPublisher._printData of <__main__.AxisPublisher object at 0x7f9d959f6be0>>
lift: 516.62014
[1767119961 217827 23736 Seegrid DEBUG] CALLBACK: <bound method AxisPublisher._printData of <__main__.AxisPublisher object at 0x7f9d959f6be0>>
lift: 516.62007
[1767119961 239166 23736 Seegrid DEBUG] CALLBACK: <bound method AxisPublisher._printData of <__main__.AxisPublisher object at 0x7f9d959f6be0>>
lift: 516.61997
[1767119961 258284 23736 Seegrid DEBUG] CALLBACK: <bound method AxisPublisher._printData of <__main__.AxisPublisher object at 0x7f9d959f6be0>>
lift: 516.61989
[1767119961 278640 23736 Seegrid DEBUG] CALLBACK: <bound method AxisPublisher._printData of <__main__.AxisPublisher object at 0x7f9d959f6be0>>
lift: 516.62013
[1767119961 299726 23736 Seegrid DEBUG] CALLBACK: <bound method AxisPublisher._printData of <__main__.AxisPublisher object at 0x7f9d959f6be0>>
lift: 516.62006
[1767119961 317802 23736 Seegrid DEBUG] CALLBACK: <bound method AxisPublisher._printData of <__main__.AxisPublisher object at 0x7f9d959f6be0>>
lift: 516.61996
[1767119961 338499 23736 Seegrid DEBUG] CALLBACK: <bound method AxisPublisher._printData of <__main__.AxisPublisher object at 0x7f9d959f6be0>>
lift: 516.61988
[1767119961 358196 23736 Seegrid DEBUG] CALLBACK: <bound method AxisPublisher._printData of <__main__.AxisPublisher object at 0x7f9d959f6be0>>
lift: 516.62013
[1767119961 379037 23736 Seegrid DEBUG] CALLBACK: <bound method AxisPublisher._printData of <__main__.AxisPublisher object at 0x7f9d959f6be0>>
lift: 516.62006
[1767119961 398654 23736 Seegrid DEBUG] CALLBACK: <bound method AxisPublisher._printData of <__main__.AxisPublisher object at 0x7f9d959f6be0>>
lift: 516.61996
[1767119961 418639 23736 Seegrid DEBUG] CALLBACK: <bound method AxisPublisher._printData of <__main__.AxisPublisher object at 0x7f9d959f6be0>>
lift: 516.62018
[1767119961 439016 23736 Seegrid DEBUG] CALLBACK: <bound method AxisPublisher._printData of <__main__.AxisPublisher object at 0x7f9d959f6be0>>
lift: 516.62018
[1767119961 458615 23736 Seegrid DEBUG] CALLBACK: <bound method AxisPublisher._printData of <__main__.AxisPublisher object at 0x7f9d959f6be0>>
lift: 516.62018
[1767119961 478703 23736 Seegrid DEBUG] CALLBACK: <bound method AxisPublisher._printData of <__main__.AxisPublisher object at 0x7f9d959f6be0>>
lift: 516.62018
[1767119961 499104 23736 Seegrid DEBUG] CALLBACK: <bound method AxisPublisher._printData of <__main__.AxisPublisher object at 0x7f9d959f6be0>>
lift: 516.62018
[1767119961 518833 23736 Seegrid DEBUG] CALLBACK: <bound method AxisPublisher._printData of <__main__.AxisPublisher object at 0x7f9d959f6be0>>
lift: 516.62018
[1767119961 538819 23736 Seegrid DEBUG] CALLBACK: <bound method AxisPublisher._printData of <__main__.AxisPublisher object at 0x7f9d959f6be0>>
lift: 516.62018
[1767119961 559326 23736 Seegrid DEBUG] CALLBACK: <bound method AxisPublisher._printData of <__main__.AxisPublisher object at 0x7f9d959f6be0>>
Unhandled error in Deferred:

Traceback (most recent call last):
Failure: twisted.internet.error.ConnectionLost: Connection to the other side was lost in a non-clean fashion: Connection lost.

lift: 516.62018
[1767119961 569501 23736 Seegrid WARN ] Error reported: b'AMQP_RECEIVE_FAILED's Failed to receive a servo_axis.feedback.lift message:
[Failure instance: Traceback (failure with no frames): <class 'twisted.internet.error.ConnectionLost'>: Connection to the other side was lost in a non-clean fashion: Connection lost.
]
[1767119961 569501 23736 Seegrid WARN ] Error reported: b'AMQP_RECEIVE_FAILED's Failed to receive a servo_axis.feedback.lift message:
[Failure instance: Traceback (failure with no frames): <class 'twisted.internet.error.ConnectionLost'>: Connection to the other side was lost in a non-clean fashion: Connection lost.
]
[1767119961 570272 23736 Seegrid WARN ] AMQP connection was lost.
[1767119961 570272 23736 Seegrid WARN ] AMQP connection was lost.
[1767119961 570334 23736 Seegrid DEBUG] Connection status changed to False.
END
