Warning: Permanently added '10.0.0.2' (ECDSA) to the list of known hosts.
seegrid@10.0.0.2's password: fuzzyrobotcroaksdownhill

*************************************************
Starting log...
*************************************************
Software version number: 4.6.0.3359.gitd42372b
Vehicle name: 9332000109-cab-reach-1-200in
Vehicle ID: A1-003181
Machine ID: A1-003181
[1767119907  81691 1540 INFO] 1767119907.081600,7.360000,517.365422,517.364775,-0.141343,517.364816,40.000000,0.000041,40.141343,motion control,
[1767119907 194010 1540 INFO] 1767119907.193929,7.372031,517.399296,517.399733,0.088599,517.399719,40.065389,-0.000014,39.976790,motion control,
[1767119907 306284 1540 INFO] 1767119907.306209,7.371918,517.399296,517.399392,0.018111,517.399388,40.064770,-0.000004,40.046658,motion control,
[1767119907 418468 1540 INFO] 1767119907.418398,7.384036,517.433171,517.434644,0.264773,517.434598,40.130628,-0.000045,39.865855,motion control,
[1767119907 530701 1540 INFO] 1767119907.530633,7.738948,518.449406,518.492642,7.449161,518.491494,42.059502,-0.001147,34.610341,motion control,
[1767119907 643152 1540 INFO] 1767119907.643078,8.471364,520.718998,520.832753,18.052953,520.829374,46.040023,-0.003379,27.987070,motion control,
[1767119907 755307 1540 INFO] 1767119907.755249,9.344586,523.733830,523.898599,25.052272,523.895117,50.789223,-0.003482,25.736950,motion control,
[1767119907 867729 1540 INFO] 1767119907.867678,10.461682,528.035893,528.277708,34.728497,528.272285,56.886908,-0.005423,22.158411,motion control,
[1767119907 980070 1540 INFO] 1767119907.980009,11.602157,532.947697,533.259846,42.784411,533.252491,63.112212,-0.007355,20.327801,motion control,
[1767119908  92275 1540 INFO] 1767119908.092219,12.683744,538.096623,538.461357,46.546734,538.452934,69.016068,-0.008423,22.469335,motion control,
[1767119908 204542 1540 INFO] 1767119908.204473,13.834243,544.092412,544.514384,51.731228,544.506515,75.307734,-0.007869,23.576506,motion control,
[1767119908 316841 1540 INFO] 1767119908.316780,14.974812,550.799565,551.292241,57.711866,551.282898,81.778434,-0.009343,24.066568,motion control,
[1767119908 429305 1540 INFO] 1767119908.429245,16.141037,558.218083,558.801309,64.381174,558.788953,88.394686,-0.012356,24.013512,motion control,
[1767119908 541566 1540 INFO] 1767119908.541499,17.299552,566.178594,566.834529,70.334237,566.823277,94.967201,-0.011252,24.632964,motion control,
[1767119908 653833 1540 INFO] 1767119908.653778,18.703728,574.714971,575.443419,75.384525,575.431215,101.537973,-0.012204,26.153448,motion control,
[1767119908 766183 1540 INFO] 1767119908.766118,20.191107,584.132085,584.958472,81.974331,584.942075,108.335538,-0.016398,26.361207,motion control,
[1767119908 878509 1540 INFO] 1767119908.878459,21.702869,594.328313,595.268725,89.478129,595.255307,115.254386,-0.013419,25.776257,motion control,
[1767119908 990935 1540 INFO] 1767119908.990880,23.233709,605.371404,606.437928,97.239901,606.420795,122.304525,-0.017133,25.064624,motion control,
[1767119909 103267 1540 INFO] 1767119909.103213,24.781452,617.227483,618.423413,105.192257,618.403324,129.444104,-0.020089,24.251848,motion control,
[1767119909 215608 1540 INFO] 1767119909.215553,26.327713,629.828802,631.152258,112.270295,631.133709,136.621133,-0.018550,24.350838,motion control,
[1767119909 327915 1540 INFO] 1767119909.327857,27.871397,643.175359,644.608926,118.067330,644.588996,143.818034,-0.019930,25.750705,motion control,
[1767119909 440173 1540 INFO] 1767119909.440081,29.450795,657.504278,659.061156,125.553150,659.040172,151.166476,-0.020984,25.613326,motion control,
[1767119909 552378 1540 INFO] 1767119909.552327,31.058965,672.578436,674.205758,132.711518,674.185192,158.502544,-0.020567,25.791025,motion control,
[1767119909 664742 1540 INFO] 1767119909.664690,32.690317,688.533331,690.336662,141.116751,690.312673,165.958364,-0.023989,24.841613,motion control,
[1767119909 777171 1540 INFO] 1767119909.777117,34.317163,705.267340,707.291259,148.730331,707.263884,173.449878,-0.027375,24.719546,motion control,
[1767119909 889609 1540 INFO] 1767119909.889557,35.948384,722.814337,725.008879,155.443305,724.981676,180.948968,-0.027202,25.505663,motion control,
[1767119910   1987 1540 INFO] 1767119910.001932,37.600377,741.546942,743.947314,164.712560,743.919982,188.635296,-0.027332,23.922735,motion control,
[1767119910 114400 1540 INFO] 1767119910.114322,39.248343,760.957038,763.542775,172.233487,763.513497,196.270992,-0.029278,24.037505,motion control,
[1767119910 226755 1540 INFO] 1767119910.226682,40.904849,781.146247,783.923049,179.728296,783.893225,203.909934,-0.029824,24.181638,motion control,
[1767119910 339216 1540 INFO] 1767119910.339164,42.555598,802.148444,805.122134,186.413572,805.090445,211.562861,-0.031689,25.149289,motion control,
[1767119910 451996 1540 INFO] 1767119910.451939,44.233045,827.351081,827.508527,195.088424,827.473410,219.354255,-0.035117,24.265830,motion control,
[1767119910 564813 1540 INFO] 1767119910.564748,45.903351,850.385749,850.728015,203.366991,850.692232,227.154380,-0.035783,23.787389,motion control,
[1767119910 677026 1540 INFO] 1767119910.676970,47.565732,874.165657,874.580901,210.574209,874.547615,234.898744,-0.033286,24.324535,motion control,
[1767119910 789281 1540 INFO] 1767119910.789228,49.245149,899.063423,899.555877,219.851048,899.517875,242.740517,-0.038002,22.889469,motion control,
[1767119910 901611 1540 INFO] 1767119910.901558,50.817676,924.503182,925.108095,226.474364,925.070514,250.000000,-0.037581,23.525636,motion control,
[1767119911  13819 1540 INFO] 1767119911.013761,51.036820,950.925301,951.601550,233.832964,951.562469,250.000000,-0.039081,16.167036,motion control,
[1767119911 126031 1540 INFO] 1767119911.125973,51.218655,977.008675,977.750601,234.186048,977.714532,250.000000,-0.036069,15.813952,motion control,
[1767119911 238296 1540 INFO] 1767119911.238231,51.380823,1003.566293,1004.369737,235.953732,1004.326814,250.000000,-0.042923,14.046268,motion control,
[1767119911 350472 1540 INFO] 1767119911.350420,51.536796,1030.123910,1030.993278,237.271860,1030.958148,250.000000,-0.035130,12.728140,motion control,
[1767119911 462807 1540 INFO] 1767119911.462732,51.672972,1056.817025,1057.802530,238.503687,1057.761532,250.000000,-0.040999,11.496313,motion control,
[1767119911 575086 1540 INFO] 1767119911.575023,51.806036,1083.408517,1084.469168,238.025270,1084.431543,250.000000,-0.037625,11.974730,motion control,
[1767119911 687406 1540 INFO] 1767119911.687338,51.925234,1110.338754,1111.499232,239.560841,1111.461136,250.000000,-0.038096,10.439159,motion control,
[1767119911 799786 1540 INFO] 1767119911.799726,52.051233,1137.133493,1138.399009,239.864230,1138.355832,250.000000,-0.043177,10.135770,motion control,
[1767119911 912178 1540 INFO] 1767119911.912105,50.979291,1163.860483,1165.238224,239.311815,1165.192750,243.559207,-0.045474,4.247392,motion control,
[1767119912  24373 1540 INFO] 1767119912.024321,49.506283,1190.180979,1191.591936,235.823176,1191.555615,235.301206,-0.036321,-0.521970,motion control,
[1767119912 136649 1540 INFO] 1767119912.136576,47.983465,1215.756236,1217.204775,229.632342,1217.167546,226.990899,-0.037229,-2.641443,motion control,
[1767119912 248846 1540 INFO] 1767119912.248792,46.442376,1240.586253,1242.053234,223.289389,1242.019535,218.625410,-0.033699,-4.663979,motion control,
[1767119912 361085 1540 INFO] 1767119912.361032,44.879738,1264.467784,1265.954307,215.532693,1265.920289,210.266395,-0.034018,-5.266298,motion control,
[1767119912 473347 1540 INFO] 1767119912.473289,43.293317,1287.671825,1289.181748,208.812581,1289.147098,201.811633,-0.034650,-7.000947,motion control,
[1767119912 585678 1540 INFO] 1767119912.585604,41.686889,1309.927379,1311.455806,200.980942,1311.421641,193.356546,-0.034165,-7.624396,motion control,
[1767119912 697979 1540 INFO] 1767119912.697891,40.073810,1331.302196,1332.828563,192.722431,1332.796399,184.879799,-0.032164,-7.842632,motion control,
[1767119912 810401 1540 INFO] 1767119912.810322,38.408599,1352.135021,1353.712374,187.175353,1353.677165,176.205634,-0.035210,-10.969720,motion control,
[1767119912 922681 1540 INFO] 1767119912.922618,36.736747,1371.883861,1373.456137,179.113574,1373.428722,167.587863,-0.027416,-11.525711,motion control,
[1767119913  35113 1540 INFO] 1767119913.035015,35.043753,1390.785839,1392.365444,170.950118,1392.331411,158.903393,-0.034033,-12.046726,motion control,
[1767119913 147418 1540 INFO] 1767119913.147357,33.314389,1408.908703,1410.444922,163.098458,1410.417041,150.124761,-0.027881,-12.973697,motion control,
[1767119913 259706 1540 INFO] 1767119913.259637,31.596992,1426.150830,1427.652091,155.310344,1427.624579,141.266816,-0.027512,-14.043529,motion control,
[1767119913 371893 1540 INFO] 1767119913.371839,29.883782,1442.308972,1443.818902,147.298627,1443.796672,132.402792,-0.022230,-14.895835,motion control,
[1767119913 484152 1540 INFO] 1767119913.484076,28.140538,1457.586377,1459.046305,138.328378,1459.021966,123.477549,-0.024339,-14.850829,motion control,
[1767119913 596408 1540 INFO] 1767119913.596346,26.362530,1472.016919,1473.427012,129.749213,1473.403285,114.409384,-0.023727,-15.339829,motion control,
[1767119913 708658 1540 INFO] 1767119913.708593,24.545712,1485.634473,1487.005514,122.809717,1486.984520,105.130024,-0.020994,-17.679693,motion control,
[1767119913 820846 1540 INFO] 1767119913.820787,22.701120,1498.201917,1499.502960,114.447462,1499.484869,95.798067,-0.018091,-18.649395,motion control,
[1767119913 934118 1540 INFO] 1767119913.934042,20.807536,1509.719251,1511.044808,104.473904,1511.027695,86.289314,-0.017112,-18.184590,motion control,
[1767119914  46366 1540 INFO] 1767119914.046311,18.848907,1520.457471,1521.711556,96.296636,1521.696150,76.456376,-0.015405,-19.840260,motion control,
[1767119914 158577 1540 INFO] 1767119914.158525,16.806287,1530.043958,1531.204563,87.282721,1531.191287,66.492909,-0.013277,-20.789812,motion control,
[1767119914 271128 1540 INFO] 1767119914.271037,14.619781,1538.749708,1539.849666,79.190480,1539.827254,55.909855,-0.022411,-23.280626,motion control,
[1767119914 383336 1540 INFO] 1767119914.383282,12.359842,1546.202100,1547.180300,69.032329,1547.161587,45.008466,-0.018713,-24.023863,motion control,
[1767119914 495588 1540 INFO] 1767119914.495532,11.180876,1552.468885,1553.310735,58.010373,1553.293737,40.000000,-0.016998,-18.010373,motion control,
[1767119914 607895 1540 INFO] 1767119914.607816,11.029781,1557.956556,1558.700587,50.200986,1558.683711,40.000000,-0.016876,-10.200986,motion control,
[1767119914 720020 1540 INFO] 1767119914.719970,10.923063,1563.579725,1564.321976,49.985967,1564.308878,40.000000,-0.013097,-9.985967,motion control,
[1767119914 832394 1540 INFO] 1767119914.832316,10.815061,1568.931898,1569.683683,48.476705,1569.666716,40.000000,-0.016967,-8.476705,motion control,
[1767119914 944700 1540 INFO] 1767119914.944620,10.712364,1574.521192,1575.297318,48.988841,1575.279191,40.000000,-0.018127,-8.988841,motion control,
[1767119915  56911 1540 INFO] 1767119915.056828,10.619864,1579.974989,1580.768961,49.284593,1580.752111,40.000000,-0.016850,-9.284593,motion control,
[1767119915 169051 1540 INFO] 1767119915.168991,10.527687,1586.106275,1586.122457,48.862199,1586.109852,40.000000,-0.012605,-8.862199,motion control,
[1767119915 281372 1540 INFO] 1767119915.281295,10.434791,1591.356825,1591.388132,47.508630,1591.372411,40.000000,-0.015722,-7.508630,motion control,
[1767119915 393595 1540 INFO] 1767119915.393521,10.344642,1596.708998,1596.753297,47.279114,1596.738835,40.000000,-0.014462,-7.279114,motion control,
[1767119915 505870 1540 INFO] 1767119915.505796,10.259910,1602.095045,1602.155577,47.741852,1602.139255,40.000000,-0.016323,-7.741852,motion control,
[1767119915 618070 1540 INFO] 1767119915.617992,10.182599,1607.142347,1607.213059,45.826249,1607.198167,40.000000,-0.014892,-5.826249,motion control,
[1767119915 730319 1540 INFO] 1767119915.730242,10.112139,1612.325148,1612.409178,45.571386,1612.393000,40.000000,-0.016178,-5.571386,motion control,
[1767119915 842550 1540 INFO] 1767119915.842479,10.040667,1617.575697,1617.676258,46.192252,1617.661390,40.000000,-0.014868,-6.192252,motion control,
[1767119915 954749 1540 INFO] 1767119915.954694,9.980223,1622.656874,1622.769067,45.940729,1622.755791,40.000000,-0.013275,-5.940729,motion control,
[1767119916  66994 1540 INFO] 1767119916.066943,9.920235,1627.534804,1627.655224,44.127330,1627.642736,40.000000,-0.012488,-4.127330,motion control,
[1767119916 179347 1540 INFO] 1767119916.179289,9.866090,1632.615980,1632.756376,44.499647,1632.742054,40.000000,-0.014323,-4.499647,motion control,
[1767119916 291593 1540 INFO] 1767119916.291517,9.822479,1637.527785,1637.680405,44.392117,1637.666201,40.000000,-0.014204,-4.392117,motion control,
[1767119916 403971 1540 INFO] 1767119916.403886,9.777563,1642.371840,1642.539477,43.609932,1642.524037,40.000000,-0.015440,-3.609932,motion control,
[1767119916 516199 1540 INFO] 1767119916.516132,9.729011,1647.419142,1647.603804,44.411003,1647.589150,40.000000,-0.014654,-4.411003,motion control,
[1767119916 628384 1540 INFO] 1767119916.628335,9.680671,1652.364821,1652.562365,44.391220,1652.548734,40.000000,-0.013632,-4.391220,motion control,
[1767119916 740633 1540 INFO] 1767119916.740569,9.638859,1657.208876,1657.414768,43.723083,1657.402082,40.000000,-0.012686,-3.723083,motion control,
[1767119916 852872 1540 INFO] 1767119916.852816,9.599273,1662.086806,1662.305624,43.685470,1662.292917,40.000000,-0.012707,-3.685470,motion control,
[1767119916 965143 1540 INFO] 1767119916.965064,9.558856,1666.863112,1667.089978,42.852811,1667.075705,40.000000,-0.014273,-2.852811,motion control,
[1767119917  77333 1540 INFO] 1767119917.077277,9.525755,1671.774916,1672.016931,43.472464,1672.003716,40.000000,-0.013215,-3.472464,motion control,
[1767119917 189625 1540 INFO] 1767119917.189559,9.489661,1676.551222,1676.807193,43.150186,1676.791443,40.000000,-0.015751,-3.150186,motion control,
[1767119917 301874 1540 INFO] 1767119917.301818,9.455996,1681.327529,1681.595251,42.678329,1681.581850,40.000000,-0.013401,-2.678329,motion control,
[1767119917 414189 1540 INFO] 1767119917.414133,9.419812,1686.239333,1686.527232,43.442763,1686.514937,40.000000,-0.012294,-3.442763,motion control,
[1767119917 526436 1540 INFO] 1767119917.526388,9.386788,1691.083388,1691.384438,43.592316,1691.372008,40.000000,-0.012430,-3.592316,motion control,
[1767119917 638774 1540 INFO] 1767119917.638718,9.349860,1695.758071,1696.066847,42.257298,1696.055009,40.000000,-0.011838,-2.257298,motion control,
[1767119917 750903 1540 INFO] 1767119917.750849,9.323303,1700.534377,1700.853321,42.277624,1700.846678,40.000000,-0.006643,-2.277624,motion control,
[1767119917 863153 1540 INFO] 1767119917.863084,9.303351,1705.242934,1705.574756,42.458953,1705.568044,40.000000,-0.006712,-2.458953,motion control,
[1767119917 975409 1540 INFO] 1767119917.975359,9.279419,1709.951491,1710.295228,42.341764,1710.288707,40.000000,-0.006521,-2.341764,motion control,
[1767119918  87657 1540 INFO] 1767119918.087604,9.253541,1714.592299,1714.943101,41.653538,1714.936696,40.000000,-0.006405,-1.653538,motion control,
[1767119918 199931 1540 INFO] 1767119918.199870,9.237691,1719.300857,1719.658888,41.958477,1719.652516,40.000000,-0.006372,-1.958477,motion control,
[1767119918 312305 1540 INFO] 1767119918.312239,9.218521,1723.806167,1724.182485,40.788554,1724.174122,40.000000,-0.008363,-0.788554,motion control,
[1767119918 424504 1540 INFO] 1767119918.424440,9.197689,1728.582473,1728.975386,41.538489,1728.969157,40.000000,-0.006229,-1.538489,motion control,
[1767119918 536716 1540 INFO] 1767119918.536657,9.184157,1733.291030,1733.702136,42.238541,1733.695892,40.000000,-0.006244,-2.238541,motion control,
[1767119918 648968 1540 INFO] 1767119918.648913,9.173401,1737.694717,1738.103199,40.568728,1738.096264,40.000000,-0.006935,-0.568728,motion control,
[1767119918 761162 1540 INFO] 1767119918.761111,9.154765,1742.267776,1742.678225,39.860859,1742.671411,40.000000,-0.006814,0.139141,motion control,
[1767119918 873290 1540 INFO] 1767119918.873224,0.000000,1747.077956,1747.512104,41.277256,1747.509299,41.277256,-0.002805,0.000000,motion control,
[1767119918 985499 1540 INFO] 1767119918.985436,0.000000,1750.431533,1750.780394,32.446235,1750.778220,32.446235,-0.002174,0.000000,motion control,
[1767119919  97731 1540 INFO] 1767119919.097650,0.000000,1751.041274,1751.154299,10.230292,1751.153521,10.230292,-0.000778,0.000000,motion control,
[1767119919 209937 1540 INFO] 1767119919.209873,0.000000,1751.075149,1751.077891,0.242384,1751.077875,0.242384,-0.000016,0.000000,motion control,
[1767119919 322180 1540 INFO] 1767119919.322079,0.000000,1751.109023,1751.109257,0.020119,1751.109255,0.020119,-0.000001,0.000000,ready,
[1767119919 434368 1540 INFO] 1767119919.434305,0.000000,1751.109023,1751.109263,0.020214,1751.109263,0.020214,-0.000001,0.000000,ready,
[1767119919 546606 1540 INFO] 1767119919.546537,0.000000,1751.109023,1751.108778,-0.020152,1751.108779,-0.020152,0.000001,0.000000,ready,
[1767119919 658817 1540 INFO] 1767119919.658748,0.000000,1751.109023,1751.109023,0.000000,1751.109023,0.000000,0.000000,0.000000,ready,
[1767119919 771122 1540 INFO] 1767119919.771044,0.000000,1751.109023,1751.109023,0.000000,1751.109023,0.000000,0.000000,0.000000,ready,
[1767119919 883385 1540 INFO] 1767119919.883314,0.000000,1751.109023,1751.109023,0.000000,1751.109023,0.000000,0.000000,0.000000,ready,
[1767119919 995702 1540 INFO] 1767119919.995636,0.000000,1751.109023,1751.109023,0.000000,1751.109023,0.000000,0.000000,0.000000,ready,
[1767119920 107943 1540 INFO] 1767119920.107878,0.000000,1751.109023,1751.109023,0.000000,1751.109023,0.000000,0.000000,0.000000,ready,
[1767119920 220203 1540 INFO] 1767119920.220130,0.000000,1751.109023,1751.109023,0.000000,1751.109023,0.000000,0.000000,0.000000,ready,
[1767119920 332432 1540 INFO] 1767119920.332370,0.000000,1751.109023,1751.109023,0.000000,1751.109023,0.000000,0.000000,0.000000,ready,
END
