Warning: Permanently added '10.0.0.2' (ECDSA) to the list of known hosts.
seegrid@10.0.0.2's password: fuzzyrobotcroaksdownhill

Subscribing to reach feedback...
SeegridLog <seegrid.logger.SeegridLog.SeegridLog object at 0x7fbba6359a90> initializing at level debug, localOnly = True, prefix = True.
[1767120342 132393 27110 Seegrid ERROR] Subscribe attempt failed: 
[1767120342 132454 27110 Seegrid ERROR] Reconnect appears to already be underway. (None, None, None)
[1767120342 132393 27110 Seegrid ERROR] Subscribe attempt failed: 
[1767120342 132454 27110 Seegrid ERROR] Reconnect appears to already be underway. (None, None, None)
[1767120342 135988 27110 Seegrid INFO ] Building protocol: <class 'seegrid.messaging.Amqp.AmqpProtocol'>
[1767120342 137615 27110 Seegrid INFO ] Connection made; beginning authentication.
[1767120342 140406 27110 Seegrid INFO ] connection ready
[1767120342 140472 27110 Seegrid INFO ] Authentication complete.
[1767120342 140493 27110 Seegrid DEBUG] Creating channel.
[1767120342 141731 27110 Seegrid DEBUG] Channel added successfully.
[1767120342 141879 27110 Seegrid DEBUG] channel opened
[1767120342 147336 27110 Seegrid INFO ] Starting to consume from reply queue amq.gen-0Kz-BfmD_kH4qO3Gr5BmYg.
[1767120342 148245 27110 Seegrid DEBUG] The channel is open, and the reply queue is established.
[1767120342 148297 27110 Seegrid DEBUG] The current connection ID of established connection is a1668f9b-c9d5-4246-9578-a6c68d1a11e9
[1767120342 148391 27110 Seegrid DEBUG] Running delayed ops: [<seegrid.messaging.Amqp.DelayedOp object at 0x7fbba62ee160>]
[1767120342 148506 27110 Seegrid INFO ] Subscribing callback <bound method AxisPublisher._printData of <__main__.AxisPublisher object at 0x7fbba6359b70>> to seegrid/vsmExchange->servo_axis.feedback.reach.
[1767120342 148532 27110 Seegrid INFO ] Declaring queue servo.AxisFeedbackMsgQueue_d22ee271-a179-4da1-ab2f-ec14c7158062_servo_axis.feedback.reach_0000000000000000.
[1767120342 151994 27110 Seegrid INFO ] Declaring exchange seegrid/vsmExchange.
[1767120342 152865 27110 Seegrid INFO ] Binding servo.AxisFeedbackMsgQueue_d22ee271-a179-4da1-ab2f-ec14c7158062_servo_axis.feedback.reach_0000000000000000 queue to seegrid/vsmExchange exchange with routing key servo_axis.feedback.reach.
[1767120342 155452 27110 Seegrid DEBUG] Subscribed using tag servo.AxisFeedbackMsgQueue_d22ee271-a179-4da1-ab2f-ec14c7158062_servo_axis.feedback.reach_0000000000000000.
[1767120342 155500 27110 Seegrid DEBUG] Delayed call of <bound method AmqpFactory._subscribe of <seegrid.messaging.Amqp.AmqpFactory object at 0x7fbba63599e8>> succeeded with value None - firing callback!
Subscription successful!
[1767120342 155669 27110 Seegrid DEBUG] Skipping the cached subscription for [()_<bound method AxisPublisher._printData of <__main__.AxisPublisher object at 0x7fbba6359b70>>_<class 'seegrid.messaging.msgs.ServoAxisMsgs_pb2.AxisFeedbackMsg'>_Exchange_False_False_None_None_None_None_application/x-protobuf_seegrid/vsmExchange_servo_axis.feedback.reach_{}] as its connection ID a1668f9b-c9d5-4246-9578-a6c68d1a11e9 matches with the current connection ID a1668f9b-c9d5-4246-9578-a6c68d1a11e9.
[1767120342 155755 27110 Seegrid DEBUG] Connection status changed to True.
[1767120342 162941 27110 Seegrid DEBUG] CALLBACK: <bound method AxisPublisher._printData of <__main__.AxisPublisher object at 0x7fbba6359b70>>
reach: 529.66919
[1767120342 182602 27110 Seegrid DEBUG] CALLBACK: <bound method AxisPublisher._printData of <__main__.AxisPublisher object at 0x7fbba6359b70>>
reach: 529.69309
[1767120342 202826 27110 Seegrid DEBUG] CALLBACK: <bound method AxisPublisher._printData of <__main__.AxisPublisher object at 0x7fbba6359b70>>
reach: 529.66903
[1767120342 222989 27110 Seegrid DEBUG] CALLBACK: <bound method AxisPublisher._printData of <__main__.AxisPublisher object at 0x7fbba6359b70>>
reach: 529.66865
[1767120342 242945 27110 Seegrid DEBUG] CALLBACK: <bound method AxisPublisher._printData of <__main__.AxisPublisher object at 0x7fbba6359b70>>
reach: 529.66834
[1767120342 263584 27110 Seegrid DEBUG] CALLBACK: <bound method AxisPublisher._printData of <__main__.AxisPublisher object at 0x7fbba6359b70>>
reach: 529.69215
[1767120342 283256 27110 Seegrid DEBUG] CALLBACK: <bound method AxisPublisher._printData of <__main__.AxisPublisher object at 0x7fbba6359b70>>
reach: 529.68839
[1767120342 303749 27110 Seegrid DEBUG] CALLBACK: <bound method AxisPublisher._printData of <__main__.AxisPublisher object at 0x7fbba6359b70>>
reach: 529.69975
[1767120342 324183 27110 Seegrid DEBUG] CALLBACK: <bound method AxisPublisher._printData of <__main__.AxisPublisher object at 0x7fbba6359b70>>
reach: 529.70015
[1767120342 343911 27110 Seegrid DEBUG] CALLBACK: <bound method AxisPublisher._printData of <__main__.AxisPublisher object at 0x7fbba6359b70>>
reach: 529.69963
[1767120342 364859 27110 Seegrid DEBUG] CALLBACK: <bound method AxisPublisher._printData of <__main__.AxisPublisher object at 0x7fbba6359b70>>
reach: 529.69706
[1767120342 384372 27110 Seegrid DEBUG] CALLBACK: <bound method AxisPublisher._printData of <__main__.AxisPublisher object at 0x7fbba6359b70>>
reach: 529.69665
[1767120342 404097 27110 Seegrid DEBUG] CALLBACK: <bound method AxisPublisher._printData of <__main__.AxisPublisher object at 0x7fbba6359b70>>
reach: 529.69665
[1767120342 423939 27110 Seegrid DEBUG] CALLBACK: <bound method AxisPublisher._printData of <__main__.AxisPublisher object at 0x7fbba6359b70>>
reach: 529.69665
[1767120342 444404 27110 Seegrid DEBUG] CALLBACK: <bound method AxisPublisher._printData of <__main__.AxisPublisher object at 0x7fbba6359b70>>
reach: 529.69665
[1767120342 464887 27110 Seegrid DEBUG] CALLBACK: <bound method AxisPublisher._printData of <__main__.AxisPublisher object at 0x7fbba6359b70>>
reach: 529.69665
[1767120342 484900 27110 Seegrid DEBUG] CALLBACK: <bound method AxisPublisher._printData of <__main__.AxisPublisher object at 0x7fbba6359b70>>
reach: 529.70817
[1767120342 504719 27110 Seegrid DEBUG] CALLBACK: <bound method AxisPublisher._printData of <__main__.AxisPublisher object at 0x7fbba6359b70>>
reach: 529.69663
[1767120342 524675 27110 Seegrid DEBUG] CALLBACK: <bound method AxisPublisher._printData of <__main__.AxisPublisher object at 0x7fbba6359b70>>
reach: 529.70633
[1767120342 544975 27110 Seegrid DEBUG] CALLBACK: <bound method AxisPublisher._printData of <__main__.AxisPublisher object at 0x7fbba6359b70>>
reach: 529.70647
[1767120342 565171 27110 Seegrid DEBUG] CALLBACK: <bound method AxisPublisher._printData of <__main__.AxisPublisher object at 0x7fbba6359b70>>
reach: 529.70630
[1767120342 585152 27110 Seegrid DEBUG] CALLBACK: <bound method AxisPublisher._printData of <__main__.AxisPublisher object at 0x7fbba6359b70>>
reach: 529.70583
[1767120342 604993 27110 Seegrid DEBUG] CALLBACK: <bound method AxisPublisher._printData of <__main__.AxisPublisher object at 0x7fbba6359b70>>
reach: 529.70581
[1767120342 625890 27110 Seegrid DEBUG] CALLBACK: <bound method AxisPublisher._printData of <__main__.AxisPublisher object at 0x7fbba6359b70>>
reach: 529.70581
[1767120342 645177 27110 Seegrid DEBUG] CALLBACK: <bound method AxisPublisher._printData of <__main__.AxisPublisher object at 0x7fbba6359b70>>
reach: 529.74082
[1767120342 665885 27110 Seegrid DEBUG] CALLBACK: <bound method AxisPublisher._printData of <__main__.AxisPublisher object at 0x7fbba6359b70>>
reach: 529.70571
[1767120342 685561 27110 Seegrid DEBUG] CALLBACK: <bound method AxisPublisher._printData of <__main__.AxisPublisher object at 0x7fbba6359b70>>
reach: 529.73571
[1767120342 705621 27110 Seegrid DEBUG] CALLBACK: <bound method AxisPublisher._printData of <__main__.AxisPublisher object at 0x7fbba6359b70>>
reach: 529.73651
[1767120342 725868 27110 Seegrid DEBUG] CALLBACK: <bound method AxisPublisher._printData of <__main__.AxisPublisher object at 0x7fbba6359b70>>
reach: 529.73638
[1767120342 745935 27110 Seegrid DEBUG] CALLBACK: <bound method AxisPublisher._printData of <__main__.AxisPublisher object at 0x7fbba6359b70>>
reach: 529.73356
[1767120342 767063 27110 Seegrid DEBUG] CALLBACK: <bound method AxisPublisher._printData of <__main__.AxisPublisher object at 0x7fbba6359b70>>
reach: 529.73328
[1767120342 786117 27110 Seegrid DEBUG] CALLBACK: <bound method AxisPublisher._printData of <__main__.AxisPublisher object at 0x7fbba6359b70>>
reach: 529.73328
[1767120342 806115 27110 Seegrid DEBUG] CALLBACK: <bound method AxisPublisher._printData of <__main__.AxisPublisher object at 0x7fbba6359b70>>
reach: 529.73328
[1767120342 825769 27110 Seegrid DEBUG] CALLBACK: <bound method AxisPublisher._printData of <__main__.AxisPublisher object at 0x7fbba6359b70>>
reach: 529.73328
[1767120342 846286 27110 Seegrid DEBUG] CALLBACK: <bound method AxisPublisher._printData of <__main__.AxisPublisher object at 0x7fbba6359b70>>
reach: 529.73328
[1767120342 866576 27110 Seegrid DEBUG] CALLBACK: <bound method AxisPublisher._printData of <__main__.AxisPublisher object at 0x7fbba6359b70>>
reach: 529.73328
[1767120342 886169 27110 Seegrid DEBUG] CALLBACK: <bound method AxisPublisher._printData of <__main__.AxisPublisher object at 0x7fbba6359b70>>
reach: 529.73328
[1767120342 906483 27110 Seegrid DEBUG] CALLBACK: <bound method AxisPublisher._printData of <__main__.AxisPublisher object at 0x7fbba6359b70>>
reach: 529.73328
[1767120342 926637 27110 Seegrid DEBUG] CALLBACK: <bound method AxisPublisher._printData of <__main__.AxisPublisher object at 0x7fbba6359b70>>
reach: 529.75412
[1767120342 947595 27110 Seegrid DEBUG] CALLBACK: <bound method AxisPublisher._printData of <__main__.AxisPublisher object at 0x7fbba6359b70>>
reach: 529.75486
[1767120342 967311 27110 Seegrid DEBUG] CALLBACK: <bound method AxisPublisher._printData of <__main__.AxisPublisher object at 0x7fbba6359b70>>
reach: 529.75498
[1767120342 987004 27110 Seegrid DEBUG] CALLBACK: <bound method AxisPublisher._printData of <__main__.AxisPublisher object at 0x7fbba6359b70>>
reach: 529.75190
[1767120343 006835 27110 Seegrid DEBUG] CALLBACK: <bound method AxisPublisher._printData of <__main__.AxisPublisher object at 0x7fbba6359b70>>
reach: 529.75159
[1767120343 027332 27110 Seegrid DEBUG] CALLBACK: <bound method AxisPublisher._printData of <__main__.AxisPublisher object at 0x7fbba6359b70>>
reach: 529.76288
[1767120343 047316 27110 Seegrid DEBUG] CALLBACK: <bound method AxisPublisher._printData of <__main__.AxisPublisher object at 0x7fbba6359b70>>
reach: 529.75100
[1767120343 067795 27110 Seegrid DEBUG] CALLBACK: <bound method AxisPublisher._printData of <__main__.AxisPublisher object at 0x7fbba6359b70>>
reach: 529.75149
[1767120343 087542 27110 Seegrid DEBUG] CALLBACK: <bound method AxisPublisher._printData of <__main__.AxisPublisher object at 0x7fbba6359b70>>
reach: 529.75130
[1767120343 108575 27110 Seegrid DEBUG] CALLBACK: <bound method AxisPublisher._printData of <__main__.AxisPublisher object at 0x7fbba6359b70>>
reach: 529.77390
[1767120343 127659 27110 Seegrid DEBUG] CALLBACK: <bound method AxisPublisher._printData of <__main__.AxisPublisher object at 0x7fbba6359b70>>
reach: 529.76254
[1767120343 147759 27110 Seegrid DEBUG] CALLBACK: <bound method AxisPublisher._printData of <__main__.AxisPublisher object at 0x7fbba6359b70>>
reach: 529.76104
[1767120343 168516 27110 Seegrid DEBUG] CALLBACK: <bound method AxisPublisher._printData of <__main__.AxisPublisher object at 0x7fbba6359b70>>
reach: 529.76104
[1767120343 187941 27110 Seegrid DEBUG] CALLBACK: <bound method AxisPublisher._printData of <__main__.AxisPublisher object at 0x7fbba6359b70>>
reach: 529.76074
[1767120343 207812 27110 Seegrid DEBUG] CALLBACK: <bound method AxisPublisher._printData of <__main__.AxisPublisher object at 0x7fbba6359b70>>
reach: 529.76135
[1767120343 228171 27110 Seegrid DEBUG] CALLBACK: <bound method AxisPublisher._printData of <__main__.AxisPublisher object at 0x7fbba6359b70>>
reach: 529.76074
[1767120343 248701 27110 Seegrid DEBUG] CALLBACK: <bound method AxisPublisher._printData of <__main__.AxisPublisher object at 0x7fbba6359b70>>
reach: 529.76074
[1767120343 270941 27110 Seegrid DEBUG] CALLBACK: <bound method AxisPublisher._printData of <__main__.AxisPublisher object at 0x7fbba6359b70>>
reach: 529.76074
[1767120343 288252 27110 Seegrid DEBUG] CALLBACK: <bound method AxisPublisher._printData of <__main__.AxisPublisher object at 0x7fbba6359b70>>
reach: 529.76994
[1767120343 308532 27110 Seegrid DEBUG] CALLBACK: <bound method AxisPublisher._printData of <__main__.AxisPublisher object at 0x7fbba6359b70>>
reach: 529.77043
[1767120343 328803 27110 Seegrid DEBUG] CALLBACK: <bound method AxisPublisher._printData of <__main__.AxisPublisher object at 0x7fbba6359b70>>
reach: 529.77057
[1767120343 348681 27110 Seegrid DEBUG] CALLBACK: <bound method AxisPublisher._printData of <__main__.AxisPublisher object at 0x7fbba6359b70>>
reach: 529.77039
[1767120343 368822 27110 Seegrid DEBUG] CALLBACK: <bound method AxisPublisher._printData of <__main__.AxisPublisher object at 0x7fbba6359b70>>
reach: 529.76990
[1767120343 388862 27110 Seegrid DEBUG] CALLBACK: <bound method AxisPublisher._printData of <__main__.AxisPublisher object at 0x7fbba6359b70>>
reach: 529.79013
[1767120343 409235 27110 Seegrid DEBUG] CALLBACK: <bound method AxisPublisher._printData of <__main__.AxisPublisher object at 0x7fbba6359b70>>
reach: 529.79101
[1767120343 429583 27110 Seegrid DEBUG] CALLBACK: <bound method AxisPublisher._printData of <__main__.AxisPublisher object at 0x7fbba6359b70>>
reach: 529.79123
[1767120343 449127 27110 Seegrid DEBUG] CALLBACK: <bound method AxisPublisher._printData of <__main__.AxisPublisher object at 0x7fbba6359b70>>
reach: 529.78835
[1767120343 470030 27110 Seegrid DEBUG] CALLBACK: <bound method AxisPublisher._printData of <__main__.AxisPublisher object at 0x7fbba6359b70>>
reach: 529.78821
[1767120343 489650 27110 Seegrid DEBUG] CALLBACK: <bound method AxisPublisher._printData of <__main__.AxisPublisher object at 0x7fbba6359b70>>
reach: 529.78821
[1767120343 509719 27110 Seegrid DEBUG] CALLBACK: <bound method AxisPublisher._printData of <__main__.AxisPublisher object at 0x7fbba6359b70>>
reach: 529.78821
[1767120343 529559 27110 Seegrid DEBUG] CALLBACK: <bound method AxisPublisher._printData of <__main__.AxisPublisher object at 0x7fbba6359b70>>
reach: 529.78815
[1767120343 550191 27110 Seegrid DEBUG] CALLBACK: <bound method AxisPublisher._printData of <__main__.AxisPublisher object at 0x7fbba6359b70>>
reach: 529.79829
[1767120343 570091 27110 Seegrid DEBUG] CALLBACK: <bound method AxisPublisher._printData of <__main__.AxisPublisher object at 0x7fbba6359b70>>
reach: 529.78743
[1767120343 590221 27110 Seegrid DEBUG] CALLBACK: <bound method AxisPublisher._printData of <__main__.AxisPublisher object at 0x7fbba6359b70>>
reach: 529.78712
[1767120343 609865 27110 Seegrid DEBUG] CALLBACK: <bound method AxisPublisher._printData of <__main__.AxisPublisher object at 0x7fbba6359b70>>
Unhandled error in Deferred:

Traceback (most recent call last):
Failure: twisted.internet.error.ConnectionLost: Connection to the other side was lost in a non-clean fashion: Connection lost.

reach: 529.79762
[1767120343 618739 27110 Seegrid WARN ] Error reported: b'AMQP_RECEIVE_FAILED's Failed to receive a servo_axis.feedback.reach message:
[Failure instance: Traceback (failure with no frames): <class 'twisted.internet.error.ConnectionLost'>: Connection to the other side was lost in a non-clean fashion: Connection lost.
]
[1767120343 618739 27110 Seegrid WARN ] Error reported: b'AMQP_RECEIVE_FAILED's Failed to receive a servo_axis.feedback.reach message:
[Failure instance: Traceback (failure with no frames): <class 'twisted.internet.error.ConnectionLost'>: Connection to the other side was lost in a non-clean fashion: Connection lost.
]
[1767120343 619622 27110 Seegrid WARN ] AMQP connection was lost.
[1767120343 619842 27110 Seegrid DEBUG] Connection status changed to False.
[1767120343 619622 27110 Seegrid WARN ] AMQP connection was lost.
END
