Warning: Permanently added '10.0.0.2' (ECDSA) to the list of known hosts.
seegrid@10.0.0.2's password: fuzzyrobotcroaksdownhill

*************************************************
Starting log...
*************************************************
Software version number: 4.6.0.3359.gitd42372b
Vehicle name: 9332000109-cab-reach-1-200in
Vehicle ID: A1-003181
Machine ID: A1-003181
[1767120170 423225 1540 INFO] 1767120170.423143,7.360000,600.595098,600.597541,0.201786,600.597479,40.000000,-0.000062,39.798214,motion control,
[1767120170 535302 1540 INFO] 1767120170.535242,7.360000,600.527349,600.523388,-0.322938,600.597479,40.000000,0.074092,40.322938,motion control,
[1767120170 647507 1540 INFO] 1767120170.647437,7.360000,600.595098,600.596609,0.120903,600.597479,40.000000,0.000870,39.879097,motion control,
[1767120170 759716 1540 INFO] 1767120170.759664,7.360000,600.595098,600.596646,0.120974,600.597479,40.000000,0.000833,39.879026,motion control,
[1767120170 871921 1540 INFO] 1767120170.871867,7.360000,601.848455,601.971036,9.380989,601.969712,40.000000,-0.001324,30.619011,motion control,
[1767120170 984159 1540 INFO] 1767120170.984084,7.360000,604.151922,604.413549,19.571310,604.410282,40.000000,-0.003266,20.428690,motion control,
[1767120171  96546 1540 INFO] 1767120171.096483,7.360000,607.099004,607.443357,24.991275,607.439234,40.000000,-0.004123,15.008725,motion control,
[1767120171 208677 1540 INFO] 1767120171.208605,0.000000,610.520330,610.927173,29.018847,610.925118,29.018847,-0.002055,0.000000,motion control,
[1767120171 320864 1540 INFO] 1767120171.320802,0.000000,613.060918,613.402527,24.007805,613.400941,24.007805,-0.001586,0.000000,motion control,
[1767120171 433062 1540 INFO] 1767120171.432996,0.000000,612.688299,612.747101,4.059793,612.746841,4.059793,-0.000260,0.000000,motion control,
[1767120171 545258 1540 INFO] 1767120171.545196,0.000000,612.620550,612.615499,-0.342114,612.615521,-0.342114,0.000022,0.000000,motion control,
[1767120171 657459 1540 INFO] 1767120171.657395,0.000000,612.586675,612.577901,-0.584695,612.577928,-0.584695,0.000027,0.000000,ready,
[1767120171 769816 1540 INFO] 1767120171.769747,0.000000,612.620550,612.618369,-0.141194,612.618374,-0.141194,0.000006,0.000000,ready,
[1767120171 882327 1540 INFO] 1767120171.882257,0.000000,612.620550,612.620548,-0.000072,612.620548,-0.000072,0.000000,0.000000,ready,
[1767120171 994837 1540 INFO] 1767120171.994755,0.000000,612.620550,612.620553,0.017563,612.620552,0.017563,-0.000001,0.000000,ready,
[1767120172 107156 1540 INFO] 1767120172.107066,0.000000,612.620550,612.620550,0.000000,612.620550,0.000000,0.000000,0.000000,ready,
[1767120172 219455 1540 INFO] 1767120172.219382,0.000000,612.620550,612.620550,0.000000,612.620550,0.000000,0.000000,0.000000,ready,
[1767120172 331713 1540 INFO] 1767120172.331642,0.000000,612.620550,612.620550,0.000000,612.620550,0.000000,0.000000,0.000000,ready,
[1767120172 444000 1540 INFO] 1767120172.443932,0.000000,612.620550,612.620550,0.000000,612.620550,0.000000,0.000000,0.000000,ready,
[1767120172 556330 1540 INFO] 1767120172.556267,0.000000,612.620550,612.620550,0.000000,612.620550,0.000000,0.000000,0.000000,ready,
[1767120172 668634 1540 INFO] 1767120172.668568,0.000000,612.620550,612.620550,0.000000,612.620550,0.000000,0.000000,0.000000,ready,
END
