Warning: Permanently added '10.0.0.2' (ECDSA) to the list of known hosts.
seegrid@10.0.0.2's password: fuzzyrobotcroaksdownhill

*************************************************
Starting log...
*************************************************
Software version number: 4.6.0.3359.gitd42372b
Vehicle name: 9332000109-cab-reach-1-200in
Vehicle ID: A1-003181
Machine ID: A1-003181
[1767120355 387028 1540 INFO] 1767120355.386966,-6.400000,530.392456,530.392043,-0.036765,530.392050,-40.000000,0.000007,-39.963235,motion control,
[1767120355 499267 1540 INFO] 1767120355.499210,-6.400000,530.117797,530.057070,-5.280276,530.058062,-40.000000,0.000992,-34.719724,motion control,
[1767120355 611500 1540 INFO] 1767120355.611446,-6.400000,529.064941,528.989224,-6.413441,528.990270,-40.000000,0.001046,-33.586559,motion control,
[1767120355 723752 1540 INFO] 1767120355.723701,-6.400000,528.781127,528.754413,-2.211132,528.754742,-40.000000,0.000329,-37.788868,motion control,
[1767120355 835980 1540 INFO] 1767120355.835927,-6.400000,528.771972,528.770083,-0.152658,528.770106,-40.000000,0.000023,-39.847342,motion control,
[1767120355 948269 1540 INFO] 1767120355.948214,-6.400000,527.975463,527.820049,-12.186500,527.822292,-40.000000,0.002243,-27.813500,motion control,
[1767120356  60513 1540 INFO] 1767120356.060462,-7.011649,524.917602,524.519796,-30.490284,524.524703,-40.000000,0.004907,-9.509716,motion control,
[1767120356 172730 1540 INFO] 1767120356.172679,-7.170991,520.513916,519.962241,-41.563697,519.968513,-40.000000,0.006273,1.563697,motion control,
[1767120356 284916 1540 INFO] 1767120356.284862,-6.991703,515.487670,514.869460,-45.708710,514.876816,-40.000000,0.007356,5.708710,motion control,
[1767120356 397173 1540 INFO] 1767120356.397106,-6.743173,510.388183,509.753415,-45.765572,509.761653,-40.000000,0.008238,5.765572,motion control,
[1767120356 509405 1540 INFO] 1767120356.509337,-6.591545,505.664062,505.074971,-41.585191,505.081416,-40.000000,0.006445,1.585191,motion control,
[1767120356 621643 1540 INFO] 1767120356.621591,-6.516619,501.031494,500.445174,-40.592970,500.451997,-40.000000,0.006823,0.592970,motion control,
[1767120356 733865 1540 INFO] 1767120356.733811,-8.320299,496.801757,496.241500,-37.986029,496.247993,-49.282973,0.006494,-11.296944,motion control,
[1767120356 846077 1540 INFO] 1767120356.846026,-10.387959,492.086792,491.415097,-44.662932,491.422157,-58.257864,0.007060,-13.594933,motion control,
[1767120356 958319 1540 INFO] 1767120356.958268,-12.541429,486.245727,485.412655,-54.356708,485.421455,-67.779932,0.008800,-13.423224,motion control,
[1767120357  70599 1540 INFO] 1767120357.070544,-14.734031,479.608154,478.655191,-60.845706,478.665056,-77.106413,0.009865,-16.260706,motion control,
[1767120357 182824 1540 INFO] 1767120357.182770,-16.989338,472.082519,471.000712,-67.994784,471.010779,-86.465335,0.010067,-18.470551,motion control,
[1767120357 295352 1540 INFO] 1767120357.295301,-18.555713,462.286377,462.246213,-78.608454,462.258864,-96.055387,0.012651,-17.446932,motion control,
[1767120357 407567 1540 INFO] 1767120357.407516,-20.191688,452.746582,452.677936,-87.460553,452.691490,-105.546729,0.013554,-18.086176,motion control,
[1767120357 519784 1540 INFO] 1767120357.519727,-21.992654,441.641235,441.535760,-101.629693,441.552212,-115.619927,0.016452,-13.990234,motion control,
[1767120357 632010 1540 INFO] 1767120357.631959,-23.839578,429.208374,429.057095,-112.901959,429.074807,-125.950183,0.017712,-13.048224,motion control,
[1767120357 744265 1540 INFO] 1767120357.744208,-25.000000,415.502929,415.299219,-124.897105,415.322208,-136.433018,0.022988,-11.535913,motion control,
[1767120357 856437 1540 INFO] 1767120357.856380,-25.000000,400.817871,400.569712,-131.304631,400.589936,-140.000000,0.020223,-8.695369,motion control,
[1767120357 968685 1540 INFO] 1767120357.968623,-25.000000,385.876465,385.577256,-133.992340,385.599235,-140.000000,0.021979,-6.007660,motion control,
[1767120358  80910 1540 INFO] 1767120358.080859,-25.000000,370.715332,370.377627,-135.726091,370.399081,-140.000000,0.021454,-4.273909,motion control,
[1767120358 193157 1540 INFO] 1767120358.193108,-25.000000,355.371093,354.989567,-137.041779,355.012177,-140.000000,0.022610,-2.958221,motion control,
[1767120358 305393 1540 INFO] 1767120358.305344,-24.985041,339.587402,339.148190,-141.228931,339.169773,-140.000000,0.021583,1.228931,motion control,
[1767120358 417642 1540 INFO] 1767120358.417584,-24.901395,323.675537,323.196879,-142.123440,323.219616,-140.000000,0.022737,2.123440,motion control,
[1767120358 529961 1540 INFO] 1767120358.529910,-24.785060,307.699585,307.162238,-142.681440,307.184213,-140.000000,0.021976,2.681440,motion control,
[1767120358 642357 1540 INFO] 1767120358.642283,-24.623944,291.613769,291.021510,-142.814558,291.043907,-140.000000,0.022397,2.814558,motion control,
[1767120358 754862 1540 INFO] 1767120358.754763,-24.472318,275.564575,274.891574,-142.852815,274.916028,-140.000000,0.024454,2.852815,motion control,
[1767120358 867126 1540 INFO] 1767120358.867036,-24.311875,259.469604,258.737031,-143.924131,258.760913,-140.000000,0.023883,3.924131,motion control,
[1767120358 979448 1540 INFO] 1767120358.979396,-24.157292,243.411255,242.615999,-144.252290,242.639489,-140.000000,0.023490,4.252290,motion control,
[1767120359  91871 1540 INFO] 1767120359.091797,-24.018796,227.435303,226.585369,-142.344628,226.615268,-140.000000,0.029899,2.344628,motion control,
[1767120359 204137 1540 INFO] 1767120359.204044,-23.962033,211.706543,210.829155,-139.845335,210.853628,-140.000000,0.024473,-0.154665,motion control,
[1767120359 316477 1540 INFO] 1767120359.316425,-23.986584,196.069336,195.129937,-140.312796,195.151113,-140.000000,0.021176,0.312796,motion control,
[1767120359 428902 1540 INFO] 1767120359.428824,-23.982802,180.386352,179.378902,-140.351228,179.403329,-140.000000,0.024428,0.351228,motion control,
[1767120359 541273 1540 INFO] 1767120359.541193,-23.311764,164.721680,163.671682,-138.212729,163.698208,-136.582324,0.026527,1.630405,motion control,
[1767120359 653530 1540 INFO] 1767120359.653474,-21.375885,149.093628,148.004624,-137.342883,148.026170,-127.686826,0.021546,9.656057,motion control,
[1767120359 765809 1540 INFO] 1767120359.765749,-19.299979,134.445190,133.393548,-127.071545,133.413483,-118.794034,0.019935,8.277511,motion control,
[1767120359 878123 1540 INFO] 1767120359.878032,-17.302747,120.776367,119.738112,-120.995694,119.758075,-109.834927,0.019963,11.160767,motion control,
[1767120359 990393 1540 INFO] 1767120359.990336,-15.334559,108.389282,107.423527,-107.664724,107.439801,-101.074083,0.016274,6.590641,motion control,
[1767120360 102822 1540 INFO] 1767120360.102769,-13.580518,97.055054,96.118028,-99.081630,96.132792,-92.303406,0.014764,6.778224,motion control,
[1767120360 215105 1540 INFO] 1767120360.215009,-11.854234,86.727905,85.852074,-90.003753,85.866022,-83.545815,0.013948,6.457937,motion control,
[1767120360 327405 1540 INFO] 1767120360.327322,-10.152447,77.499390,76.700964,-78.646373,76.714802,-74.881375,0.013838,3.764998,motion control,
[1767120360 439620 1540 INFO] 1767120360.439547,-8.594731,69.461060,68.747060,-68.562277,68.758241,-66.435955,0.011181,2.126322,motion control,
[1767120360 551881 1540 INFO] 1767120360.551812,-7.143522,62.493896,61.848013,-60.060575,61.857321,-58.125709,0.009308,1.934866,motion control,
[1767120360 664132 1540 INFO] 1767120360.664053,-5.783635,56.579590,56.021508,-51.228083,56.029557,-50.044316,0.008049,1.183767,motion control,
[1767120360 776361 1540 INFO] 1767120360.776291,-5.000000,51.571655,51.084400,-42.963660,51.091274,-41.996322,0.006873,0.967338,motion control,
[1767120360 888611 1540 INFO] 1767120360.888554,-5.055577,47.360229,46.932008,-36.763696,46.937854,-40.000000,0.005846,-3.236304,motion control,
[1767120361    987 1540 INFO] 1767120361.000894,-5.221292,43.341064,42.915533,-35.304976,42.921821,-40.000000,0.006288,-4.695024,motion control,
[1767120361 113256 1540 INFO] 1767120361.113197,-5.445280,39.413452,38.972716,-35.448778,38.978987,-40.000000,0.006271,-4.551222,motion control,
[1767120361 225468 1540 INFO] 1767120361.225412,-5.650935,35.467529,35.027183,-34.730115,35.032499,-40.000000,0.005316,-5.269885,motion control,
[1767120361 338499 1540 INFO] 1767120361.338440,-5.881848,31.567383,31.090766,-34.652664,31.095929,-40.000000,0.005164,-5.347336,motion control,
[1767120361 450784 1540 INFO] 1767120361.450732,-6.070310,27.520752,27.015068,-35.930769,27.020345,-40.000000,0.005277,-4.069231,motion control,
[1767120361 563081 1540 INFO] 1767120361.563026,-6.254305,23.437500,22.893358,-37.661682,22.899500,-40.000000,0.006142,-2.338318,motion control,
[1767120361 675360 1540 INFO] 1767120361.675309,-6.394286,19.345093,18.804015,-36.586854,18.809467,-40.000000,0.005452,-3.413146,motion control,
[1767120361 787706 1540 INFO] 1767120361.787652,-6.542959,15.280151,14.739035,-35.575983,14.744447,-40.000000,0.005412,-4.424017,motion control,
[1767120361 899915 1540 INFO] 1767120361.899863,-6.819365,11.563110,11.052285,-32.952303,11.057266,-40.000000,0.004981,-7.047697,motion control,
[1767120362  12167 1540 INFO] 1767120362.012111,-7.229995,8.239746,7.786989,-28.701016,7.791895,-40.000000,0.004906,-11.298984,motion control,
[1767120362 124402 1540 INFO] 1767120362.124336,-7.928313,5.758667,5.434154,-20.140935,5.437439,-40.000000,0.003285,-19.859065,motion control,
[1767120362 236610 1540 INFO] 1767120362.236552,-9.001705,3.909302,3.904564,-13.389567,3.906678,-40.000000,0.002113,-26.610433,motion control,
[1767120362 348819 1540 INFO] 1767120362.348771,-9.400000,2.792358,2.786740,-9.303528,2.788135,-40.000000,0.001395,-30.696472,motion control,
[1767120362 461127 1540 INFO] 1767120362.461045,-9.400000,2.078247,2.072876,-5.863301,2.073849,-40.000000,0.000973,-34.136699,motion control,
[1767120362 573325 1540 INFO] 1767120362.573271,-9.400000,1.593018,1.588134,-4.033239,1.588787,-40.000000,0.000653,-35.966761,motion control,
[1767120362 685561 1540 INFO] 1767120362.685505,-9.400000,1.281738,1.277681,-2.671207,1.278116,-40.000000,0.000435,-37.328793,motion control,
[1767120362 797791 1540 INFO] 1767120362.797713,-9.400000,1.080322,1.077482,-1.607516,1.077739,-40.000000,0.000257,-38.392484,motion control,
[1767120362 909994 1540 INFO] 1767120362.909934,-9.400000,0.915527,0.912906,-1.280781,0.913102,-40.000000,0.000196,-38.719219,motion control,
[1767120363  22254 1540 INFO] 1767120363.022198,-9.400000,0.823975,0.822021,-0.817652,0.822168,-40.000000,0.000147,-39.182348,motion control,
[1767120363 134466 1540 INFO] 1767120363.134415,-9.400000,0.714111,0.711683,-0.900126,0.711818,-40.000000,0.000135,-39.099874,motion control,
[1767120363 246698 1540 INFO] 1767120363.246646,-9.400000,0.650024,0.648565,-0.490784,0.648637,-40.000000,0.000073,-39.509216,motion control,
[1767120363 360524 1540 INFO] 1767120363.360449,0.000000,0.595093,0.593259,-0.381519,0.593282,-0.381519,0.000023,0.000000,motion control,
[1767120363 472720 1540 INFO] 1767120363.472655,0.000000,0.540161,0.538993,-0.228983,0.539009,-0.228983,0.000016,0.000000,motion control,
[1767120363 584974 1540 INFO] 1767120363.584903,0.000000,0.485229,0.483596,-0.305156,0.483617,-0.305156,0.000021,0.000000,motion control,
[1767120363 697239 1540 INFO] 1767120363.697158,0.000000,0.439453,0.439453,-0.000064,0.439453,-0.000064,0.000000,0.000000,ready,
[1767120363 809447 1540 INFO] 1767120363.809384,0.000000,0.384521,0.381564,-0.496046,0.381586,-0.496046,0.000021,0.000000,ready,
[1767120363 921692 1540 INFO] 1767120363.921624,0.000000,0.357056,0.355872,-0.190523,0.355879,-0.190523,0.000008,0.000000,ready,
[1767120364  33932 1540 INFO] 1767120364.033866,0.000000,0.320435,0.317929,-0.381664,0.317945,-0.381664,0.000017,0.000000,ready,
[1767120364 146222 1540 INFO] 1767120364.146151,0.000000,0.302124,0.300599,-0.228360,0.300610,-0.228360,0.000011,0.000000,ready,
[1767120364 258438 1540 INFO] 1767120364.258370,0.000000,0.283813,0.282995,-0.114332,0.283000,-0.114332,0.000005,0.000000,ready,
[1767120364 370694 1540 INFO] 1767120364.370633,0.000000,0.265503,0.265501,-0.000256,0.265501,-0.000256,0.000000,0.000000,ready,
[1767120364 482970 1540 INFO] 1767120364.482902,0.000000,0.238037,0.236265,-0.228734,0.236274,-0.228734,0.000009,0.000000,ready,
[1767120364 595287 1540 INFO] 1767120364.595224,0.000000,0.238037,0.238352,0.038173,0.238350,0.038173,-0.000002,0.000000,ready,
[1767120364 707570 1540 INFO] 1767120364.707505,0.000000,0.219727,0.221032,0.152578,0.221025,0.152578,-0.000006,0.000000,ready,
END
