Warning: Permanently added '10.0.0.2' (ECDSA) to the list of known hosts.
seegrid@10.0.0.2's password: fuzzyrobotcroaksdownhill

Subscribing to lift feedback...
SeegridLog <seegrid.logger.SeegridLog.SeegridLog object at 0x7fc282f8ab00> initializing at level debug, localOnly = True, prefix = True.
[1767119926 389410 23488 Seegrid ERROR] Subscribe attempt failed: 
[1767119926 389470 23488 Seegrid ERROR] Reconnect appears to already be underway. (None, None, None)
[1767119926 389410 23488 Seegrid ERROR] Subscribe attempt failed: 
[1767119926 389470 23488 Seegrid ERROR] Reconnect appears to already be underway. (None, None, None)
[1767119926 395048 23488 Seegrid INFO ] Building protocol: <class 'seegrid.messaging.Amqp.AmqpProtocol'>
[1767119926 396980 23488 Seegrid INFO ] Connection made; beginning authentication.
[1767119926 399918 23488 Seegrid INFO ] connection ready
[1767119926 400021 23488 Seegrid INFO ] Authentication complete.
[1767119926 400064 23488 Seegrid DEBUG] Creating channel.
[1767119926 401809 23488 Seegrid DEBUG] Channel added successfully.
[1767119926 401889 23488 Seegrid DEBUG] channel opened
[1767119926 407284 23488 Seegrid INFO ] Starting to consume from reply queue amq.gen-h9F9ARcgK_aUBcmu2n4llw.
[1767119926 408226 23488 Seegrid DEBUG] The channel is open, and the reply queue is established.
[1767119926 408278 23488 Seegrid DEBUG] The current connection ID of established connection is 8c20f57a-93e2-44db-acb0-3f09bfeef43b
[1767119926 408363 23488 Seegrid DEBUG] Running delayed ops: [<seegrid.messaging.Amqp.DelayedOp object at 0x7fc282f1e1d0>]
[1767119926 408474 23488 Seegrid INFO ] Subscribing callback <bound method AxisPublisher._printData of <__main__.AxisPublisher object at 0x7fc282f8abe0>> to seegrid/vsmExchange->servo_axis.feedback.lift.
[1767119926 408499 23488 Seegrid INFO ] Declaring queue servo.AxisFeedbackMsgQueue_05ba1035-9c76-4c83-8e90-1f573586bec0_servo_axis.feedback.lift_0000000000000000.
[1767119926 411556 23488 Seegrid INFO ] Declaring exchange seegrid/vsmExchange.
[1767119926 412282 23488 Seegrid INFO ] Binding servo.AxisFeedbackMsgQueue_05ba1035-9c76-4c83-8e90-1f573586bec0_servo_axis.feedback.lift_0000000000000000 queue to seegrid/vsmExchange exchange with routing key servo_axis.feedback.lift.
[1767119926 416273 23488 Seegrid DEBUG] Subscribed using tag servo.AxisFeedbackMsgQueue_05ba1035-9c76-4c83-8e90-1f573586bec0_servo_axis.feedback.lift_0000000000000000.
[1767119926 416368 23488 Seegrid DEBUG] Delayed call of <bound method AmqpFactory._subscribe of <seegrid.messaging.Amqp.AmqpFactory object at 0x7fc282f8aa58>> succeeded with value None - firing callback!
Subscription successful!
[1767119926 416523 23488 Seegrid DEBUG] Skipping the cached subscription for [()_<bound method AxisPublisher._printData of <__main__.AxisPublisher object at 0x7fc282f8abe0>>_<class 'seegrid.messaging.msgs.ServoAxisMsgs_pb2.AxisFeedbackMsg'>_Exchange_False_False_None_None_None_None_application/x-protobuf_seegrid/vsmExchange_servo_axis.feedback.lift_{}] as its connection ID 8c20f57a-93e2-44db-acb0-3f09bfeef43b matches with the current connection ID 8c20f57a-93e2-44db-acb0-3f09bfeef43b.
[1767119926 416609 23488 Seegrid DEBUG] Connection status changed to True.
[1767119926 434404 23488 Seegrid DEBUG] CALLBACK: <bound method AxisPublisher._printData of <__main__.AxisPublisher object at 0x7fc282f8abe0>>
lift: 1751.10902
[1767119926 454776 23488 Seegrid DEBUG] CALLBACK: <bound method AxisPublisher._printData of <__main__.AxisPublisher object at 0x7fc282f8abe0>>
lift: 1751.10902
[1767119926 474478 23488 Seegrid DEBUG] CALLBACK: <bound method AxisPublisher._printData of <__main__.AxisPublisher object at 0x7fc282f8abe0>>
lift: 1751.10902
[1767119926 494465 23488 Seegrid DEBUG] CALLBACK: <bound method AxisPublisher._printData of <__main__.AxisPublisher object at 0x7fc282f8abe0>>
lift: 1751.10902
[1767119926 514727 23488 Seegrid DEBUG] CALLBACK: <bound method AxisPublisher._printData of <__main__.AxisPublisher object at 0x7fc282f8abe0>>
lift: 1751.10902
[1767119926 534634 23488 Seegrid DEBUG] CALLBACK: <bound method AxisPublisher._printData of <__main__.AxisPublisher object at 0x7fc282f8abe0>>
lift: 1751.10902
[1767119926 555303 23488 Seegrid DEBUG] CALLBACK: <bound method AxisPublisher._printData of <__main__.AxisPublisher object at 0x7fc282f8abe0>>
lift: 1751.10902
[1767119926 576189 23488 Seegrid DEBUG] CALLBACK: <bound method AxisPublisher._printData of <__main__.AxisPublisher object at 0x7fc282f8abe0>>
lift: 1751.10902
[1767119926 598086 23488 Seegrid DEBUG] CALLBACK: <bound method AxisPublisher._printData of <__main__.AxisPublisher object at 0x7fc282f8abe0>>
lift: 1751.10902
[1767119926 615941 23488 Seegrid DEBUG] CALLBACK: <bound method AxisPublisher._printData of <__main__.AxisPublisher object at 0x7fc282f8abe0>>
lift: 1751.10902
[1767119926 636695 23488 Seegrid DEBUG] CALLBACK: <bound method AxisPublisher._printData of <__main__.AxisPublisher object at 0x7fc282f8abe0>>
lift: 1751.10902
[1767119926 656165 23488 Seegrid DEBUG] CALLBACK: <bound method AxisPublisher._printData of <__main__.AxisPublisher object at 0x7fc282f8abe0>>
lift: 1751.10902
[1767119926 677800 23488 Seegrid DEBUG] CALLBACK: <bound method AxisPublisher._printData of <__main__.AxisPublisher object at 0x7fc282f8abe0>>
lift: 1751.10902
[1767119926 696239 23488 Seegrid DEBUG] CALLBACK: <bound method AxisPublisher._printData of <__main__.AxisPublisher object at 0x7fc282f8abe0>>
lift: 1751.10902
[1767119926 716572 23488 Seegrid DEBUG] CALLBACK: <bound method AxisPublisher._printData of <__main__.AxisPublisher object at 0x7fc282f8abe0>>
lift: 1751.10902
[1767119926 737083 23488 Seegrid DEBUG] CALLBACK: <bound method AxisPublisher._printData of <__main__.AxisPublisher object at 0x7fc282f8abe0>>
lift: 1751.10902
[1767119926 756397 23488 Seegrid DEBUG] CALLBACK: <bound method AxisPublisher._printData of <__main__.AxisPublisher object at 0x7fc282f8abe0>>
lift: 1751.10902
[1767119926 776508 23488 Seegrid DEBUG] CALLBACK: <bound method AxisPublisher._printData of <__main__.AxisPublisher object at 0x7fc282f8abe0>>
lift: 1751.10902
[1767119926 796855 23488 Seegrid DEBUG] CALLBACK: <bound method AxisPublisher._printData of <__main__.AxisPublisher object at 0x7fc282f8abe0>>
lift: 1751.10902
[1767119926 816566 23488 Seegrid DEBUG] CALLBACK: <bound method AxisPublisher._printData of <__main__.AxisPublisher object at 0x7fc282f8abe0>>
lift: 1751.10902
[1767119926 836908 23488 Seegrid DEBUG] CALLBACK: <bound method AxisPublisher._printData of <__main__.AxisPublisher object at 0x7fc282f8abe0>>
lift: 1751.10902
[1767119926 857523 23488 Seegrid DEBUG] CALLBACK: <bound method AxisPublisher._printData of <__main__.AxisPublisher object at 0x7fc282f8abe0>>
lift: 1751.10902
[1767119926 879630 23488 Seegrid DEBUG] CALLBACK: <bound method AxisPublisher._printData of <__main__.AxisPublisher object at 0x7fc282f8abe0>>
lift: 1751.10902
[1767119926 897182 23488 Seegrid DEBUG] CALLBACK: <bound method AxisPublisher._printData of <__main__.AxisPublisher object at 0x7fc282f8abe0>>
lift: 1751.10902
[1767119926 917719 23488 Seegrid DEBUG] CALLBACK: <bound method AxisPublisher._printData of <__main__.AxisPublisher object at 0x7fc282f8abe0>>
lift: 1751.10902
[1767119926 937230 23488 Seegrid DEBUG] CALLBACK: <bound method AxisPublisher._printData of <__main__.AxisPublisher object at 0x7fc282f8abe0>>
lift: 1751.10902
[1767119926 957178 23488 Seegrid DEBUG] CALLBACK: <bound method AxisPublisher._printData of <__main__.AxisPublisher object at 0x7fc282f8abe0>>
lift: 1751.10902
[1767119926 977508 23488 Seegrid DEBUG] CALLBACK: <bound method AxisPublisher._printData of <__main__.AxisPublisher object at 0x7fc282f8abe0>>
lift: 1751.10902
[1767119926 999545 23488 Seegrid DEBUG] CALLBACK: <bound method AxisPublisher._printData of <__main__.AxisPublisher object at 0x7fc282f8abe0>>
lift: 1751.10902
[1767119927 019478 23488 Seegrid DEBUG] CALLBACK: <bound method AxisPublisher._printData of <__main__.AxisPublisher object at 0x7fc282f8abe0>>
lift: 1751.10902
[1767119927 039522 23488 Seegrid DEBUG] CALLBACK: <bound method AxisPublisher._printData of <__main__.AxisPublisher object at 0x7fc282f8abe0>>
lift: 1751.10902
[1767119927 059044 23488 Seegrid DEBUG] CALLBACK: <bound method AxisPublisher._printData of <__main__.AxisPublisher object at 0x7fc282f8abe0>>
lift: 1751.10902
[1767119927 081670 23488 Seegrid DEBUG] CALLBACK: <bound method AxisPublisher._printData of <__main__.AxisPublisher object at 0x7fc282f8abe0>>
lift: 1751.10902
[1767119927 099878 23488 Seegrid DEBUG] CALLBACK: <bound method AxisPublisher._printData of <__main__.AxisPublisher object at 0x7fc282f8abe0>>
lift: 1751.10902
[1767119927 120717 23488 Seegrid DEBUG] CALLBACK: <bound method AxisPublisher._printData of <__main__.AxisPublisher object at 0x7fc282f8abe0>>
lift: 1751.10902
[1767119927 139940 23488 Seegrid DEBUG] CALLBACK: <bound method AxisPublisher._printData of <__main__.AxisPublisher object at 0x7fc282f8abe0>>
lift: 1751.10902
[1767119927 160409 23488 Seegrid DEBUG] CALLBACK: <bound method AxisPublisher._printData of <__main__.AxisPublisher object at 0x7fc282f8abe0>>
lift: 1751.10902
[1767119927 181199 23488 Seegrid DEBUG] CALLBACK: <bound method AxisPublisher._printData of <__main__.AxisPublisher object at 0x7fc282f8abe0>>
lift: 1751.10902
[1767119927 199916 23488 Seegrid DEBUG] CALLBACK: <bound method AxisPublisher._printData of <__main__.AxisPublisher object at 0x7fc282f8abe0>>
lift: 1751.10902
[1767119927 220541 23488 Seegrid DEBUG] CALLBACK: <bound method AxisPublisher._printData of <__main__.AxisPublisher object at 0x7fc282f8abe0>>
lift: 1751.10902
[1767119927 241040 23488 Seegrid DEBUG] CALLBACK: <bound method AxisPublisher._printData of <__main__.AxisPublisher object at 0x7fc282f8abe0>>
lift: 1751.10902
[1767119927 260276 23488 Seegrid DEBUG] CALLBACK: <bound method AxisPublisher._printData of <__main__.AxisPublisher object at 0x7fc282f8abe0>>
lift: 1751.10902
[1767119927 281617 23488 Seegrid DEBUG] CALLBACK: <bound method AxisPublisher._printData of <__main__.AxisPublisher object at 0x7fc282f8abe0>>
lift: 1751.10902
[1767119927 310232 23488 Seegrid DEBUG] CALLBACK: <bound method AxisPublisher._printData of <__main__.AxisPublisher object at 0x7fc282f8abe0>>
lift: 1751.10902
[1767119927 320519 23488 Seegrid DEBUG] CALLBACK: <bound method AxisPublisher._printData of <__main__.AxisPublisher object at 0x7fc282f8abe0>>
lift: 1751.07251
[1767119927 340312 23488 Seegrid DEBUG] CALLBACK: <bound method AxisPublisher._printData of <__main__.AxisPublisher object at 0x7fc282f8abe0>>
lift: 1751.10931
[1767119927 360576 23488 Seegrid DEBUG] CALLBACK: <bound method AxisPublisher._printData of <__main__.AxisPublisher object at 0x7fc282f8abe0>>
lift: 1751.10906
[1767119927 384234 23488 Seegrid DEBUG] CALLBACK: <bound method AxisPublisher._printData of <__main__.AxisPublisher object at 0x7fc282f8abe0>>
lift: 1751.10913
[1767119927 402485 23488 Seegrid DEBUG] CALLBACK: <bound method AxisPublisher._printData of <__main__.AxisPublisher object at 0x7fc282f8abe0>>
lift: 1751.10923
[1767119927 421578 23488 Seegrid DEBUG] CALLBACK: <bound method AxisPublisher._printData of <__main__.AxisPublisher object at 0x7fc282f8abe0>>
lift: 1751.10931
[1767119927 439100 23488 Seegrid DEBUG] CALLBACK: <bound method AxisPublisher._printData of <__main__.AxisPublisher object at 0x7fc282f8abe0>>
lift: 1751.10907
[1767119927 458869 23488 Seegrid DEBUG] CALLBACK: <bound method AxisPublisher._printData of <__main__.AxisPublisher object at 0x7fc282f8abe0>>
lift: 1751.10914
[1767119927 481463 23488 Seegrid DEBUG] CALLBACK: <bound method AxisPublisher._printData of <__main__.AxisPublisher object at 0x7fc282f8abe0>>
lift: 1751.10924
[1767119927 499424 23488 Seegrid DEBUG] CALLBACK: <bound method AxisPublisher._printData of <__main__.AxisPublisher object at 0x7fc282f8abe0>>
lift: 1751.10932
[1767119927 519519 23488 Seegrid DEBUG] CALLBACK: <bound method AxisPublisher._printData of <__main__.AxisPublisher object at 0x7fc282f8abe0>>
lift: 1751.10908
[1767119927 540034 23488 Seegrid DEBUG] CALLBACK: <bound method AxisPublisher._printData of <__main__.AxisPublisher object at 0x7fc282f8abe0>>
lift: 1751.10915
[1767119927 559734 23488 Seegrid DEBUG] CALLBACK: <bound method AxisPublisher._printData of <__main__.AxisPublisher object at 0x7fc282f8abe0>>
lift: 1751.10902
[1767119927 579831 23488 Seegrid DEBUG] CALLBACK: <bound method AxisPublisher._printData of <__main__.AxisPublisher object at 0x7fc282f8abe0>>
lift: 1751.10902
[1767119927 599630 23488 Seegrid DEBUG] CALLBACK: <bound method AxisPublisher._printData of <__main__.AxisPublisher object at 0x7fc282f8abe0>>
lift: 1751.10902
[1767119927 620307 23488 Seegrid DEBUG] CALLBACK: <bound method AxisPublisher._printData of <__main__.AxisPublisher object at 0x7fc282f8abe0>>
lift: 1751.10902
[1767119927 640344 23488 Seegrid DEBUG] CALLBACK: <bound method AxisPublisher._printData of <__main__.AxisPublisher object at 0x7fc282f8abe0>>
lift: 1751.10902
[1767119927 660341 23488 Seegrid DEBUG] CALLBACK: <bound method AxisPublisher._printData of <__main__.AxisPublisher object at 0x7fc282f8abe0>>
lift: 1751.10902
[1767119927 681659 23488 Seegrid DEBUG] CALLBACK: <bound method AxisPublisher._printData of <__main__.AxisPublisher object at 0x7fc282f8abe0>>
lift: 1751.10902
[1767119927 700406 23488 Seegrid DEBUG] CALLBACK: <bound method AxisPublisher._printData of <__main__.AxisPublisher object at 0x7fc282f8abe0>>
lift: 1751.10902
[1767119927 721162 23488 Seegrid DEBUG] CALLBACK: <bound method AxisPublisher._printData of <__main__.AxisPublisher object at 0x7fc282f8abe0>>
lift: 1751.10902
[1767119927 740940 23488 Seegrid DEBUG] CALLBACK: <bound method AxisPublisher._printData of <__main__.AxisPublisher object at 0x7fc282f8abe0>>
lift: 1751.10902
[1767119927 762065 23488 Seegrid DEBUG] CALLBACK: <bound method AxisPublisher._printData of <__main__.AxisPublisher object at 0x7fc282f8abe0>>
lift: 1751.10902
[1767119927 781436 23488 Seegrid DEBUG] CALLBACK: <bound method AxisPublisher._printData of <__main__.AxisPublisher object at 0x7fc282f8abe0>>
lift: 1751.10902
[1767119927 801741 23488 Seegrid DEBUG] CALLBACK: <bound method AxisPublisher._printData of <__main__.AxisPublisher object at 0x7fc282f8abe0>>
lift: 1751.10902
[1767119927 821566 23488 Seegrid DEBUG] CALLBACK: <bound method AxisPublisher._printData of <__main__.AxisPublisher object at 0x7fc282f8abe0>>
lift: 1751.10902
[1767119927 841708 23488 Seegrid DEBUG] CALLBACK: <bound method AxisPublisher._printData of <__main__.AxisPublisher object at 0x7fc282f8abe0>>
lift: 1751.10902
[1767119927 862908 23488 Seegrid DEBUG] CALLBACK: <bound method AxisPublisher._printData of <__main__.AxisPublisher object at 0x7fc282f8abe0>>
Unhandled error in Deferred:

Traceback (most recent call last):
Failure: twisted.internet.error.ConnectionLost: Connection to the other side was lost in a non-clean fashion: Connection lost.

lift: 1751.10902
[1767119927 867433 23488 Seegrid WARN ] Error reported: b'AMQP_RECEIVE_FAILED's Failed to receive a servo_axis.feedback.lift message:
[Failure instance: Traceback (failure with no frames): <class 'twisted.internet.error.ConnectionLost'>: Connection to the other side was lost in a non-clean fashion: Connection lost.
]
[1767119927 867433 23488 Seegrid WARN ] Error reported: b'AMQP_RECEIVE_FAILED's Failed to receive a servo_axis.feedback.lift message:
[Failure instance: Traceback (failure with no frames): <class 'twisted.internet.error.ConnectionLost'>: Connection to the other side was lost in a non-clean fashion: Connection lost.
]
[1767119927 868426 23488 Seegrid WARN ] AMQP connection was lost.
[1767119927 868426 23488 Seegrid WARN ] AMQP connection was lost.
[1767119927 868672 23488 Seegrid DEBUG] Connection status changed to False.
END
