Warning: Permanently added '10.0.0.2' (ECDSA) to the list of known hosts.
seegrid@10.0.0.2's password: fuzzyrobotcroaksdownhill

*************************************************
Starting log...
*************************************************
Software version number: 4.6.0.3359.gitd42372b
Vehicle name: 9332000109-cab-reach-1-200in
Vehicle ID: A1-003181
Machine ID: A1-003181
[1767120116 740320 1540 INFO] 1767120116.740260,0.000000,3450.965910,3450.965117,-0.060549,3450.000000,0.000000,-0.965117,0.060549,monitor,
[1767120116 852504 1540 INFO] 1767120116.852445,0.000000,3450.965910,3450.965103,-0.060491,3450.000000,0.000000,-0.965103,0.060491,monitor,
[1767120116 964718 1540 INFO] 1767120116.964641,0.000000,3450.999785,3451.002810,0.221946,3450.000000,0.000000,-1.002810,-0.221946,monitor,
[1767120117  76894 1540 INFO] 1767120117.076829,0.000000,3450.999785,3451.002296,0.181479,3450.000000,0.000000,-1.002296,-0.181479,monitor,
[1767120117 189138 1540 INFO] 1767120117.189043,0.000000,3450.965910,3450.965054,-0.060542,3450.000000,0.000000,-0.965054,0.060542,monitor,
[1767120117 301320 1540 INFO] 1767120117.301238,0.000000,3450.965910,3450.964464,-0.100379,3450.000000,0.000000,-0.964464,0.100379,monitor,
[1767120117 413542 1540 INFO] 1767120117.413474,0.000000,3450.999785,3451.002128,0.161804,3450.000000,0.000000,-1.002128,-0.161804,monitor,
[1767120117 525827 1540 INFO] 1767120117.525756,0.000000,3450.999785,3451.003122,0.221877,3450.000000,0.000000,-1.003122,-0.221877,monitor,
[1767120117 638369 1540 INFO] 1767120117.638297,0.000000,3450.965910,3450.964646,-0.080853,3450.000000,0.000000,-0.964646,0.080853,monitor,
[1767120117 750642 1540 INFO] 1767120117.750571,0.000000,3450.965910,3450.963976,-0.121019,3450.000000,0.000000,-0.963976,0.121019,monitor,
[1767120117 863014 1540 INFO] 1767120117.862948,0.000000,3450.999785,3450.999851,0.158911,3450.000000,0.000000,-0.999851,-0.158911,monitor,
[1767120117 975352 1540 INFO] 1767120117.975286,0.000000,3450.965910,3450.965826,-0.105895,3450.000000,0.000000,-0.965826,0.105895,monitor,
[1767120118  87631 1540 INFO] 1767120118.087561,0.000000,3450.965910,3450.965768,-0.123570,3450.000000,0.000000,-0.965768,0.123570,monitor,
[1767120118 199832 1540 INFO] 1767120118.199767,0.000000,3450.965910,3450.965836,-0.052886,3450.000000,0.000000,-0.965836,0.052886,monitor,
[1767120118 312060 1540 INFO] 1767120118.311994,0.000000,3450.999785,3451.000165,0.229524,3450.000000,0.000000,-1.000165,-0.229524,monitor,
[1767120118 425385 1540 INFO] 1767120118.424732,0.000000,3450.999785,3451.003969,0.221900,3450.000000,0.000000,-1.003969,-0.221900,monitor,
[1767120118 536976 1540 INFO] 1767120118.536909,0.000000,3450.965910,3450.965674,-0.088266,3450.000000,0.000000,-0.965674,0.088266,monitor,
[1767120118 649198 1540 INFO] 1767120118.649128,0.000000,3450.965910,3450.965594,-0.105930,3450.000000,0.000000,-0.965594,0.105930,monitor,
[1767120118 761524 1540 INFO] 1767120118.761466,-2.952756,3450.965910,3450.965791,-0.035290,3450.965747,-50.000000,-0.000044,-49.964710,motion control,
[1767120118 873798 1540 INFO] 1767120118.873722,-2.952756,3450.965910,3450.965910,-0.000013,3450.965747,-50.000000,-0.000163,-49.999987,motion control,
[1767120118 986137 1540 INFO] 1767120118.986056,-5.329272,3450.525541,3450.512212,-3.301903,3450.512737,-50.000000,0.000525,-46.698097,motion control,
[1767120119  98331 1540 INFO] 1767120119.098282,-7.474085,3447.815580,3447.734677,-18.657930,3447.737400,-50.000000,0.002722,-31.342070,motion control,
[1767120119 210796 1540 INFO] 1767120119.210743,-9.259443,3446.223478,3446.141373,-17.198061,3446.144264,-50.000000,0.002891,-32.801939,motion control,
[1767120119 323231 1540 INFO] 1767120119.323178,-10.894690,3443.039274,3442.908159,-24.348558,3442.912612,-50.000000,0.004453,-25.651442,motion control,
[1767120119 435439 1540 INFO] 1767120119.435390,-12.321920,3440.668058,3440.538534,-22.985588,3440.542096,-50.000000,0.003562,-27.014412,motion control,
[1767120119 547655 1540 INFO] 1767120119.547605,-13.730381,3437.111235,3436.940998,-28.805160,3436.945346,-50.000000,0.004347,-21.194840,motion control,
[1767120119 659908 1540 INFO] 1767120119.659849,-14.906737,3434.333525,3434.167011,-26.826762,3434.171085,-50.000000,0.004074,-23.173238,motion control,
[1767120119 772154 1540 INFO] 1767120119.772077,-16.264819,3431.183195,3431.005336,-27.274925,3431.010057,-50.000000,0.004721,-22.725075,motion control,
[1767120119 884355 1540 INFO] 1767120119.884302,-22.118598,3427.389250,3427.169809,-32.442776,3427.174643,-57.080827,0.004834,-24.638051,motion control,
[1767120119 996623 1540 INFO] 1767120119.996564,-27.478016,3424.272795,3424.061045,-29.677874,3424.065970,-62.289288,0.004925,-32.611413,motion control,
[1767120120 108844 1540 INFO] 1767120120.108790,-34.472988,3419.564237,3419.281302,-38.147081,3419.287095,-69.539416,0.005793,-31.392335,motion control,
[1767120120 221182 1540 INFO] 1767120120.221128,-41.104581,3414.686308,3414.349737,-43.088949,3414.357154,-76.300187,0.007417,-33.211238,motion control,
[1767120120 333506 1540 INFO] 1767120120.333452,-49.265821,3408.284025,3407.849036,-53.345732,3407.857201,-84.390220,0.008165,-31.044488,motion control,
[1767120120 445843 1540 INFO] 1767120120.445782,-57.162994,3401.542997,3401.031468,-59.660388,3401.041553,-92.113185,0.010085,-32.452796,motion control,
[1767120120 558162 1540 INFO] 1767120120.558111,-66.081359,3392.972745,3392.322424,-72.570751,3392.334917,-101.124508,0.012492,-28.553756,motion control,
[1767120120 670452 1540 INFO] 1767120120.670393,-72.664139,3383.826627,3383.078963,-80.812509,3383.092219,-109.884965,0.013256,-29.072456,motion control,
[1767120120 782769 1540 INFO] 1767120120.782702,-78.696403,3373.359403,3372.487928,-90.711758,3372.502721,-119.132721,0.014793,-28.420963,motion control,
[1767120120 895084 1540 INFO] 1767120120.895025,-82.899871,3362.079191,3361.084235,-99.049307,3361.101569,-128.346545,0.017334,-29.297238,motion control,
[1767120121   7474 1540 INFO] 1767120121.007415,-87.284635,3350.019864,3348.905945,-106.351215,3348.925190,-137.506768,0.019245,-31.155554,motion control,
[1767120121 119765 1540 INFO] 1767120121.119709,-91.199555,3335.047330,3333.646177,-128.912424,3333.667323,-148.188005,0.021146,-19.275581,motion control,
[1767120121 232031 1540 INFO] 1767120121.231977,-93.969737,3318.584317,3316.965565,-144.750850,3316.990033,-159.044468,0.024469,-14.293618,motion control,
[1767120121 344468 1540 INFO] 1767120121.344416,-96.727229,3301.003445,3299.188656,-155.203070,3299.215039,-169.853294,0.026383,-14.650225,motion control,
[1767120121 456751 1540 INFO] 1767120121.456698,-99.122452,3281.254605,3279.177723,-172.986359,3279.207336,-181.250330,0.029613,-8.263972,motion control,
[1767120121 569060 1540 INFO] 1767120121.569003,-100.000000,3259.947537,3257.608684,-188.130174,3257.640082,-192.782606,0.031398,-4.652432,motion control,
[1767120121 681322 1540 INFO] 1767120121.681269,-100.000000,3236.066006,3233.418130,-208.575082,3233.449657,-204.946866,0.031528,3.628216,motion control,
[1767120121 793554 1540 INFO] 1767120121.793503,-100.000000,3211.371487,3208.520274,-219.492918,3208.553452,-216.754375,0.033178,2.738543,motion control,
[1767120121 905809 1540 INFO] 1767120121.905748,-100.000000,3186.710842,3183.773823,-220.679124,3183.809548,-227.884268,0.035725,-7.205145,motion control,
[1767120122  18078 1540 INFO] 1767120122.018019,-100.000000,3161.271083,3158.189990,-226.319037,3158.235261,-238.843248,0.045271,-12.524211,motion control,
[1767120122 130339 1540 INFO] 1767120122.130283,-99.846189,3130.614650,3126.934009,-263.807076,3126.984955,-250.000000,0.050946,13.807076,motion control,
[1767120122 242613 1540 INFO] 1767120122.242540,-98.588509,3100.263087,3096.384071,-272.288379,3096.444769,-250.000000,0.060699,22.288379,motion control,
[1767120122 354820 1540 INFO] 1767120122.354761,-97.524635,3070.284144,3066.376285,-267.989113,3066.432575,-250.000000,0.056290,17.989113,motion control,
[1767120122 466999 1540 INFO] 1767120122.466947,-96.469987,3040.237452,3036.372494,-267.509533,3036.421731,-250.000000,0.049238,17.509533,motion control,
[1767120122 579261 1540 INFO] 1767120122.579212,-95.575716,3010.665003,3006.715903,-264.752717,3006.771766,-250.000000,0.055863,14.752717,motion control,
[1767120122 691831 1540 INFO] 1767120122.691778,-94.716726,2980.990931,2976.803838,-265.222014,2976.858725,-250.000000,0.054887,15.222014,motion control,
[1767120122 804073 1540 INFO] 1767120122.804023,-93.938549,2951.723352,2947.512015,-262.242852,2947.569724,-250.000000,0.057709,12.242852,motion control,
[1767120122 916318 1540 INFO] 1767120122.916262,-93.288614,2922.625146,2918.377148,-259.831076,2918.437920,-250.000000,0.060772,9.831076,motion control,
[1767120123  28576 1540 INFO] 1767120123.028510,-93.129180,2891.494470,2891.331985,-246.210206,2891.379944,-250.000000,0.047959,-3.789794,motion control,
[1767120123 140832 1540 INFO] 1767120123.140784,-93.523633,2864.496484,2864.255239,-241.261819,2864.303730,-250.000000,0.048490,-8.738181,motion control,
[1767120123 253103 1540 INFO] 1767120123.253028,-93.989067,2837.498498,2837.188994,-240.844342,2837.234300,-250.000000,0.045306,-9.155658,motion control,
[1767120123 365631 1540 INFO] 1767120123.365550,-94.547333,2810.568261,2810.122423,-240.604741,2810.176345,-250.000000,0.053923,-9.395259,motion control,
[1767120123 477973 1540 INFO] 1767120123.477883,-95.097961,2783.638024,2783.089203,-241.139933,2783.135254,-250.000000,0.046051,-8.860067,motion control,
[1767120123 590249 1540 INFO] 1767120123.590193,-95.521773,2756.199669,2755.547051,-244.334295,2755.604489,-250.000000,0.057438,-5.665705,motion control,
[1767120123 702628 1540 INFO] 1767120123.702546,-95.819587,2728.795189,2728.043919,-245.275396,2728.094912,-250.000000,0.050993,-4.724604,motion control,
[1767120123 814969 1540 INFO] 1767120123.814891,-96.113877,2701.424583,2700.571447,-244.871730,2700.618445,-250.000000,0.046997,-5.128270,motion control,
[1767120123 927216 1540 INFO] 1767120123.927160,-96.393334,2674.053977,2673.125365,-244.561312,2673.176209,-250.000000,0.050845,-5.438688,motion control,
[1767120124  39499 1540 INFO] 1767120124.039447,-96.663980,2646.513999,2645.496371,-245.385900,2645.546919,-250.000000,0.050548,-4.614100,motion control,
[1767120124 151832 1540 INFO] 1767120124.151760,-96.945733,2619.143393,2618.045790,-244.837571,2618.093774,-250.000000,0.047983,-5.162429,motion control,
[1767120124 264059 1540 INFO] 1767120124.264006,-97.232273,2591.671164,2590.580627,-244.561955,2590.629315,-250.000000,0.048687,-5.438045,motion control,
[1767120124 376345 1540 INFO] 1767120124.376295,-97.511577,2564.266684,2563.002239,-245.190315,2563.067186,-250.000000,0.064947,-4.809685,motion control,
[1767120124 488510 1540 INFO] 1767120124.488453,-97.807099,2536.929953,2535.618510,-244.535932,2535.667658,-250.000000,0.049149,-5.464068,motion control,
[1767120124 600752 1540 INFO] 1767120124.600695,-98.118005,2509.593222,2508.201653,-244.262947,2508.252726,-250.000000,0.051074,-5.737053,motion control,
[1767120124 712965 1540 INFO] 1767120124.712900,-98.442826,2482.222616,2480.766704,-244.486375,2480.822196,-250.000000,0.055492,-5.513625,motion control,
[1767120124 825180 1540 INFO] 1767120124.825123,-98.781697,2455.021383,2453.510317,-243.408435,2453.564114,-250.000000,0.053797,-6.591565,motion control,
[1767120124 937393 1540 INFO] 1767120124.937330,-99.020780,2427.108785,2425.502286,-247.380308,2425.550060,-250.000000,0.047774,-2.619692,motion control,
[1767120125  49655 1540 INFO] 1767120125.049595,-99.151838,2399.230061,2397.572838,-249.127274,2397.626413,-250.000000,0.053576,-0.872726,motion control,
[1767120125 161837 1540 INFO] 1767120125.161780,-99.130187,2371.249715,2369.488370,-249.767233,2369.537557,-250.000000,0.049188,-0.232767,motion control,
[1767120125 274034 1540 INFO] 1767120125.273969,-99.128277,2343.066121,2341.232461,-251.189714,2341.278635,-250.000000,0.046174,1.189714,motion control,
[1767120125 386319 1540 INFO] 1767120125.386259,-99.070228,2315.085774,2313.158710,-250.727150,2313.214901,-250.000000,0.056191,0.727150,motion control,
[1767120125 498562 1540 INFO] 1767120125.498499,-99.031230,2286.868305,2284.939460,-251.052388,2284.994946,-250.000000,0.055486,1.052388,motion control,
[1767120125 610778 1540 INFO] 1767120125.610721,-99.052975,2259.125080,2257.073855,-249.752127,2257.128815,-250.000000,0.054961,-0.247873,motion control,
[1767120125 723018 1540 INFO] 1767120125.722927,-99.006683,2230.738239,2228.596529,-252.529606,2228.656616,-250.000000,0.060087,2.529606,motion control,
[1767120125 835215 1540 INFO] 1767120125.835160,-98.835974,2202.453021,2200.230264,-253.161385,2200.285673,-250.000000,0.055409,3.161385,motion control,
[1767120125 947427 1540 INFO] 1767120125.947360,-98.651964,2174.032306,2171.745585,-253.574511,2171.794797,-250.000000,0.049212,3.574511,motion control,
[1767120126  59710 1540 INFO] 1767120126.059634,-98.456594,2145.679339,2143.319299,-253.358694,2143.375537,-250.000000,0.056237,3.358694,motion control,
[1767120126 171988 1540 INFO] 1767120126.171933,-98.325380,2117.766741,2115.326716,-250.335287,2115.381029,-250.000000,0.054313,0.335287,motion control,
[1767120126 284217 1540 INFO] 1767120126.284152,-98.346374,2089.921892,2087.431892,-248.597219,2087.486361,-250.000000,0.054469,-1.402781,motion control,
[1767120126 396431 1540 INFO] 1767120126.396368,-98.433312,2062.144793,2059.603032,-247.974388,2059.651689,-250.000000,0.048657,-2.025612,motion control,
[1767120126 508657 1540 INFO] 1767120126.508592,-98.556782,2034.401567,2031.780169,-247.907422,2031.831000,-250.000000,0.050831,-2.092578,motion control,
[1767120126 620879 1540 INFO] 1767120126.620822,-98.668582,2006.590593,2003.889366,-248.476097,2003.938596,-250.000000,0.049230,-1.523903,motion control,
[1767120126 733141 1540 INFO] 1767120126.733060,-98.701919,1978.339250,1975.528514,-251.854971,1975.579134,-250.000000,0.050620,1.854971,motion control,
[1767120126 845376 1540 INFO] 1767120126.845314,-98.537040,1949.918534,1947.004207,-254.038576,1947.055508,-250.000000,0.051301,4.038576,motion control,
[1767120126 957600 1540 INFO] 1767120126.957538,-98.500528,1923.598038,1920.808717,-237.654653,1920.857899,-250.000000,0.049182,-12.345347,motion control,
[1767120127  69844 1540 INFO] 1767120127.069773,-100.000000,1908.761002,1906.877297,-156.142958,1906.908046,-250.000000,0.030750,-93.857042,motion control,
[1767120127 182059 1540 INFO] 1767120127.181997,-100.000000,1893.280350,1891.619367,-135.083609,1891.645004,-250.000000,0.025636,-114.916391,motion control,
[1767120127 294334 1540 INFO] 1767120127.294259,-100.000000,1878.951432,1877.296612,-130.640789,1877.325361,-250.000000,0.028749,-119.359211,motion control,
[1767120127 406537 1540 INFO] 1767120127.406473,-100.000000,1864.758011,1863.113350,-127.383648,1863.141747,-250.000000,0.028397,-122.616352,motion control,
[1767120127 518919 1540 INFO] 1767120127.518847,-100.000000,1850.632340,1848.946236,-126.214146,1848.975154,-250.000000,0.028918,-123.785854,motion control,
[1767120127 631213 1540 INFO] 1767120127.631153,-100.000000,1836.642166,1834.927215,-125.033065,1834.957711,-250.000000,0.030496,-124.966935,motion control,
[1767120127 743495 1540 INFO] 1767120127.743444,-100.000000,1822.347122,1820.569616,-126.656844,1820.595344,-250.000000,0.025728,-123.343156,motion control,
[1767120127 856196 1540 INFO] 1767120127.856128,-100.000000,1808.085953,1806.201712,-127.210475,1806.230858,-250.000000,0.029146,-122.789525,motion control,
[1767120127 968955 1540 INFO] 1767120127.968899,-100.000000,1793.824783,1791.830428,-127.353075,1791.857026,-250.000000,0.026598,-122.646925,motion control,
[1767120128  81562 1540 INFO] 1767120128.081502,-100.000000,1777.869888,1777.829697,-125.238400,1777.856362,-250.000000,0.026664,-124.761600,motion control,
[1767120128 193934 1540 INFO] 1767120128.193859,-100.000000,1763.710342,1763.621865,-125.839249,1763.648177,-250.000000,0.026312,-124.160751,motion control,
[1767120128 306234 1540 INFO] 1767120128.306180,-100.000000,1749.720168,1749.580601,-125.619337,1749.610372,-250.000000,0.029770,-124.380663,motion control,
[1767120128 418514 1540 INFO] 1767120128.418454,-100.000000,1735.526748,1735.343591,-126.475941,1735.369011,-250.000000,0.025420,-123.524059,motion control,
[1767120128 530762 1540 INFO] 1767120128.530698,-100.000000,1721.739821,1721.521280,-124.440623,1721.547181,-250.000000,0.025901,-125.559377,motion control,
[1767120128 643041 1540 INFO] 1767120128.642966,-100.000000,1707.580275,1707.319385,-125.862867,1707.346573,-250.000000,0.027187,-124.137133,motion control,
[1767120128 755352 1540 INFO] 1767120128.755294,-100.000000,1693.488478,1693.177986,-126.265180,1693.206916,-250.000000,0.028930,-123.734820,motion control,
[1767120128 867655 1540 INFO] 1767120128.867571,-100.000000,1679.362807,1679.010887,-126.094390,1679.044046,-250.000000,0.033160,-123.905610,motion control,
[1767120128 979856 1540 INFO] 1767120128.979793,-100.000000,1665.372633,1664.992660,-125.440821,1665.021909,-250.000000,0.029249,-124.559179,motion control,
[1767120129  92227 1540 INFO] 1767120129.092173,-100.000000,1651.382460,1650.968095,-125.150982,1650.995009,-250.000000,0.026914,-124.849018,motion control,
[1767120129 204646 1540 INFO] 1767120129.204592,-100.000000,1637.121290,1636.613842,-126.954558,1636.639116,-250.000000,0.025274,-123.045442,motion control,
[1767120129 316974 1540 INFO] 1767120129.316922,-100.000000,1623.266615,1622.722486,-125.026950,1622.748122,-250.000000,0.025636,-124.973050,motion control,
[1767120129 429247 1540 INFO] 1767120129.429192,-100.000000,1609.107069,1608.517534,-125.644871,1608.546321,-250.000000,0.028788,-124.355129,motion control,
[1767120129 541420 1540 INFO] 1767120129.541368,-100.000000,1595.083021,1594.463349,-125.469209,1594.487788,-250.000000,0.024440,-124.530791,motion control,
[1767120129 653705 1540 INFO] 1767120129.653623,-100.000000,1580.957350,1580.292594,-125.729872,1580.321012,-250.000000,0.028418,-124.270128,motion control,
[1767120129 765943 1540 INFO] 1767120129.765875,-100.000000,1567.136549,1566.445409,-124.174300,1566.473978,-250.000000,0.028569,-125.825700,motion control,
[1767120129 878162 1540 INFO] 1767120129.878085,-100.000000,1552.977003,1552.241069,-125.691439,1552.271246,-250.000000,0.030177,-124.308561,motion control,
[1767120129 990393 1540 INFO] 1767120129.990332,-100.000000,1538.783582,1538.005250,-126.788865,1538.033121,-250.000000,0.027871,-123.211135,motion control,
[1767120130 102737 1540 INFO] 1767120130.102678,-100.000000,1524.827283,1524.008774,-125.445768,1524.035483,-250.000000,0.026708,-124.554232,motion control,
[1767120130 215108 1540 INFO] 1767120130.214993,-100.000000,1510.837110,1509.974709,-125.096642,1510.003968,-250.000000,0.029259,-124.903358,motion control,
[1767120130 327340 1540 INFO] 1767120130.327267,-100.000000,1496.813062,1495.905819,-125.086379,1495.935343,-250.000000,0.029525,-124.913621,motion control,
[1767120130 439563 1540 INFO] 1767120130.439471,-100.000000,1482.551892,1481.602806,-126.457506,1481.631659,-250.000000,0.028853,-123.542494,motion control,
[1767120130 551795 1540 INFO] 1767120130.551742,-100.000000,1468.629468,1467.651916,-124.974010,1467.678167,-250.000000,0.026250,-125.025990,motion control,
[1767120130 664072 1540 INFO] 1767120130.664022,-100.000000,1454.571545,1453.552769,-124.895702,1453.576472,-250.000000,0.023703,-125.104298,motion control,
[1767120130 776326 1540 INFO] 1767120130.776267,-100.000000,1440.513623,1439.451019,-125.291933,1439.478202,-250.000000,0.027183,-124.708067,motion control,
[1767120130 888678 1540 INFO] 1767120130.888600,-100.000000,1426.286328,1425.159883,-126.469564,1425.190217,-250.000000,0.030334,-123.530436,motion control,
[1767120131    873 1540 INFO] 1767120131.000821,-100.000000,1412.330029,1411.187395,-125.190758,1411.212199,-250.000000,0.024804,-124.809242,motion control,
[1767120131 113185 1540 INFO] 1767120131.113107,-100.000000,1398.170483,1396.971990,-125.825221,1396.999049,-250.000000,0.027059,-124.174779,motion control,
[1767120131 225497 1540 INFO] 1767120131.225440,-100.000000,1383.909313,1382.666722,-126.820270,1382.692453,-250.000000,0.025731,-123.179730,motion control,
[1767120131 337849 1540 INFO] 1767120131.337789,-100.000000,1369.851391,1368.595404,-125.535933,1368.620693,-250.000000,0.025289,-124.464067,motion control,
[1767120131 450235 1540 INFO] 1767120131.450166,-100.000000,1355.793468,1354.449058,-125.469794,1354.478285,-250.000000,0.029226,-124.530206,motion control,
[1767120131 562631 1540 INFO] 1767120131.562556,-100.000000,1341.701671,1340.291154,-125.985219,1340.319629,-250.000000,0.028475,-124.014781,motion control,
[1767120131 675005 1540 INFO] 1767120131.674927,-100.000000,1327.508251,1326.037675,-126.718925,1326.065923,-250.000000,0.028248,-123.281075,motion control,
[1767120131 787354 1540 INFO] 1767120131.787304,-100.000000,1313.518077,1312.010366,-125.517075,1312.036102,-250.000000,0.025736,-124.482925,motion control,
[1767120131 899579 1540 INFO] 1767120131.899531,-100.000000,1299.426280,1297.877633,-125.762323,1297.901410,-250.000000,0.023777,-124.237677,motion control,
[1767120132  11816 1540 INFO] 1767120132.011763,-100.000000,1285.368358,1283.782618,-125.833877,1283.806259,-250.000000,0.023641,-124.166123,motion control,
[1767120132 124044 1540 INFO] 1767120132.123979,-100.000000,1271.141063,1269.516485,-126.512647,1269.539892,-250.000000,0.023406,-123.487353,motion control,
[1767120132 236306 1540 INFO] 1767120132.236247,-100.000000,1257.150889,1255.489751,-125.483010,1255.515989,-250.000000,0.026238,-124.516990,motion control,
[1767120132 348589 1540 INFO] 1767120132.348528,-100.000000,1243.092967,1241.385873,-125.780761,1241.410014,-250.000000,0.024141,-124.219239,motion control,
[1767120132 461272 1540 INFO] 1767120132.461217,-100.000000,1228.899546,1227.084381,-126.758251,1227.111883,-250.000000,0.027502,-123.241749,motion control,
[1767120132 573528 1540 INFO] 1767120132.573468,-100.000000,1214.977122,1213.148137,-125.066319,1213.173155,-250.000000,0.025017,-124.933681,motion control,
[1767120132 685766 1540 INFO] 1767120132.685715,-100.000000,1200.986948,1199.125131,-124.643297,1199.152560,-250.000000,0.027429,-125.356703,motion control,
[1767120132 797964 1540 INFO] 1767120132.797911,-100.000000,1186.827402,1184.914069,-125.893819,1184.937361,-250.000000,0.023292,-124.106181,motion control,
[1767120132 910303 1540 INFO] 1767120132.910244,-100.000000,1172.769480,1170.815162,-125.566846,1170.842914,-250.000000,0.027752,-124.433154,motion control,
[1767120133  22731 1540 INFO] 1767120133.022674,-100.000000,1158.948679,1156.957839,-124.070448,1156.990348,-250.000000,0.032509,-125.929552,motion control,
[1767120133 135290 1540 INFO] 1767120133.135236,-100.000000,1142.858286,1142.777735,-125.455904,1142.802950,-250.000000,0.025215,-124.544096,motion control,
[1767120133 247622 1540 INFO] 1767120133.247529,-100.000000,1128.834238,1128.704563,-125.523868,1128.732575,-250.000000,0.028012,-124.476132,motion control,
[1767120133 359866 1540 INFO] 1767120133.359811,-100.000000,1114.810190,1114.635513,-125.217419,1114.660441,-250.000000,0.024928,-124.782581,motion control,
[1767120133 472221 1540 INFO] 1767120133.472164,-100.000000,1100.887765,1100.666707,-124.671944,1100.692894,-250.000000,0.026187,-125.328056,motion control,
[1767120133 584458 1540 INFO] 1767120133.584403,-100.000000,1086.795968,1086.537229,-125.721843,1086.563757,-250.000000,0.026527,-124.278157,motion control,
[1767120133 696672 1540 INFO] 1767120133.696610,-100.000000,1072.636422,1072.339100,-126.361481,1072.363985,-250.000000,0.024885,-123.638519,motion control,
[1767120133 808929 1540 INFO] 1767120133.808857,-100.000000,1058.578500,1058.243286,-125.837995,1058.270348,-250.000000,0.027062,-124.162005,motion control,
[1767120133 921236 1540 INFO] 1767120133.921176,-100.000000,1044.520578,1044.138777,-125.510506,1044.166008,-250.000000,0.027231,-124.489494,motion control,
[1767120134  33481 1540 INFO] 1767120134.033430,-100.000000,1030.293282,1029.867558,-126.549748,1029.891484,-250.000000,0.023926,-123.450252,motion control,
[1767120134 145712 1540 INFO] 1767120134.145652,-100.000000,1016.235360,1015.779873,-125.795259,1015.805396,-250.000000,0.025523,-124.204741,motion control,
[1767120134 257973 1540 INFO] 1767120134.257923,-100.000000,1002.075814,1001.574583,-126.219752,1001.598206,-250.000000,0.023623,-123.780248,motion control,
[1767120134 370371 1540 INFO] 1767120134.370311,-100.000000,988.017892,987.458157,-126.322174,987.484811,-247.735184,0.026654,-121.413010,motion control,
[1767120134 482579 1540 INFO] 1767120134.482521,-100.000000,973.926095,973.334522,-126.194388,973.360126,-243.421484,0.025604,-117.227096,motion control,
[1767120134 594861 1540 INFO] 1767120134.594805,-100.000000,960.003670,959.375340,-124.894981,959.401067,-239.081911,0.025728,-114.186930,motion control,
[1767120134 707027 1540 INFO] 1767120134.706978,-100.000000,945.979622,945.322327,-125.034861,945.342062,-234.630154,0.019735,-109.595294,motion control,
[1767120134 819340 1540 INFO] 1767120134.819287,-100.000000,931.955574,931.248856,-125.394031,931.267272,-230.087138,0.018416,-104.693107,motion control,
[1767120134 931663 1540 INFO] 1767120134.931607,-100.000000,917.897652,917.142159,-125.535474,917.162631,-225.442664,0.020472,-99.907190,motion control,
[1767120135  43937 1540 INFO] 1767120135.043888,-100.000000,903.738106,902.942654,-126.081440,902.962193,-220.667915,0.019539,-94.586475,motion control,
[1767120135 156188 1540 INFO] 1767120135.156136,-100.000000,889.646309,888.813628,-125.933574,888.835426,-215.813146,0.021798,-89.879572,motion control,
[1767120135 268407 1540 INFO] 1767120135.268355,-100.000000,875.317390,874.487407,-126.907630,874.507981,-210.775229,0.020575,-83.867599,motion control,
[1767120135 380624 1540 INFO] 1767120135.380571,-100.000000,861.225593,860.320830,-126.242527,860.341267,-205.672531,0.020437,-79.430005,motion control,
[1767120135 492870 1540 INFO] 1767120135.492804,-100.000000,847.133796,846.190725,-125.795934,846.212469,-200.454160,0.021744,-74.658226,motion control,
[1767120135 605133 1540 INFO] 1767120135.605043,-100.000000,833.075874,832.096684,-125.554645,832.118147,-195.109513,0.021463,-69.554868,motion control,
[1767120135 717410 1540 INFO] 1767120135.717337,-100.000000,818.916328,817.890453,-125.983189,817.911629,-189.569893,0.021176,-63.586704,motion control,
[1767120135 829672 1540 INFO] 1767120135.829621,-100.000000,804.790656,803.724049,-125.987051,803.743303,-183.879024,0.019254,-57.891973,motion control,
[1767120135 941918 1540 INFO] 1767120135.941865,-100.000000,790.766608,789.665792,-125.534445,789.684498,-178.052449,0.018706,-52.518005,motion control,
[1767120136  54195 1540 INFO] 1767120136.054118,-100.000000,776.573188,775.419917,-126.537938,775.441428,-171.948289,0.021510,-45.410351,motion control,
[1767120136 166495 1540 INFO] 1767120136.166427,-100.000000,762.583014,761.397467,-125.376171,761.417286,-165.718414,0.019818,-40.342243,motion control,
[1767120136 278703 1540 INFO] 1767120136.278654,-100.000000,748.626715,747.412859,-124.456860,747.431553,-159.263094,0.018694,-34.806233,motion control,
[1767120136 390941 1540 INFO] 1767120136.390886,-100.000000,734.534918,733.281012,-125.253357,733.300542,-152.463377,0.019530,-27.210020,motion control,
[1767120136 503195 1540 INFO] 1767120136.503133,-99.947328,720.341498,719.039957,-126.449014,719.062327,-145.290568,0.022370,-18.841553,motion control,
[1767120136 615436 1540 INFO] 1767120136.615364,-99.005035,706.385199,705.052006,-125.169308,705.073792,-137.880632,0.021785,-12.711324,motion control,
[1767120136 727668 1540 INFO] 1767120136.727604,-97.247432,692.361151,691.001075,-124.949575,691.020915,-130.012066,0.019840,-5.062490,motion control,
[1767120136 839891 1540 INFO] 1767120136.839836,-94.892207,678.404852,677.006442,-124.680748,677.027250,-121.672049,0.020808,3.008699,motion control,
[1767120136 952158 1540 INFO] 1767120136.952074,-90.839613,664.550176,663.125408,-123.742837,663.146443,-112.791695,0.021035,10.951142,motion control,
[1767120137  64386 1540 INFO] 1767120137.064333,-85.347475,651.000372,649.566393,-121.451900,649.586547,-103.382697,0.020154,18.069203,motion control,
[1767120137 176656 1540 INFO] 1767120137.176603,-75.980283,637.619939,636.165653,-119.607027,636.186926,-93.155993,0.021273,26.451034,motion control,
[1767120137 288886 1540 INFO] 1767120137.288834,-66.240597,625.492864,624.122138,-110.301466,624.140362,-82.891823,0.018224,27.409643,motion control,
[1767120137 401222 1540 INFO] 1767120137.401155,-58.652417,616.414495,615.305921,-86.647809,615.322117,-74.487030,0.016196,12.160779,motion control,
[1767120137 513486 1540 INFO] 1767120137.513433,-53.133508,609.334722,608.461856,-66.376565,608.472744,-67.237724,0.010888,-0.861159,motion control,
[1767120137 625717 1540 INFO] 1767120137.625664,-48.763359,603.643804,602.929747,-53.156049,602.938314,-60.751520,0.008567,-7.595471,motion control,
[1767120137 737998 1540 INFO] 1767120137.737930,-43.824894,598.020635,597.328017,-50.241221,597.337612,-53.391402,0.009595,-3.150181,motion control,
[1767120137 850210 1540 INFO] 1767120137.850150,-42.042978,592.837835,592.173226,-47.360147,592.182372,-50.000000,0.009146,-2.639853,motion control,
[1767120137 962429 1540 INFO] 1767120137.962378,-42.293934,588.061528,587.437480,-43.460473,587.444339,-50.000000,0.006860,-6.539527,motion control,
[1767120138  74684 1540 INFO] 1767120138.074622,-42.696928,583.352971,582.739507,-41.894824,582.746879,-50.000000,0.007372,-8.105176,motion control,
[1767120138 186920 1540 INFO] 1767120138.186867,-43.139247,578.610539,577.994456,-41.947372,578.001007,-50.000000,0.006551,-8.052628,motion control,
[1767120138 299186 1540 INFO] 1767120138.299117,-43.571926,573.834233,573.223532,-42.205025,573.231130,-50.000000,0.007597,-7.794975,motion control,
[1767120138 411442 1540 INFO] 1767120138.411367,-43.962846,568.990178,568.320438,-43.015006,568.327145,-50.000000,0.006707,-6.984994,motion control,
[1767120138 523824 1540 INFO] 1767120138.523741,-44.346331,564.146123,563.456722,-43.127959,563.464660,-50.000000,0.007938,-6.872041,motion control,
[1767120138 636048 1540 INFO] 1767120138.635989,-44.746393,558.726201,558.712905,-42.472106,558.720257,-50.000000,0.007352,-7.527894,motion control,
[1767120138 748305 1540 INFO] 1767120138.748255,-45.191559,553.983769,553.957496,-42.449089,553.964368,-50.000000,0.006872,-7.550911,motion control,
[1767120138 860631 1540 INFO] 1767120138.860568,-45.613732,549.309087,549.266245,-41.963717,549.274169,-50.000000,0.007924,-8.036283,motion control,
[1767120138 972868 1540 INFO] 1767120138.972812,-46.028537,544.465031,544.409841,-42.623067,544.417340,-50.000000,0.007500,-7.376933,motion control,
[1767120139  85143 1540 INFO] 1767120139.085054,-46.425271,539.620976,539.550990,-43.092163,539.559137,-50.000000,0.008147,-6.907837,motion control,
[1767120139 197357 1540 INFO] 1767120139.197287,-46.820320,534.776921,534.693644,-43.325572,534.701876,-50.000000,0.008233,-6.674428,motion control,
[1767120139 309557 1540 INFO] 1767120139.309503,-47.193477,529.898991,529.803130,-43.650963,529.810249,-50.000000,0.007119,-6.349037,motion control,
[1767120139 421850 1540 INFO] 1767120139.421791,-47.573655,525.122685,525.014615,-43.087268,525.021128,-50.000000,0.006513,-6.912732,motion control,
[1767120139 534126 1540 INFO] 1767120139.534015,0.000000,520.244755,520.123880,-43.291535,520.127173,-43.291535,0.003293,0.000000,motion control,
[1767120139 646337 1540 INFO] 1767120139.646264,0.000000,516.925053,516.825242,-31.867252,516.827445,-31.867252,0.002203,0.000000,motion control,
[1767120139 758749 1540 INFO] 1767120139.758672,0.000000,517.128300,517.101477,-7.467869,517.102052,-7.467869,0.000575,0.000000,motion control,
[1767120139 871005 1540 INFO] 1767120139.870940,0.000000,517.365422,517.365103,-0.088780,517.365109,-0.088780,0.000006,0.000000,motion control,
[1767120139 983380 1540 INFO] 1767120139.983285,0.000000,517.399296,517.400360,0.246388,517.400337,0.246388,-0.000023,0.000000,motion control,
[1767120140  95550 1540 INFO] 1767120140.095485,0.000000,517.399296,517.399856,0.122991,520.000000,0.000000,2.600144,-0.122991,monitor,
[1767120140 207754 1540 INFO] 1767120140.207674,0.000000,517.399296,517.399981,0.141667,520.000000,0.000000,2.600019,-0.141667,monitor,
[1767120140 319922 1540 INFO] 1767120140.319859,0.000000,517.365422,517.364978,-0.088270,520.000000,0.000000,2.635022,0.088270,monitor,
[1767120140 432185 1540 INFO] 1767120140.432087,0.000000,517.365422,517.365232,-0.035337,520.000000,0.000000,2.634768,0.035337,monitor,
[1767120140 544377 1540 INFO] 1767120140.544306,0.000000,517.365422,517.365422,0.000000,520.000000,0.000000,2.634578,0.000000,monitor,
[1767120140 656595 1540 INFO] 1767120140.656526,0.000000,517.365422,517.365422,0.000000,520.000000,0.000000,2.634578,0.000000,monitor,
[1767120140 768795 1540 INFO] 1767120140.768726,0.000000,517.331547,517.330020,-0.247190,520.000000,0.000000,2.669980,0.247190,monitor,
[1767120140 880995 1540 INFO] 1767120140.880929,0.000000,517.331547,517.330410,-0.176610,520.000000,0.000000,2.669590,0.176610,monitor,
[1767120140 993234 1540 INFO] 1767120140.993164,0.000000,517.365422,517.366013,0.088215,520.000000,0.000000,2.633987,-0.088215,monitor,
[1767120141 105417 1540 INFO] 1767120141.105353,0.000000,517.365422,517.366035,0.088264,520.000000,0.000000,2.633965,-0.088264,monitor,
[1767120141 217708 1540 INFO] 1767120141.217590,0.000000,517.331547,517.330263,-0.176549,520.000000,0.000000,2.669737,0.176549,monitor,
[1767120141 329875 1540 INFO] 1767120141.329806,0.000000,517.365422,517.366222,0.105891,520.000000,0.000000,2.633778,-0.105891,monitor,
[1767120141 442113 1540 INFO] 1767120141.442033,0.000000,517.331547,517.330305,-0.158973,520.000000,0.000000,2.669695,0.158973,monitor,
[1767120141 554318 1540 INFO] 1767120141.554249,0.000000,517.331547,517.330832,-0.088352,520.000000,0.000000,2.669168,0.088352,monitor,
[1767120141 666527 1540 INFO] 1767120141.666455,0.000000,517.365422,517.367772,0.282455,520.000000,0.000000,2.632228,-0.282455,monitor,
[1767120141 778733 1540 INFO] 1767120141.778649,0.000000,517.331547,517.331700,0.017709,520.000000,0.000000,2.668300,-0.017709,monitor,
[1767120141 890899 1540 INFO] 1767120141.890833,0.000000,517.331547,517.331862,0.035443,520.000000,0.000000,2.668138,-0.035443,monitor,
[1767120142   3141 1540 INFO] 1767120142.003065,0.000000,517.297673,517.296378,-0.141264,520.000000,0.000000,2.703622,0.141264,monitor,
[1767120142 115382 1540 INFO] 1767120142.115314,0.000000,517.331547,517.332712,0.123776,520.000000,0.000000,2.667288,-0.123776,monitor,
[1767120142 227588 1540 INFO] 1767120142.227524,0.000000,517.297673,517.295960,-0.176456,520.000000,0.000000,2.704040,0.176456,monitor,
[1767120142 339835 1540 INFO] 1767120142.339742,0.000000,517.331547,517.331889,0.035212,520.000000,0.000000,2.668111,-0.035212,monitor,
[1767120142 452012 1540 INFO] 1767120142.451935,0.000000,517.297673,517.295396,-0.221625,520.000000,0.000000,2.704604,0.221625,monitor,
[1767120142 564246 1540 INFO] 1767120142.564175,0.000000,517.297673,517.295763,-0.181274,520.000000,0.000000,2.704237,0.181274,monitor,
[1767120142 676411 1540 INFO] 1767120142.676346,0.000000,517.365422,517.369777,0.402941,520.000000,0.000000,2.630223,-0.402941,monitor,
[1767120142 788606 1540 INFO] 1767120142.788537,0.000000,517.297673,517.296555,-0.101104,520.000000,0.000000,2.703445,0.101104,monitor,
[1767120142 900810 1540 INFO] 1767120142.900741,0.000000,517.331547,517.334289,0.242462,520.000000,0.000000,2.665711,-0.242462,monitor,
[1767120143  13001 1540 INFO] 1767120143.012935,0.000000,517.297673,517.296744,-0.080627,520.000000,0.000000,2.703256,0.080627,monitor,
[1767120143 125242 1540 INFO] 1767120143.125181,0.000000,517.297673,517.296236,-0.121002,520.000000,0.000000,2.703764,0.121002,monitor,
[1767120143 237470 1540 INFO] 1767120143.237402,0.000000,517.331547,517.333999,0.201788,520.000000,0.000000,2.666001,-0.201788,monitor,
[1767120143 349797 1540 INFO] 1767120143.349726,0.000000,517.331547,517.334496,0.242091,520.000000,0.000000,2.665504,-0.242091,monitor,
[1767120143 462118 1540 INFO] 1767120143.461980,0.000000,517.297673,517.298186,0.040860,520.000000,0.000000,2.701814,-0.040860,monitor,
[1767120143 574339 1540 INFO] 1767120143.574261,0.000000,517.331547,517.335812,0.323621,520.000000,0.000000,2.664188,-0.323621,monitor,
[1767120143 686579 1540 INFO] 1767120143.686501,0.000000,517.331547,517.334805,0.242251,520.000000,0.000000,2.665195,-0.242251,monitor,
[1767120143 799239 1540 INFO] 1767120143.799166,0.000000,517.263798,517.259208,-0.322767,520.000000,0.000000,2.740792,0.322767,monitor,
END
