Warning: Permanently added '10.0.0.2' (ECDSA) to the list of known hosts.
seegrid@10.0.0.2's password: fuzzyrobotcroaksdownhill

Subscribing to lift feedback...
SeegridLog <seegrid.logger.SeegridLog.SeegridLog object at 0x7efc7b68ab00> initializing at level debug, localOnly = True, prefix = True.
[1767119746 632214 22434 Seegrid ERROR] Subscribe attempt failed: 
[1767119746 632287 22434 Seegrid ERROR] Reconnect appears to already be underway. (None, None, None)
[1767119746 632214 22434 Seegrid ERROR] Subscribe attempt failed: 
[1767119746 632287 22434 Seegrid ERROR] Reconnect appears to already be underway. (None, None, None)
[1767119746 636358 22434 Seegrid INFO ] Building protocol: <class 'seegrid.messaging.Amqp.AmqpProtocol'>
[1767119746 638314 22434 Seegrid INFO ] Connection made; beginning authentication.
[1767119746 641552 22434 Seegrid INFO ] connection ready
[1767119746 641616 22434 Seegrid INFO ] Authentication complete.
[1767119746 641639 22434 Seegrid DEBUG] Creating channel.
[1767119746 643233 22434 Seegrid DEBUG] Channel added successfully.
[1767119746 643315 22434 Seegrid DEBUG] channel opened
[1767119746 647830 22434 Seegrid INFO ] Starting to consume from reply queue amq.gen-vbci-IDCDiqcKrKI60nFSg.
[1767119746 648565 22434 Seegrid DEBUG] The channel is open, and the reply queue is established.
[1767119746 648613 22434 Seegrid DEBUG] The current connection ID of established connection is ebefe18c-ce27-43c0-94ad-92b4df7edac3
[1767119746 648695 22434 Seegrid DEBUG] Running delayed ops: [<seegrid.messaging.Amqp.DelayedOp object at 0x7efc7b61f1d0>]
[1767119746 648804 22434 Seegrid INFO ] Subscribing callback <bound method AxisPublisher._printData of <__main__.AxisPublisher object at 0x7efc7b68abe0>> to seegrid/vsmExchange->servo_axis.feedback.lift.
[1767119746 648830 22434 Seegrid INFO ] Declaring queue servo.AxisFeedbackMsgQueue_ffe7233d-044f-4441-b4d5-640cd092eec2_servo_axis.feedback.lift_0000000000000000.
[1767119746 651340 22434 Seegrid INFO ] Declaring exchange seegrid/vsmExchange.
[1767119746 652220 22434 Seegrid INFO ] Binding servo.AxisFeedbackMsgQueue_ffe7233d-044f-4441-b4d5-640cd092eec2_servo_axis.feedback.lift_0000000000000000 queue to seegrid/vsmExchange exchange with routing key servo_axis.feedback.lift.
[1767119746 654805 22434 Seegrid DEBUG] Subscribed using tag servo.AxisFeedbackMsgQueue_ffe7233d-044f-4441-b4d5-640cd092eec2_servo_axis.feedback.lift_0000000000000000.
[1767119746 654854 22434 Seegrid DEBUG] Delayed call of <bound method AmqpFactory._subscribe of <seegrid.messaging.Amqp.AmqpFactory object at 0x7efc7b68aa58>> succeeded with value None - firing callback!
Subscription successful!
[1767119746 654940 22434 Seegrid DEBUG] Skipping the cached subscription for [()_<bound method AxisPublisher._printData of <__main__.AxisPublisher object at 0x7efc7b68abe0>>_<class 'seegrid.messaging.msgs.ServoAxisMsgs_pb2.AxisFeedbackMsg'>_Exchange_False_False_None_None_None_None_application/x-protobuf_seegrid/vsmExchange_servo_axis.feedback.lift_{}] as its connection ID ebefe18c-ce27-43c0-94ad-92b4df7edac3 matches with the current connection ID ebefe18c-ce27-43c0-94ad-92b4df7edac3.
[1767119746 654993 22434 Seegrid DEBUG] Connection status changed to True.
[1767119746 657994 22434 Seegrid DEBUG] CALLBACK: <bound method AxisPublisher._printData of <__main__.AxisPublisher object at 0x7efc7b68abe0>>
lift: 517.39867
[1767119746 677099 22434 Seegrid DEBUG] CALLBACK: <bound method AxisPublisher._printData of <__main__.AxisPublisher object at 0x7efc7b68abe0>>
lift: 517.39809
[1767119746 696913 22434 Seegrid DEBUG] CALLBACK: <bound method AxisPublisher._printData of <__main__.AxisPublisher object at 0x7efc7b68abe0>>
lift: 517.35991
[1767119746 717817 22434 Seegrid DEBUG] CALLBACK: <bound method AxisPublisher._printData of <__main__.AxisPublisher object at 0x7efc7b68abe0>>
lift: 517.43360
[1767119746 737438 22434 Seegrid DEBUG] CALLBACK: <bound method AxisPublisher._printData of <__main__.AxisPublisher object at 0x7efc7b68abe0>>
lift: 517.43432
[1767119746 757944 22434 Seegrid DEBUG] CALLBACK: <bound method AxisPublisher._printData of <__main__.AxisPublisher object at 0x7efc7b68abe0>>
lift: 517.39801
[1767119746 778865 22434 Seegrid DEBUG] CALLBACK: <bound method AxisPublisher._printData of <__main__.AxisPublisher object at 0x7efc7b68abe0>>
lift: 517.43613
[1767119746 797953 22434 Seegrid DEBUG] CALLBACK: <bound method AxisPublisher._printData of <__main__.AxisPublisher object at 0x7efc7b68abe0>>
lift: 517.39900
[1767119746 818108 22434 Seegrid DEBUG] CALLBACK: <bound method AxisPublisher._printData of <__main__.AxisPublisher object at 0x7efc7b68abe0>>
lift: 517.36273
[1767119746 838239 22434 Seegrid DEBUG] CALLBACK: <bound method AxisPublisher._printData of <__main__.AxisPublisher object at 0x7efc7b68abe0>>
lift: 517.36141
[1767119746 858818 22434 Seegrid DEBUG] CALLBACK: <bound method AxisPublisher._printData of <__main__.AxisPublisher object at 0x7efc7b68abe0>>
lift: 517.39868
[1767119746 878692 22434 Seegrid DEBUG] CALLBACK: <bound method AxisPublisher._printData of <__main__.AxisPublisher object at 0x7efc7b68abe0>>
lift: 517.39912
[1767119746 898442 22434 Seegrid DEBUG] CALLBACK: <bound method AxisPublisher._printData of <__main__.AxisPublisher object at 0x7efc7b68abe0>>
lift: 517.36309
[1767119746 918451 22434 Seegrid DEBUG] CALLBACK: <bound method AxisPublisher._printData of <__main__.AxisPublisher object at 0x7efc7b68abe0>>
lift: 517.36172
[1767119746 938418 22434 Seegrid DEBUG] CALLBACK: <bound method AxisPublisher._printData of <__main__.AxisPublisher object at 0x7efc7b68abe0>>
lift: 517.39867
[1767119746 959403 22434 Seegrid DEBUG] CALLBACK: <bound method AxisPublisher._printData of <__main__.AxisPublisher object at 0x7efc7b68abe0>>
lift: 517.39917
[1767119746 978731 22434 Seegrid DEBUG] CALLBACK: <bound method AxisPublisher._printData of <__main__.AxisPublisher object at 0x7efc7b68abe0>>
lift: 517.43508
[1767119746 998757 22434 Seegrid DEBUG] CALLBACK: <bound method AxisPublisher._printData of <__main__.AxisPublisher object at 0x7efc7b68abe0>>
lift: 517.39906
[1767119747 018929 22434 Seegrid DEBUG] CALLBACK: <bound method AxisPublisher._printData of <__main__.AxisPublisher object at 0x7efc7b68abe0>>
lift: 517.39930
[1767119747 038891 22434 Seegrid DEBUG] CALLBACK: <bound method AxisPublisher._printData of <__main__.AxisPublisher object at 0x7efc7b68abe0>>
lift: 517.43434
[1767119747 059620 22434 Seegrid DEBUG] CALLBACK: <bound method AxisPublisher._printData of <__main__.AxisPublisher object at 0x7efc7b68abe0>>
lift: 517.36345
[1767119747 079829 22434 Seegrid DEBUG] CALLBACK: <bound method AxisPublisher._printData of <__main__.AxisPublisher object at 0x7efc7b68abe0>>
lift: 517.43658
[1767119747 099808 22434 Seegrid DEBUG] CALLBACK: <bound method AxisPublisher._printData of <__main__.AxisPublisher object at 0x7efc7b68abe0>>
lift: 517.39930
[1767119747 120163 22434 Seegrid DEBUG] CALLBACK: <bound method AxisPublisher._printData of <__main__.AxisPublisher object at 0x7efc7b68abe0>>
lift: 517.43443
[1767119747 140581 22434 Seegrid DEBUG] CALLBACK: <bound method AxisPublisher._printData of <__main__.AxisPublisher object at 0x7efc7b68abe0>>
lift: 517.43543
[1767119747 161083 22434 Seegrid DEBUG] CALLBACK: <bound method AxisPublisher._printData of <__main__.AxisPublisher object at 0x7efc7b68abe0>>
lift: 517.43597
[1767119747 180314 22434 Seegrid DEBUG] CALLBACK: <bound method AxisPublisher._printData of <__main__.AxisPublisher object at 0x7efc7b68abe0>>
lift: 517.43333
[1767119747 200941 22434 Seegrid DEBUG] CALLBACK: <bound method AxisPublisher._printData of <__main__.AxisPublisher object at 0x7efc7b68abe0>>
lift: 517.39904
[1767119747 220651 22434 Seegrid DEBUG] CALLBACK: <bound method AxisPublisher._printData of <__main__.AxisPublisher object at 0x7efc7b68abe0>>
lift: 517.39882
[1767119747 240341 22434 Seegrid DEBUG] CALLBACK: <bound method AxisPublisher._printData of <__main__.AxisPublisher object at 0x7efc7b68abe0>>
lift: 517.43632
[1767119747 263344 22434 Seegrid DEBUG] CALLBACK: <bound method AxisPublisher._printData of <__main__.AxisPublisher object at 0x7efc7b68abe0>>
lift: 517.43371
[1767119747 281622 22434 Seegrid DEBUG] CALLBACK: <bound method AxisPublisher._printData of <__main__.AxisPublisher object at 0x7efc7b68abe0>>
lift: 517.43414
[1767119747 301771 22434 Seegrid DEBUG] CALLBACK: <bound method AxisPublisher._printData of <__main__.AxisPublisher object at 0x7efc7b68abe0>>
lift: 517.36164
[1767119747 322206 22434 Seegrid DEBUG] CALLBACK: <bound method AxisPublisher._printData of <__main__.AxisPublisher object at 0x7efc7b68abe0>>
lift: 517.39785
[1767119747 342487 22434 Seegrid DEBUG] CALLBACK: <bound method AxisPublisher._printData of <__main__.AxisPublisher object at 0x7efc7b68abe0>>
lift: 517.39905
[1767119747 362105 22434 Seegrid DEBUG] CALLBACK: <bound method AxisPublisher._printData of <__main__.AxisPublisher object at 0x7efc7b68abe0>>
lift: 517.43420
[1767119747 382307 22434 Seegrid DEBUG] CALLBACK: <bound method AxisPublisher._printData of <__main__.AxisPublisher object at 0x7efc7b68abe0>>
lift: 517.43509
[1767119747 402024 22434 Seegrid DEBUG] CALLBACK: <bound method AxisPublisher._printData of <__main__.AxisPublisher object at 0x7efc7b68abe0>>
lift: 517.39782
[1767119747 422104 22434 Seegrid DEBUG] CALLBACK: <bound method AxisPublisher._printData of <__main__.AxisPublisher object at 0x7efc7b68abe0>>
lift: 517.39900
[1767119747 442012 22434 Seegrid DEBUG] CALLBACK: <bound method AxisPublisher._printData of <__main__.AxisPublisher object at 0x7efc7b68abe0>>
lift: 517.36301
[1767119747 462240 22434 Seegrid DEBUG] CALLBACK: <bound method AxisPublisher._printData of <__main__.AxisPublisher object at 0x7efc7b68abe0>>
lift: 517.36145
[1767119747 483352 22434 Seegrid DEBUG] CALLBACK: <bound method AxisPublisher._printData of <__main__.AxisPublisher object at 0x7efc7b68abe0>>
lift: 517.36057
[1767119747 502373 22434 Seegrid DEBUG] CALLBACK: <bound method AxisPublisher._printData of <__main__.AxisPublisher object at 0x7efc7b68abe0>>
lift: 517.39935
[1767119747 523483 22434 Seegrid DEBUG] CALLBACK: <bound method AxisPublisher._printData of <__main__.AxisPublisher object at 0x7efc7b68abe0>>
lift: 517.39955
[1767119747 542610 22434 Seegrid DEBUG] CALLBACK: <bound method AxisPublisher._printData of <__main__.AxisPublisher object at 0x7efc7b68abe0>>
lift: 517.43685
[1767119747 562790 22434 Seegrid DEBUG] CALLBACK: <bound method AxisPublisher._printData of <__main__.AxisPublisher object at 0x7efc7b68abe0>>
lift: 517.43784
[1767119747 582837 22434 Seegrid DEBUG] CALLBACK: <bound method AxisPublisher._printData of <__main__.AxisPublisher object at 0x7efc7b68abe0>>
lift: 517.43406
[1767119747 603408 22434 Seegrid DEBUG] CALLBACK: <bound method AxisPublisher._printData of <__main__.AxisPublisher object at 0x7efc7b68abe0>>
lift: 517.36310
[1767119747 623406 22434 Seegrid DEBUG] CALLBACK: <bound method AxisPublisher._printData of <__main__.AxisPublisher object at 0x7efc7b68abe0>>
lift: 517.39954
[1767119747 643058 22434 Seegrid DEBUG] CALLBACK: <bound method AxisPublisher._printData of <__main__.AxisPublisher object at 0x7efc7b68abe0>>
lift: 517.43799
[1767119747 663595 22434 Seegrid DEBUG] CALLBACK: <bound method AxisPublisher._printData of <__main__.AxisPublisher object at 0x7efc7b68abe0>>
lift: 517.43423
[1767119747 683461 22434 Seegrid DEBUG] CALLBACK: <bound method AxisPublisher._printData of <__main__.AxisPublisher object at 0x7efc7b68abe0>>
lift: 517.39915
[1767119747 703022 22434 Seegrid DEBUG] CALLBACK: <bound method AxisPublisher._printData of <__main__.AxisPublisher object at 0x7efc7b68abe0>>
lift: 517.39856
[1767119747 724008 22434 Seegrid DEBUG] CALLBACK: <bound method AxisPublisher._printData of <__main__.AxisPublisher object at 0x7efc7b68abe0>>
lift: 517.36530
[1767119747 744168 22434 Seegrid DEBUG] CALLBACK: <bound method AxisPublisher._printData of <__main__.AxisPublisher object at 0x7efc7b68abe0>>
lift: 517.39891
[1767119747 763970 22434 Seegrid DEBUG] CALLBACK: <bound method AxisPublisher._printData of <__main__.AxisPublisher object at 0x7efc7b68abe0>>
lift: 517.43469
[1767119747 784491 22434 Seegrid DEBUG] CALLBACK: <bound method AxisPublisher._printData of <__main__.AxisPublisher object at 0x7efc7b68abe0>>
lift: 517.43549
[1767119747 805068 22434 Seegrid DEBUG] CALLBACK: <bound method AxisPublisher._printData of <__main__.AxisPublisher object at 0x7efc7b68abe0>>
lift: 517.43338
[1767119747 823979 22434 Seegrid DEBUG] CALLBACK: <bound method AxisPublisher._printData of <__main__.AxisPublisher object at 0x7efc7b68abe0>>
lift: 517.39893
[1767119747 844407 22434 Seegrid DEBUG] CALLBACK: <bound method AxisPublisher._printData of <__main__.AxisPublisher object at 0x7efc7b68abe0>>
lift: 517.43514
[1767119747 865205 22434 Seegrid DEBUG] CALLBACK: <bound method AxisPublisher._printData of <__main__.AxisPublisher object at 0x7efc7b68abe0>>
lift: 517.39793
[1767119747 884830 22434 Seegrid DEBUG] CALLBACK: <bound method AxisPublisher._printData of <__main__.AxisPublisher object at 0x7efc7b68abe0>>
lift: 517.39918
[1767119747 907668 22434 Seegrid DEBUG] CALLBACK: <bound method AxisPublisher._printData of <__main__.AxisPublisher object at 0x7efc7b68abe0>>
lift: 517.43428
[1767119747 925109 22434 Seegrid DEBUG] CALLBACK: <bound method AxisPublisher._printData of <__main__.AxisPublisher object at 0x7efc7b68abe0>>
lift: 517.36214
[1767119747 945076 22434 Seegrid DEBUG] CALLBACK: <bound method AxisPublisher._printData of <__main__.AxisPublisher object at 0x7efc7b68abe0>>
lift: 517.39845
[1767119747 964926 22434 Seegrid DEBUG] CALLBACK: <bound method AxisPublisher._printData of <__main__.AxisPublisher object at 0x7efc7b68abe0>>
lift: 517.39919
[1767119747 985985 22434 Seegrid DEBUG] CALLBACK: <bound method AxisPublisher._printData of <__main__.AxisPublisher object at 0x7efc7b68abe0>>
lift: 517.43437
[1767119748 005513 22434 Seegrid DEBUG] CALLBACK: <bound method AxisPublisher._printData of <__main__.AxisPublisher object at 0x7efc7b68abe0>>
lift: 517.39847
[1767119748 025050 22434 Seegrid DEBUG] CALLBACK: <bound method AxisPublisher._printData of <__main__.AxisPublisher object at 0x7efc7b68abe0>>
lift: 517.43637
[1767119748 045469 22434 Seegrid DEBUG] CALLBACK: <bound method AxisPublisher._printData of <__main__.AxisPublisher object at 0x7efc7b68abe0>>
lift: 517.39903
[1767119748 065946 22434 Seegrid DEBUG] CALLBACK: <bound method AxisPublisher._printData of <__main__.AxisPublisher object at 0x7efc7b68abe0>>
lift: 517.43434
[1767119748 085619 22434 Seegrid DEBUG] CALLBACK: <bound method AxisPublisher._printData of <__main__.AxisPublisher object at 0x7efc7b68abe0>>
lift: 517.36129
[1767119748 105876 22434 Seegrid DEBUG] CALLBACK: <bound method AxisPublisher._printData of <__main__.AxisPublisher object at 0x7efc7b68abe0>>
Unhandled error in Deferred:

Traceback (most recent call last):
Failure: twisted.internet.error.ConnectionLost: Connection to the other side was lost in a non-clean fashion: Connection lost.

lift: 517.43618
[1767119748 125405 22434 Seegrid WARN ] Error reported: b'AMQP_RECEIVE_FAILED's Failed to receive a servo_axis.feedback.lift message:
[Failure instance: Traceback (failure with no frames): <class 'twisted.internet.error.ConnectionLost'>: Connection to the other side was lost in a non-clean fashion: Connection lost.
]
[1767119748 125405 22434 Seegrid WARN ] Error reported: b'AMQP_RECEIVE_FAILED's Failed to receive a servo_axis.feedback.lift message:
[Failure instance: Traceback (failure with no frames): <class 'twisted.internet.error.ConnectionLost'>: Connection to the other side was lost in a non-clean fashion: Connection lost.
]
[1767119748 126307 22434 Seegrid WARN ] AMQP connection was lost.
[1767119748 126442 22434 Seegrid DEBUG] Connection status changed to False.
[1767119748 126307 22434 Seegrid WARN ] AMQP connection was lost.
END
