Warning: Permanently added '10.0.0.2' (ECDSA) to the list of known hosts.
seegrid@10.0.0.2's password: fuzzyrobotcroaksdownhill

Subscribing to lift feedback...
SeegridLog <seegrid.logger.SeegridLog.SeegridLog object at 0x7f7c0b769b00> initializing at level debug, localOnly = True, prefix = True.
[1767120163 008411 25391 Seegrid ERROR] Subscribe attempt failed: 
[1767120163 008472 25391 Seegrid ERROR] Reconnect appears to already be underway. (None, None, None)
[1767120163 008411 25391 Seegrid ERROR] Subscribe attempt failed: 
[1767120163 008472 25391 Seegrid ERROR] Reconnect appears to already be underway. (None, None, None)
[1767120163 013926 25391 Seegrid INFO ] Building protocol: <class 'seegrid.messaging.Amqp.AmqpProtocol'>
[1767120163 015473 25391 Seegrid INFO ] Connection made; beginning authentication.
[1767120163 017938 25391 Seegrid INFO ] connection ready
[1767120163 018004 25391 Seegrid INFO ] Authentication complete.
[1767120163 018025 25391 Seegrid DEBUG] Creating channel.
[1767120163 019080 25391 Seegrid DEBUG] Channel added successfully.
[1767120163 019127 25391 Seegrid DEBUG] channel opened
[1767120163 023440 25391 Seegrid INFO ] Starting to consume from reply queue amq.gen-Wmi6oyIyOcQWiOl1Kj3fSw.
[1767120163 024372 25391 Seegrid DEBUG] The channel is open, and the reply queue is established.
[1767120163 024466 25391 Seegrid DEBUG] The current connection ID of established connection is 203d85b8-3e7f-4700-9b76-c8537c6dec95
[1767120163 024641 25391 Seegrid DEBUG] Running delayed ops: [<seegrid.messaging.Amqp.DelayedOp object at 0x7f7c0b6fd1d0>]
[1767120163 024816 25391 Seegrid INFO ] Subscribing callback <bound method AxisPublisher._printData of <__main__.AxisPublisher object at 0x7f7c0b769be0>> to seegrid/vsmExchange->servo_axis.feedback.lift.
[1767120163 024857 25391 Seegrid INFO ] Declaring queue servo.AxisFeedbackMsgQueue_cbce4af1-640b-44f5-9b4e-ea75c8371586_servo_axis.feedback.lift_0000000000000000.
[1767120163 027965 25391 Seegrid INFO ] Declaring exchange seegrid/vsmExchange.
[1767120163 028786 25391 Seegrid INFO ] Binding servo.AxisFeedbackMsgQueue_cbce4af1-640b-44f5-9b4e-ea75c8371586_servo_axis.feedback.lift_0000000000000000 queue to seegrid/vsmExchange exchange with routing key servo_axis.feedback.lift.
[1767120163 031943 25391 Seegrid DEBUG] Subscribed using tag servo.AxisFeedbackMsgQueue_cbce4af1-640b-44f5-9b4e-ea75c8371586_servo_axis.feedback.lift_0000000000000000.
[1767120163 032038 25391 Seegrid DEBUG] Delayed call of <bound method AmqpFactory._subscribe of <seegrid.messaging.Amqp.AmqpFactory object at 0x7f7c0b769a58>> succeeded with value None - firing callback!
Subscription successful!
[1767120163 032236 25391 Seegrid DEBUG] Skipping the cached subscription for [()_<bound method AxisPublisher._printData of <__main__.AxisPublisher object at 0x7f7c0b769be0>>_<class 'seegrid.messaging.msgs.ServoAxisMsgs_pb2.AxisFeedbackMsg'>_Exchange_False_False_None_None_None_None_application/x-protobuf_seegrid/vsmExchange_servo_axis.feedback.lift_{}] as its connection ID 203d85b8-3e7f-4700-9b76-c8537c6dec95 matches with the current connection ID 203d85b8-3e7f-4700-9b76-c8537c6dec95.
[1767120163 032355 25391 Seegrid DEBUG] Connection status changed to True.
[1767120163 033034 25391 Seegrid DEBUG] CALLBACK: <bound method AxisPublisher._printData of <__main__.AxisPublisher object at 0x7f7c0b769be0>>
lift: 600.52774
[1767120163 055285 25391 Seegrid DEBUG] CALLBACK: <bound method AxisPublisher._printData of <__main__.AxisPublisher object at 0x7f7c0b769be0>>
lift: 600.49093
[1767120163 073969 25391 Seegrid DEBUG] CALLBACK: <bound method AxisPublisher._printData of <__main__.AxisPublisher object at 0x7f7c0b769be0>>
lift: 600.52829
[1767120163 094529 25391 Seegrid DEBUG] CALLBACK: <bound method AxisPublisher._printData of <__main__.AxisPublisher object at 0x7f7c0b769be0>>
lift: 600.52748
[1767120163 115078 25391 Seegrid DEBUG] CALLBACK: <bound method AxisPublisher._printData of <__main__.AxisPublisher object at 0x7f7c0b769be0>>
lift: 600.52762
[1767120163 134492 25391 Seegrid DEBUG] CALLBACK: <bound method AxisPublisher._printData of <__main__.AxisPublisher object at 0x7f7c0b769be0>>
lift: 600.52783
[1767120163 154943 25391 Seegrid DEBUG] CALLBACK: <bound method AxisPublisher._printData of <__main__.AxisPublisher object at 0x7f7c0b769be0>>
lift: 600.52799
[1767120163 174895 25391 Seegrid DEBUG] CALLBACK: <bound method AxisPublisher._printData of <__main__.AxisPublisher object at 0x7f7c0b769be0>>
lift: 600.52742
[1767120163 194646 25391 Seegrid DEBUG] CALLBACK: <bound method AxisPublisher._printData of <__main__.AxisPublisher object at 0x7f7c0b769be0>>
lift: 600.52749
[1767120163 215064 25391 Seegrid DEBUG] CALLBACK: <bound method AxisPublisher._printData of <__main__.AxisPublisher object at 0x7f7c0b769be0>>
lift: 600.52760
[1767120163 234925 25391 Seegrid DEBUG] CALLBACK: <bound method AxisPublisher._printData of <__main__.AxisPublisher object at 0x7f7c0b769be0>>
lift: 600.52735
[1767120163 255700 25391 Seegrid DEBUG] CALLBACK: <bound method AxisPublisher._printData of <__main__.AxisPublisher object at 0x7f7c0b769be0>>
lift: 600.52743
[1767120163 275427 25391 Seegrid DEBUG] CALLBACK: <bound method AxisPublisher._printData of <__main__.AxisPublisher object at 0x7f7c0b769be0>>
lift: 600.49131
[1767120163 295902 25391 Seegrid DEBUG] CALLBACK: <bound method AxisPublisher._printData of <__main__.AxisPublisher object at 0x7f7c0b769be0>>
lift: 600.49010
[1767120163 315635 25391 Seegrid DEBUG] CALLBACK: <bound method AxisPublisher._printData of <__main__.AxisPublisher object at 0x7f7c0b769be0>>
lift: 600.49324
[1767120163 335706 25391 Seegrid DEBUG] CALLBACK: <bound method AxisPublisher._printData of <__main__.AxisPublisher object at 0x7f7c0b769be0>>
lift: 600.52762
[1767120163 356111 25391 Seegrid DEBUG] CALLBACK: <bound method AxisPublisher._printData of <__main__.AxisPublisher object at 0x7f7c0b769be0>>
lift: 600.52783
[1767120163 376146 25391 Seegrid DEBUG] CALLBACK: <bound method AxisPublisher._printData of <__main__.AxisPublisher object at 0x7f7c0b769be0>>
lift: 600.52815
[1767120163 395685 25391 Seegrid DEBUG] CALLBACK: <bound method AxisPublisher._printData of <__main__.AxisPublisher object at 0x7f7c0b769be0>>
lift: 600.52742
[1767120163 416775 25391 Seegrid DEBUG] CALLBACK: <bound method AxisPublisher._printData of <__main__.AxisPublisher object at 0x7f7c0b769be0>>
lift: 600.49232
[1767120163 435866 25391 Seegrid DEBUG] CALLBACK: <bound method AxisPublisher._printData of <__main__.AxisPublisher object at 0x7f7c0b769be0>>
lift: 600.52802
[1767120163 456717 25391 Seegrid DEBUG] CALLBACK: <bound method AxisPublisher._printData of <__main__.AxisPublisher object at 0x7f7c0b769be0>>
lift: 600.52845
[1767120163 475975 25391 Seegrid DEBUG] CALLBACK: <bound method AxisPublisher._printData of <__main__.AxisPublisher object at 0x7f7c0b769be0>>
lift: 600.52747
[1767120163 498489 25391 Seegrid DEBUG] CALLBACK: <bound method AxisPublisher._printData of <__main__.AxisPublisher object at 0x7f7c0b769be0>>
lift: 600.52776
[1767120163 516378 25391 Seegrid DEBUG] CALLBACK: <bound method AxisPublisher._printData of <__main__.AxisPublisher object at 0x7f7c0b769be0>>
lift: 600.52805
[1767120163 535995 25391 Seegrid DEBUG] CALLBACK: <bound method AxisPublisher._printData of <__main__.AxisPublisher object at 0x7f7c0b769be0>>
lift: 600.52791
[1767120163 555823 25391 Seegrid DEBUG] CALLBACK: <bound method AxisPublisher._printData of <__main__.AxisPublisher object at 0x7f7c0b769be0>>
lift: 600.52742
[1767120163 575172 25391 Seegrid DEBUG] CALLBACK: <bound method AxisPublisher._printData of <__main__.AxisPublisher object at 0x7f7c0b769be0>>
lift: 600.52746
[1767120163 595854 25391 Seegrid DEBUG] CALLBACK: <bound method AxisPublisher._printData of <__main__.AxisPublisher object at 0x7f7c0b769be0>>
lift: 600.52756
[1767120163 615114 25391 Seegrid DEBUG] CALLBACK: <bound method AxisPublisher._printData of <__main__.AxisPublisher object at 0x7f7c0b769be0>>
lift: 600.52764
[1767120163 635341 25391 Seegrid DEBUG] CALLBACK: <bound method AxisPublisher._printData of <__main__.AxisPublisher object at 0x7f7c0b769be0>>
lift: 600.52739
[1767120163 656504 25391 Seegrid DEBUG] CALLBACK: <bound method AxisPublisher._printData of <__main__.AxisPublisher object at 0x7f7c0b769be0>>
lift: 600.52747
[1767120163 675738 25391 Seegrid DEBUG] CALLBACK: <bound method AxisPublisher._printData of <__main__.AxisPublisher object at 0x7f7c0b769be0>>
lift: 600.49046
[1767120163 695846 25391 Seegrid DEBUG] CALLBACK: <bound method AxisPublisher._printData of <__main__.AxisPublisher object at 0x7f7c0b769be0>>
lift: 600.52765
[1767120163 715657 25391 Seegrid DEBUG] CALLBACK: <bound method AxisPublisher._printData of <__main__.AxisPublisher object at 0x7f7c0b769be0>>
lift: 600.52740
[1767120163 736314 25391 Seegrid DEBUG] CALLBACK: <bound method AxisPublisher._printData of <__main__.AxisPublisher object at 0x7f7c0b769be0>>
lift: 600.52747
[1767120163 756286 25391 Seegrid DEBUG] CALLBACK: <bound method AxisPublisher._printData of <__main__.AxisPublisher object at 0x7f7c0b769be0>>
lift: 600.52757
[1767120163 776152 25391 Seegrid DEBUG] CALLBACK: <bound method AxisPublisher._printData of <__main__.AxisPublisher object at 0x7f7c0b769be0>>
lift: 600.52765
[1767120163 796215 25391 Seegrid DEBUG] CALLBACK: <bound method AxisPublisher._printData of <__main__.AxisPublisher object at 0x7f7c0b769be0>>
lift: 600.49267
[1767120163 816770 25391 Seegrid DEBUG] CALLBACK: <bound method AxisPublisher._printData of <__main__.AxisPublisher object at 0x7f7c0b769be0>>
lift: 600.52761
[1767120163 836544 25391 Seegrid DEBUG] CALLBACK: <bound method AxisPublisher._printData of <__main__.AxisPublisher object at 0x7f7c0b769be0>>
lift: 600.49069
[1767120163 856907 25391 Seegrid DEBUG] CALLBACK: <bound method AxisPublisher._printData of <__main__.AxisPublisher object at 0x7f7c0b769be0>>
lift: 600.52829
[1767120163 876352 25391 Seegrid DEBUG] CALLBACK: <bound method AxisPublisher._printData of <__main__.AxisPublisher object at 0x7f7c0b769be0>>
lift: 600.52754
[1767120163 896590 25391 Seegrid DEBUG] CALLBACK: <bound method AxisPublisher._printData of <__main__.AxisPublisher object at 0x7f7c0b769be0>>
lift: 600.52776
[1767120163 917307 25391 Seegrid DEBUG] CALLBACK: <bound method AxisPublisher._printData of <__main__.AxisPublisher object at 0x7f7c0b769be0>>
lift: 600.49059
[1767120163 936888 25391 Seegrid DEBUG] CALLBACK: <bound method AxisPublisher._printData of <__main__.AxisPublisher object at 0x7f7c0b769be0>>
lift: 600.48993
[1767120163 957522 25391 Seegrid DEBUG] CALLBACK: <bound method AxisPublisher._printData of <__main__.AxisPublisher object at 0x7f7c0b769be0>>
lift: 600.52764
[1767120163 977342 25391 Seegrid DEBUG] CALLBACK: <bound method AxisPublisher._printData of <__main__.AxisPublisher object at 0x7f7c0b769be0>>
lift: 600.52793
[1767120163 997592 25391 Seegrid DEBUG] CALLBACK: <bound method AxisPublisher._printData of <__main__.AxisPublisher object at 0x7f7c0b769be0>>
lift: 600.52834
[1767120164 018414 25391 Seegrid DEBUG] CALLBACK: <bound method AxisPublisher._printData of <__main__.AxisPublisher object at 0x7f7c0b769be0>>
lift: 600.52738
[1767120164 037365 25391 Seegrid DEBUG] CALLBACK: <bound method AxisPublisher._printData of <__main__.AxisPublisher object at 0x7f7c0b769be0>>
lift: 600.52775
[1767120164 059492 25391 Seegrid DEBUG] CALLBACK: <bound method AxisPublisher._printData of <__main__.AxisPublisher object at 0x7f7c0b769be0>>
lift: 600.52795
[1767120164 077464 25391 Seegrid DEBUG] CALLBACK: <bound method AxisPublisher._printData of <__main__.AxisPublisher object at 0x7f7c0b769be0>>
lift: 600.52812
[1767120164 097428 25391 Seegrid DEBUG] CALLBACK: <bound method AxisPublisher._printData of <__main__.AxisPublisher object at 0x7f7c0b769be0>>
lift: 600.49330
[1767120164 118469 25391 Seegrid DEBUG] CALLBACK: <bound method AxisPublisher._printData of <__main__.AxisPublisher object at 0x7f7c0b769be0>>
lift: 600.52769
[1767120164 138438 25391 Seegrid DEBUG] CALLBACK: <bound method AxisPublisher._printData of <__main__.AxisPublisher object at 0x7f7c0b769be0>>
lift: 600.52798
[1767120164 158260 25391 Seegrid DEBUG] CALLBACK: <bound method AxisPublisher._printData of <__main__.AxisPublisher object at 0x7f7c0b769be0>>
lift: 600.52814
[1767120164 178825 25391 Seegrid DEBUG] CALLBACK: <bound method AxisPublisher._printData of <__main__.AxisPublisher object at 0x7f7c0b769be0>>
lift: 600.52741
[1767120164 198424 25391 Seegrid DEBUG] CALLBACK: <bound method AxisPublisher._printData of <__main__.AxisPublisher object at 0x7f7c0b769be0>>
lift: 600.52763
[1767120164 219077 25391 Seegrid DEBUG] CALLBACK: <bound method AxisPublisher._printData of <__main__.AxisPublisher object at 0x7f7c0b769be0>>
lift: 600.49149
[1767120164 238779 25391 Seegrid DEBUG] CALLBACK: <bound method AxisPublisher._printData of <__main__.AxisPublisher object at 0x7f7c0b769be0>>
lift: 600.52844
[1767120164 259177 25391 Seegrid DEBUG] CALLBACK: <bound method AxisPublisher._printData of <__main__.AxisPublisher object at 0x7f7c0b769be0>>
lift: 600.49316
[1767120164 278812 25391 Seegrid DEBUG] CALLBACK: <bound method AxisPublisher._printData of <__main__.AxisPublisher object at 0x7f7c0b769be0>>
lift: 600.52786
[1767120164 298598 25391 Seegrid DEBUG] CALLBACK: <bound method AxisPublisher._printData of <__main__.AxisPublisher object at 0x7f7c0b769be0>>
lift: 600.52822
[1767120164 319557 25391 Seegrid DEBUG] CALLBACK: <bound method AxisPublisher._printData of <__main__.AxisPublisher object at 0x7f7c0b769be0>>
lift: 600.52875
[1767120164 339197 25391 Seegrid DEBUG] CALLBACK: <bound method AxisPublisher._printData of <__main__.AxisPublisher object at 0x7f7c0b769be0>>
lift: 600.52750
[1767120164 360852 25391 Seegrid DEBUG] CALLBACK: <bound method AxisPublisher._printData of <__main__.AxisPublisher object at 0x7f7c0b769be0>>
lift: 600.52775
[1767120164 380004 25391 Seegrid DEBUG] CALLBACK: <bound method AxisPublisher._printData of <__main__.AxisPublisher object at 0x7f7c0b769be0>>
lift: 600.52815
[1767120164 398957 25391 Seegrid DEBUG] CALLBACK: <bound method AxisPublisher._printData of <__main__.AxisPublisher object at 0x7f7c0b769be0>>
lift: 600.49063
[1767120164 419334 25391 Seegrid DEBUG] CALLBACK: <bound method AxisPublisher._printData of <__main__.AxisPublisher object at 0x7f7c0b769be0>>
lift: 600.52752
[1767120164 440229 25391 Seegrid DEBUG] CALLBACK: <bound method AxisPublisher._printData of <__main__.AxisPublisher object at 0x7f7c0b769be0>>
lift: 600.52781
[1767120164 459468 25391 Seegrid DEBUG] CALLBACK: <bound method AxisPublisher._printData of <__main__.AxisPublisher object at 0x7f7c0b769be0>>
Unhandled error in Deferred:

Traceback (most recent call last):
Failure: twisted.internet.error.ConnectionLost: Connection to the other side was lost in a non-clean fashion: Connection lost.

lift: 600.52799
[1767120164 481523 25391 Seegrid WARN ] Error reported: b'AMQP_RECEIVE_FAILED's Failed to receive a servo_axis.feedback.lift message:
[Failure instance: Traceback (failure with no frames): <class 'twisted.internet.error.ConnectionLost'>: Connection to the other side was lost in a non-clean fashion: Connection lost.
]
[1767120164 481969 25391 Seegrid WARN ] AMQP connection was lost.
[1767120164 482024 25391 Seegrid DEBUG] Connection status changed to False.
[1767120164 481523 25391 Seegrid WARN ] Error reported: b'AMQP_RECEIVE_FAILED's Failed to receive a servo_axis.feedback.lift message:
[Failure instance: Traceback (failure with no frames): <class 'twisted.internet.error.ConnectionLost'>: Connection to the other side was lost in a non-clean fashion: Connection lost.
]
[1767120164 481969 25391 Seegrid WARN ] AMQP connection was lost.
END
