Warning: Permanently added '10.0.0.2' (ECDSA) to the list of known hosts.
seegrid@10.0.0.2's password: fuzzyrobotcroaksdownhill

Subscribing to sideshift feedback...
SeegridLog <seegrid.logger.SeegridLog.SeegridLog object at 0x7f47bd956ac8> initializing at level debug, localOnly = True, prefix = True.
[1767120394 615281 27742 Seegrid ERROR] Subscribe attempt failed: 
[1767120394 615372 27742 Seegrid ERROR] Reconnect appears to already be underway. (None, None, None)
[1767120394 615281 27742 Seegrid ERROR] Subscribe attempt failed: 
[1767120394 615372 27742 Seegrid ERROR] Reconnect appears to already be underway. (None, None, None)
[1767120394 620200 27742 Seegrid INFO ] Building protocol: <class 'seegrid.messaging.Amqp.AmqpProtocol'>
[1767120394 621280 27742 Seegrid INFO ] Connection made; beginning authentication.
[1767120394 623978 27742 Seegrid INFO ] connection ready
[1767120394 624075 27742 Seegrid INFO ] Authentication complete.
[1767120394 624154 27742 Seegrid DEBUG] Creating channel.
[1767120394 625465 27742 Seegrid DEBUG] Channel added successfully.
[1767120394 625537 27742 Seegrid DEBUG] channel opened
[1767120394 630991 27742 Seegrid INFO ] Starting to consume from reply queue amq.gen-pSte05a2imYR3LsPucrK9g.
[1767120394 631746 27742 Seegrid DEBUG] The channel is open, and the reply queue is established.
[1767120394 631799 27742 Seegrid DEBUG] The current connection ID of established connection is 3b352e0b-b356-49b3-af59-7d4d8afff3f0
[1767120394 631888 27742 Seegrid DEBUG] Running delayed ops: [<seegrid.messaging.Amqp.DelayedOp object at 0x7f47bd8ea198>]
[1767120394 631996 27742 Seegrid INFO ] Subscribing callback <bound method AxisPublisher._printData of <__main__.AxisPublisher object at 0x7f47bd956ba8>> to seegrid/vsmExchange->servo_axis.feedback.sideshift.
[1767120394 632020 27742 Seegrid INFO ] Declaring queue servo.AxisFeedbackMsgQueue_d72b74e1-24e6-402d-962a-9c8114cd80c5_servo_axis.feedback.sideshift_0000000000000000.
[1767120394 635078 27742 Seegrid INFO ] Declaring exchange seegrid/vsmExchange.
[1767120394 635900 27742 Seegrid INFO ] Binding servo.AxisFeedbackMsgQueue_d72b74e1-24e6-402d-962a-9c8114cd80c5_servo_axis.feedback.sideshift_0000000000000000 queue to seegrid/vsmExchange exchange with routing key servo_axis.feedback.sideshift.
[1767120394 638485 27742 Seegrid DEBUG] Subscribed using tag servo.AxisFeedbackMsgQueue_d72b74e1-24e6-402d-962a-9c8114cd80c5_servo_axis.feedback.sideshift_0000000000000000.
[1767120394 638547 27742 Seegrid DEBUG] Delayed call of <bound method AmqpFactory._subscribe of <seegrid.messaging.Amqp.AmqpFactory object at 0x7f47bd956a20>> succeeded with value None - firing callback!
Subscription successful!
[1767120394 638752 27742 Seegrid DEBUG] Skipping the cached subscription for [()_<bound method AxisPublisher._printData of <__main__.AxisPublisher object at 0x7f47bd956ba8>>_<class 'seegrid.messaging.msgs.ServoAxisMsgs_pb2.AxisFeedbackMsg'>_Exchange_False_False_None_None_None_None_application/x-protobuf_seegrid/vsmExchange_servo_axis.feedback.sideshift_{}] as its connection ID 3b352e0b-b356-49b3-af59-7d4d8afff3f0 matches with the current connection ID 3b352e0b-b356-49b3-af59-7d4d8afff3f0.
[1767120394 638867 27742 Seegrid DEBUG] Connection status changed to True.
[1767120394 646106 27742 Seegrid DEBUG] CALLBACK: <bound method AxisPublisher._printData of <__main__.AxisPublisher object at 0x7f47bd956ba8>>
sideshift: -1.88583
[1767120394 667431 27742 Seegrid DEBUG] CALLBACK: <bound method AxisPublisher._printData of <__main__.AxisPublisher object at 0x7f47bd956ba8>>
sideshift: -1.88570
[1767120394 686051 27742 Seegrid DEBUG] CALLBACK: <bound method AxisPublisher._printData of <__main__.AxisPublisher object at 0x7f47bd956ba8>>
sideshift: -1.88566
[1767120394 706227 27742 Seegrid DEBUG] CALLBACK: <bound method AxisPublisher._printData of <__main__.AxisPublisher object at 0x7f47bd956ba8>>
sideshift: -1.89518
[1767120394 726290 27742 Seegrid DEBUG] CALLBACK: <bound method AxisPublisher._printData of <__main__.AxisPublisher object at 0x7f47bd956ba8>>
sideshift: -1.88585
[1767120394 747064 27742 Seegrid DEBUG] CALLBACK: <bound method AxisPublisher._printData of <__main__.AxisPublisher object at 0x7f47bd956ba8>>
sideshift: -1.89568
[1767120394 766374 27742 Seegrid DEBUG] CALLBACK: <bound method AxisPublisher._printData of <__main__.AxisPublisher object at 0x7f47bd956ba8>>
sideshift: -1.89592
[1767120394 786692 27742 Seegrid DEBUG] CALLBACK: <bound method AxisPublisher._printData of <__main__.AxisPublisher object at 0x7f47bd956ba8>>
sideshift: -1.89519
[1767120394 807002 27742 Seegrid DEBUG] CALLBACK: <bound method AxisPublisher._printData of <__main__.AxisPublisher object at 0x7f47bd956ba8>>
sideshift: -1.88576
[1767120394 827322 27742 Seegrid DEBUG] CALLBACK: <bound method AxisPublisher._printData of <__main__.AxisPublisher object at 0x7f47bd956ba8>>
sideshift: -1.89554
[1767120394 847455 27742 Seegrid DEBUG] CALLBACK: <bound method AxisPublisher._printData of <__main__.AxisPublisher object at 0x7f47bd956ba8>>
sideshift: -1.88518
[1767120394 866984 27742 Seegrid DEBUG] CALLBACK: <bound method AxisPublisher._printData of <__main__.AxisPublisher object at 0x7f47bd956ba8>>
sideshift: -1.89518
[1767120394 887459 27742 Seegrid DEBUG] CALLBACK: <bound method AxisPublisher._printData of <__main__.AxisPublisher object at 0x7f47bd956ba8>>
sideshift: -1.89526
[1767120394 907382 27742 Seegrid DEBUG] CALLBACK: <bound method AxisPublisher._printData of <__main__.AxisPublisher object at 0x7f47bd956ba8>>
sideshift: -1.89539
[1767120394 927566 27742 Seegrid DEBUG] CALLBACK: <bound method AxisPublisher._printData of <__main__.AxisPublisher object at 0x7f47bd956ba8>>
sideshift: -1.89538
[1767120394 947716 27742 Seegrid DEBUG] CALLBACK: <bound method AxisPublisher._printData of <__main__.AxisPublisher object at 0x7f47bd956ba8>>
sideshift: -1.89517
[1767120394 967587 27742 Seegrid DEBUG] CALLBACK: <bound method AxisPublisher._printData of <__main__.AxisPublisher object at 0x7f47bd956ba8>>
sideshift: -1.89523
[1767120394 988197 27742 Seegrid DEBUG] CALLBACK: <bound method AxisPublisher._printData of <__main__.AxisPublisher object at 0x7f47bd956ba8>>
sideshift: -1.89531
[1767120395 007982 27742 Seegrid DEBUG] CALLBACK: <bound method AxisPublisher._printData of <__main__.AxisPublisher object at 0x7f47bd956ba8>>
sideshift: -1.89526
[1767120395 029708 27742 Seegrid DEBUG] CALLBACK: <bound method AxisPublisher._printData of <__main__.AxisPublisher object at 0x7f47bd956ba8>>
sideshift: -1.89517
[1767120395 047627 27742 Seegrid DEBUG] CALLBACK: <bound method AxisPublisher._printData of <__main__.AxisPublisher object at 0x7f47bd956ba8>>
sideshift: -1.89519
[1767120395 068059 27742 Seegrid DEBUG] CALLBACK: <bound method AxisPublisher._printData of <__main__.AxisPublisher object at 0x7f47bd956ba8>>
sideshift: -1.89523
[1767120395 088294 27742 Seegrid DEBUG] CALLBACK: <bound method AxisPublisher._printData of <__main__.AxisPublisher object at 0x7f47bd956ba8>>
sideshift: -1.89527
[1767120395 108113 27742 Seegrid DEBUG] CALLBACK: <bound method AxisPublisher._printData of <__main__.AxisPublisher object at 0x7f47bd956ba8>>
sideshift: -1.88579
[1767120395 128657 27742 Seegrid DEBUG] CALLBACK: <bound method AxisPublisher._printData of <__main__.AxisPublisher object at 0x7f47bd956ba8>>
sideshift: -1.89524
[1767120395 148558 27742 Seegrid DEBUG] CALLBACK: <bound method AxisPublisher._printData of <__main__.AxisPublisher object at 0x7f47bd956ba8>>
sideshift: -1.89533
[1767120395 168909 27742 Seegrid DEBUG] CALLBACK: <bound method AxisPublisher._printData of <__main__.AxisPublisher object at 0x7f47bd956ba8>>
sideshift: -1.89540
[1767120395 188976 27742 Seegrid DEBUG] CALLBACK: <bound method AxisPublisher._printData of <__main__.AxisPublisher object at 0x7f47bd956ba8>>
sideshift: -1.89518
[1767120395 211358 27742 Seegrid DEBUG] CALLBACK: <bound method AxisPublisher._printData of <__main__.AxisPublisher object at 0x7f47bd956ba8>>
sideshift: -1.89524
[1767120395 229046 27742 Seegrid DEBUG] CALLBACK: <bound method AxisPublisher._printData of <__main__.AxisPublisher object at 0x7f47bd956ba8>>
sideshift: -1.88503
[1767120395 249239 27742 Seegrid DEBUG] CALLBACK: <bound method AxisPublisher._printData of <__main__.AxisPublisher object at 0x7f47bd956ba8>>
sideshift: -1.88481
[1767120395 269795 27742 Seegrid DEBUG] CALLBACK: <bound method AxisPublisher._printData of <__main__.AxisPublisher object at 0x7f47bd956ba8>>
sideshift: -1.89521
[1767120395 289309 27742 Seegrid DEBUG] CALLBACK: <bound method AxisPublisher._printData of <__main__.AxisPublisher object at 0x7f47bd956ba8>>
sideshift: -1.89530
[1767120395 312449 27742 Seegrid DEBUG] CALLBACK: <bound method AxisPublisher._printData of <__main__.AxisPublisher object at 0x7f47bd956ba8>>
sideshift: -1.88510
[1767120395 329690 27742 Seegrid DEBUG] CALLBACK: <bound method AxisPublisher._printData of <__main__.AxisPublisher object at 0x7f47bd956ba8>>
sideshift: -1.89555
[1767120395 349534 27742 Seegrid DEBUG] CALLBACK: <bound method AxisPublisher._printData of <__main__.AxisPublisher object at 0x7f47bd956ba8>>
sideshift: -1.88575
[1767120395 369838 27742 Seegrid DEBUG] CALLBACK: <bound method AxisPublisher._printData of <__main__.AxisPublisher object at 0x7f47bd956ba8>>
sideshift: -1.89537
[1767120395 389753 27742 Seegrid DEBUG] CALLBACK: <bound method AxisPublisher._printData of <__main__.AxisPublisher object at 0x7f47bd956ba8>>
sideshift: -1.88527
[1767120395 410248 27742 Seegrid DEBUG] CALLBACK: <bound method AxisPublisher._printData of <__main__.AxisPublisher object at 0x7f47bd956ba8>>
sideshift: -1.89583
[1767120395 429828 27742 Seegrid DEBUG] CALLBACK: <bound method AxisPublisher._printData of <__main__.AxisPublisher object at 0x7f47bd956ba8>>
sideshift: -1.88578
[1767120395 451092 27742 Seegrid DEBUG] CALLBACK: <bound method AxisPublisher._printData of <__main__.AxisPublisher object at 0x7f47bd956ba8>>
sideshift: -1.89549
[1767120395 469928 27742 Seegrid DEBUG] CALLBACK: <bound method AxisPublisher._printData of <__main__.AxisPublisher object at 0x7f47bd956ba8>>
sideshift: -1.88535
[1767120395 490004 27742 Seegrid DEBUG] CALLBACK: <bound method AxisPublisher._printData of <__main__.AxisPublisher object at 0x7f47bd956ba8>>
sideshift: -1.88597
[1767120395 510056 27742 Seegrid DEBUG] CALLBACK: <bound method AxisPublisher._printData of <__main__.AxisPublisher object at 0x7f47bd956ba8>>
sideshift: -1.89534
[1767120395 530693 27742 Seegrid DEBUG] CALLBACK: <bound method AxisPublisher._printData of <__main__.AxisPublisher object at 0x7f47bd956ba8>>
sideshift: -1.88561
[1767120395 551182 27742 Seegrid DEBUG] CALLBACK: <bound method AxisPublisher._printData of <__main__.AxisPublisher object at 0x7f47bd956ba8>>
sideshift: -1.88544
[1767120395 570399 27742 Seegrid DEBUG] CALLBACK: <bound method AxisPublisher._printData of <__main__.AxisPublisher object at 0x7f47bd956ba8>>
sideshift: -1.88596
[1767120395 591103 27742 Seegrid DEBUG] CALLBACK: <bound method AxisPublisher._printData of <__main__.AxisPublisher object at 0x7f47bd956ba8>>
sideshift: -1.88584
[1767120395 610593 27742 Seegrid DEBUG] CALLBACK: <bound method AxisPublisher._printData of <__main__.AxisPublisher object at 0x7f47bd956ba8>>
sideshift: -1.89576
[1767120395 631191 27742 Seegrid DEBUG] CALLBACK: <bound method AxisPublisher._printData of <__main__.AxisPublisher object at 0x7f47bd956ba8>>
sideshift: -1.88553
[1767120395 650677 27742 Seegrid DEBUG] CALLBACK: <bound method AxisPublisher._printData of <__main__.AxisPublisher object at 0x7f47bd956ba8>>
sideshift: -1.88596
[1767120395 670747 27742 Seegrid DEBUG] CALLBACK: <bound method AxisPublisher._printData of <__main__.AxisPublisher object at 0x7f47bd956ba8>>
sideshift: -1.89549
[1767120395 691267 27742 Seegrid DEBUG] CALLBACK: <bound method AxisPublisher._printData of <__main__.AxisPublisher object at 0x7f47bd956ba8>>
sideshift: -1.89579
[1767120395 711116 27742 Seegrid DEBUG] CALLBACK: <bound method AxisPublisher._printData of <__main__.AxisPublisher object at 0x7f47bd956ba8>>
sideshift: -1.88564
[1767120395 731318 27742 Seegrid DEBUG] CALLBACK: <bound method AxisPublisher._printData of <__main__.AxisPublisher object at 0x7f47bd956ba8>>
sideshift: -1.89523
[1767120395 751112 27742 Seegrid DEBUG] CALLBACK: <bound method AxisPublisher._printData of <__main__.AxisPublisher object at 0x7f47bd956ba8>>
sideshift: -1.88578
[1767120395 771396 27742 Seegrid DEBUG] CALLBACK: <bound method AxisPublisher._printData of <__main__.AxisPublisher object at 0x7f47bd956ba8>>
sideshift: -1.87548
[1767120395 791273 27742 Seegrid DEBUG] CALLBACK: <bound method AxisPublisher._printData of <__main__.AxisPublisher object at 0x7f47bd956ba8>>
sideshift: -1.88551
[1767120395 811854 27742 Seegrid DEBUG] CALLBACK: <bound method AxisPublisher._printData of <__main__.AxisPublisher object at 0x7f47bd956ba8>>
sideshift: -1.89527
[1767120395 831812 27742 Seegrid DEBUG] CALLBACK: <bound method AxisPublisher._printData of <__main__.AxisPublisher object at 0x7f47bd956ba8>>
sideshift: -1.88581
[1767120395 852204 27742 Seegrid DEBUG] CALLBACK: <bound method AxisPublisher._printData of <__main__.AxisPublisher object at 0x7f47bd956ba8>>
sideshift: -1.88564
[1767120395 871773 27742 Seegrid DEBUG] CALLBACK: <bound method AxisPublisher._printData of <__main__.AxisPublisher object at 0x7f47bd956ba8>>
sideshift: -1.89612
[1767120395 891844 27742 Seegrid DEBUG] CALLBACK: <bound method AxisPublisher._printData of <__main__.AxisPublisher object at 0x7f47bd956ba8>>
sideshift: -1.88592
[1767120395 911894 27742 Seegrid DEBUG] CALLBACK: <bound method AxisPublisher._printData of <__main__.AxisPublisher object at 0x7f47bd956ba8>>
sideshift: -1.89551
[1767120395 931972 27742 Seegrid DEBUG] CALLBACK: <bound method AxisPublisher._printData of <__main__.AxisPublisher object at 0x7f47bd956ba8>>
sideshift: -1.88572
[1767120395 954971 27742 Seegrid DEBUG] CALLBACK: <bound method AxisPublisher._printData of <__main__.AxisPublisher object at 0x7f47bd956ba8>>
sideshift: -1.88561
[1767120395 973015 27742 Seegrid DEBUG] CALLBACK: <bound method AxisPublisher._printData of <__main__.AxisPublisher object at 0x7f47bd956ba8>>
sideshift: -1.88589
[1767120395 992346 27742 Seegrid DEBUG] CALLBACK: <bound method AxisPublisher._printData of <__main__.AxisPublisher object at 0x7f47bd956ba8>>
sideshift: -1.88574
[1767120396 012698 27742 Seegrid DEBUG] CALLBACK: <bound method AxisPublisher._printData of <__main__.AxisPublisher object at 0x7f47bd956ba8>>
sideshift: -1.89580
[1767120396 032542 27742 Seegrid DEBUG] CALLBACK: <bound method AxisPublisher._printData of <__main__.AxisPublisher object at 0x7f47bd956ba8>>
sideshift: -1.89591
[1767120396 054746 27742 Seegrid DEBUG] CALLBACK: <bound method AxisPublisher._printData of <__main__.AxisPublisher object at 0x7f47bd956ba8>>
sideshift: -1.90466
[1767120396 072716 27742 Seegrid DEBUG] CALLBACK: <bound method AxisPublisher._printData of <__main__.AxisPublisher object at 0x7f47bd956ba8>>
sideshift: -1.88558
[1767120396 093440 27742 Seegrid DEBUG] CALLBACK: <bound method AxisPublisher._printData of <__main__.AxisPublisher object at 0x7f47bd956ba8>>
Unhandled error in Deferred:

Traceback (most recent call last):
Failure: twisted.internet.error.ConnectionLost: Connection to the other side was lost in a non-clean fashion: Connection lost.

sideshift: -1.88529
[1767120396 115816 27742 Seegrid WARN ] Error reported: b'AMQP_RECEIVE_FAILED's Failed to receive a servo_axis.feedback.sideshift message:
[Failure instance: Traceback (failure with no frames): <class 'twisted.internet.error.ConnectionLost'>: Connection to the other side was lost in a non-clean fashion: Connection lost.
]
[1767120396 115816 27742 Seegrid WARN ] Error reported: b'AMQP_RECEIVE_FAILED's Failed to receive a servo_axis.feedback.sideshift message:
[Failure instance: Traceback (failure with no frames): <class 'twisted.internet.error.ConnectionLost'>: Connection to the other side was lost in a non-clean fashion: Connection lost.
]
[1767120396 116503 27742 Seegrid WARN ] AMQP connection was lost.
[1767120396 116595 27742 Seegrid DEBUG] Connection status changed to False.
[1767120396 116503 27742 Seegrid WARN ] AMQP connection was lost.
END
