Warning: Permanently added '10.0.0.2' (ECDSA) to the list of known hosts.
seegrid@10.0.0.2's password: fuzzyrobotcroaksdownhill

*************************************************
Starting log...
*************************************************
Software version number: 4.6.0.3359.gitd42372b
Vehicle name: 9332000109-cab-reach-1-200in
Vehicle ID: A1-003181
Machine ID: A1-003181
[1767120263  90990 1540 INFO] 1767120263.090909,-2.952756,3011.410242,3011.410540,0.035293,3011.410533,-50.000000,-0.000007,-50.035293,motion control,
[1767120263 203311 1540 INFO] 1767120263.203252,-2.952756,3011.444117,3011.446439,0.264569,3011.410533,-50.000000,-0.035906,-50.264569,motion control,
[1767120263 315611 1540 INFO] 1767120263.315549,-4.154596,3011.376368,3011.373603,-0.300178,3011.373649,-50.000000,0.000046,-49.699822,motion control,
[1767120263 427879 1540 INFO] 1767120263.427822,-6.645535,3009.242274,3009.102716,-14.653074,3009.104973,-50.000000,0.002257,-35.346926,motion control,
[1767120263 540211 1540 INFO] 1767120263.540141,-8.413840,3007.446924,3007.279441,-16.946289,3007.283102,-50.000000,0.003661,-33.053711,motion control,
[1767120263 652369 1540 INFO] 1767120263.652315,-10.330228,3005.177332,3004.981859,-19.311579,3004.984930,-50.000000,0.003071,-30.688421,motion control,
[1767120263 764513 1540 INFO] 1767120263.764449,0.000000,3001.993128,3001.720295,-26.344915,3001.721928,-26.344915,0.001633,0.000000,motion control,
[1767120263 876730 1540 INFO] 1767120263.876665,0.000000,3001.214014,3001.098302,-10.905824,3001.099022,-10.905824,0.000720,0.000000,motion control,
[1767120263 988954 1540 INFO] 1767120263.988889,0.000000,3001.214014,3001.199519,-1.387689,3001.199612,-1.387689,0.000093,0.000000,motion control,
[1767120264 101215 1540 INFO] 1767120264.101148,0.000000,3001.247889,3001.249472,0.141445,3001.249460,0.141445,-0.000012,0.000000,motion control,
[1767120264 213423 1540 INFO] 1767120264.213358,0.000000,3001.247889,3001.249511,0.141545,3001.249501,0.141545,-0.000010,0.000000,motion control,
[1767120264 325639 1540 INFO] 1767120264.325570,0.000000,3001.214014,3001.212118,-0.161314,3001.212126,-0.161314,0.000007,0.000000,ready,
[1767120264 437820 1540 INFO] 1767120264.437754,0.000000,3001.247889,3001.248853,0.080644,3001.248850,0.080644,-0.000003,0.000000,ready,
[1767120264 550056 1540 INFO] 1767120264.549989,0.000000,3001.247889,3001.248878,0.080644,3001.248874,0.080644,-0.000003,0.000000,ready,
[1767120264 662295 1540 INFO] 1767120264.662227,0.000000,3001.247889,3001.249410,0.121093,3001.249405,0.121093,-0.000005,0.000000,ready,
[1767120264 774545 1540 INFO] 1767120264.774481,0.000000,3001.214014,3001.211674,-0.181487,3001.211681,-0.181487,0.000007,0.000000,ready,
[1767120264 886838 1540 INFO] 1767120264.886774,0.000000,3001.214014,3001.211355,-0.201615,3001.211364,-0.201615,0.000008,0.000000,ready,
[1767120264 999139 1540 INFO] 1767120264.999045,0.000000,3001.214014,3001.212371,-0.121028,3001.212377,-0.121028,0.000006,0.000000,ready,
[1767120265 111606 1540 INFO] 1767120265.111533,0.000000,3001.247889,3001.251296,0.242100,3001.251286,0.242100,-0.000011,0.000000,ready,
[1767120265 224222 1540 INFO] 1767120265.224157,0.000000,3001.180140,3001.174471,-0.383255,3001.174487,-0.383255,0.000016,0.000000,ready,
[1767120265 336518 1540 INFO] 1767120265.336457,0.000000,3001.247889,3001.249720,0.121120,3001.249716,0.121120,-0.000005,0.000000,ready,
END
